{"/Users/yanchaodu/workspace/CheckUp/backend/src/app.controller.ts": {"path":"/Users/yanchaodu/workspace/CheckUp/backend/src/app.controller.ts","statementMap":{"0":{"start":{"line":1,"column":0},"end":{"line":1,"column":49}},"1":{"start":{"line":2,"column":0},"end":{"line":2,"column":43}},"2":{"start":{"line":5,"column":7},"end":{"line":12,"column":null}},"3":{"start":{"line":6,"column":31},"end":{"line":6,"column":43}},"4":{"start":{"line":10,"column":4},"end":{"line":10,"column":38}},"5":{"start":{"line":5,"column":13},"end":{"line":5,"column":26}},"6":{"start":{"line":9,"column":2},"end":{"line":11,"column":null}},"7":{"start":{"line":5,"column":13},"end":{"line":12,"column":null}}},"fnMap":{"0":{"name":"(anonymous_2)","decl":{"start":{"line":6,"column":2},"end":{"line":6,"column":31}},"loc":{"start":{"line":6,"column":53},"end":{"line":6,"column":57}}},"1":{"name":"(anonymous_3)","decl":{"start":{"line":9,"column":2},"end":{"line":9,"column":10}},"loc":{"start":{"line":9,"column":10},"end":{"line":11,"column":3}}}},"branchMap":{"0":{"loc":{"start":{"line":6,"column":43},"end":{"line":6,"column":56}},"type":"cond-expr","locations":[{"start":{"line":6,"column":53},"end":{"line":6,"column":56}},{"start":{"line":6,"column":53},"end":{"line":6,"column":56}}]},"1":{"loc":{"start":{"line":6,"column":43},"end":{"line":6,"column":53}},"type":"binary-expr","locations":[{"start":{"line":6,"column":43},"end":{"line":6,"column":56}},{"start":{"line":6,"column":43},"end":{"line":6,"column":53}}]}},"s":{"0":1,"1":1,"2":1,"3":1,"4":1,"5":1,"6":1,"7":1},"f":{"0":1,"1":1},"b":{"0":[1,0],"1":[1,1]}}
,"/Users/yanchaodu/workspace/CheckUp/backend/src/app.module.ts": {"path":"/Users/yanchaodu/workspace/CheckUp/backend/src/app.module.ts","statementMap":{"0":{"start":{"line":1,"column":0},"end":{"line":1,"column":40}},"1":{"start":{"line":2,"column":0},"end":{"line":2,"column":46}},"2":{"start":{"line":3,"column":0},"end":{"line":3,"column":49}},"3":{"start":{"line":4,"column":0},"end":{"line":4,"column":43}},"4":{"start":{"line":5,"column":0},"end":{"line":5,"column":54}},"5":{"start":{"line":6,"column":0},"end":{"line":6,"column":48}},"6":{"start":{"line":7,"column":0},"end":{"line":7,"column":69}},"7":{"start":{"line":8,"column":0},"end":{"line":8,"column":63}},"8":{"start":{"line":23,"column":7},"end":{"line":23,"column":null}},"9":{"start":{"line":23,"column":13},"end":{"line":23,"column":22}},"10":{"start":{"line":23,"column":13},"end":{"line":23,"column":null}}},"fnMap":{},"branchMap":{},"s":{"0":0,"1":0,"2":0,"3":0,"4":0,"5":0,"6":0,"7":0,"8":0,"9":0,"10":0},"f":{},"b":{}}
,"/Users/yanchaodu/workspace/CheckUp/backend/src/app.service.ts": {"path":"/Users/yanchaodu/workspace/CheckUp/backend/src/app.service.ts","statementMap":{"0":{"start":{"line":1,"column":0},"end":{"line":1,"column":44}},"1":{"start":{"line":4,"column":7},"end":{"line":8,"column":null}},"2":{"start":{"line":6,"column":4},"end":{"line":6,"column":26}},"3":{"start":{"line":4,"column":13},"end":{"line":4,"column":23}},"4":{"start":{"line":4,"column":13},"end":{"line":8,"column":null}}},"fnMap":{"0":{"name":"(anonymous_1)","decl":{"start":{"line":5,"column":2},"end":{"line":5,"column":10}},"loc":{"start":{"line":5,"column":10},"end":{"line":7,"column":3}}}},"branchMap":{},"s":{"0":1,"1":1,"2":1,"3":1,"4":1},"f":{"0":1},"b":{}}
,"/Users/yanchaodu/workspace/CheckUp/backend/src/main.ts": {"path":"/Users/yanchaodu/workspace/CheckUp/backend/src/main.ts","statementMap":{"0":{"start":{"line":1,"column":0},"end":{"line":1,"column":43}},"1":{"start":{"line":2,"column":0},"end":{"line":2,"column":48}},"2":{"start":{"line":3,"column":0},"end":{"line":3,"column":41}},"3":{"start":{"line":6,"column":14},"end":{"line":6,"column":49}},"4":{"start":{"line":9,"column":2},"end":{"line":12,"column":5}},"5":{"start":{"line":15,"column":2},"end":{"line":15,"column":28}},"6":{"start":{"line":18,"column":2},"end":{"line":23,"column":6}},"7":{"start":{"line":25,"column":15},"end":{"line":25,"column":39}},"8":{"start":{"line":26,"column":2},"end":{"line":26,"column":25}},"9":{"start":{"line":27,"column":2},"end":{"line":27,"column":75}},"10":{"start":{"line":29,"column":0},"end":{"line":29,"column":12}}},"fnMap":{"0":{"name":"bootstrap","decl":{"start":{"line":5,"column":15},"end":{"line":5,"column":24}},"loc":{"start":{"line":5,"column":24},"end":{"line":28,"column":1}}}},"branchMap":{"0":{"loc":{"start":{"line":10,"column":12},"end":{"line":10,"column":62}},"type":"binary-expr","locations":[{"start":{"line":10,"column":12},"end":{"line":10,"column":35}},{"start":{"line":10,"column":39},"end":{"line":10,"column":62}}]},"1":{"loc":{"start":{"line":25,"column":15},"end":{"line":25,"column":39}},"type":"binary-expr","locations":[{"start":{"line":25,"column":15},"end":{"line":25,"column":31}},{"start":{"line":25,"column":35},"end":{"line":25,"column":39}}]}},"s":{"0":0,"1":0,"2":0,"3":0,"4":0,"5":0,"6":0,"7":0,"8":0,"9":0,"10":0},"f":{"0":0},"b":{"0":[0,0],"1":[0,0]}}
,"/Users/yanchaodu/workspace/CheckUp/backend/src/approvals/approvals.controller.ts": {"path":"/Users/yanchaodu/workspace/CheckUp/backend/src/approvals/approvals.controller.ts","statementMap":{"0":{"start":{"line":1,"column":0},"end":{"line":1,"column":null}},"1":{"start":{"line":11,"column":0},"end":{"line":11,"column":55}},"2":{"start":{"line":12,"column":0},"end":{"line":12,"column":61}},"3":{"start":{"line":13,"column":0},"end":{"line":13,"column":72}},"4":{"start":{"line":14,"column":0},"end":{"line":14,"column":59}},"5":{"start":{"line":15,"column":0},"end":{"line":15,"column":77}},"6":{"start":{"line":19,"column":7},"end":{"line":65,"column":null}},"7":{"start":{"line":20,"column":22},"end":{"line":20,"column":40}},"8":{"start":{"line":28,"column":4},"end":{"line":30,"column":5}},"9":{"start":{"line":29,"column":6},"end":{"line":29,"column":70}},"10":{"start":{"line":31,"column":4},"end":{"line":36,"column":6}},"11":{"start":{"line":46,"column":4},"end":{"line":48,"column":5}},"12":{"start":{"line":47,"column":6},"end":{"line":47,"column":75}},"13":{"start":{"line":49,"column":4},"end":{"line":49,"column":80}},"14":{"start":{"line":59,"column":4},"end":{"line":61,"column":5}},"15":{"start":{"line":60,"column":6},"end":{"line":60,"column":74}},"16":{"start":{"line":63,"column":4},"end":{"line":63,"column":80}},"17":{"start":{"line":19,"column":13},"end":{"line":19,"column":32}},"18":{"start":{"line":24,"column":2},"end":{"line":37,"column":null}},"19":{"start":{"line":41,"column":2},"end":{"line":50,"column":null}},"20":{"start":{"line":54,"column":2},"end":{"line":64,"column":null}},"21":{"start":{"line":19,"column":13},"end":{"line":65,"column":null}}},"fnMap":{"0":{"name":"(anonymous_4)","decl":{"start":{"line":20,"column":2},"end":{"line":20,"column":22}},"loc":{"start":{"line":20,"column":56},"end":{"line":20,"column":60}}},"1":{"name":"(anonymous_5)","decl":{"start":{"line":24,"column":2},"end":{"line":24,"column":22}},"loc":{"start":{"line":26,"column":36},"end":{"line":37,"column":3}}},"2":{"name":"(anonymous_6)","decl":{"start":{"line":41,"column":2},"end":{"line":41,"column":9}},"loc":{"start":{"line":44,"column":27},"end":{"line":50,"column":3}}},"3":{"name":"(anonymous_7)","decl":{"start":{"line":54,"column":2},"end":{"line":54,"column":8}},"loc":{"start":{"line":57,"column":26},"end":{"line":64,"column":3}}}},"branchMap":{"0":{"loc":{"start":{"line":28,"column":4},"end":{"line":30,"column":5}},"type":"if","locations":[{"start":{"line":28,"column":4},"end":{"line":30,"column":5}},{"start":{},"end":{}}]},"1":{"loc":{"start":{"line":46,"column":4},"end":{"line":48,"column":5}},"type":"if","locations":[{"start":{"line":46,"column":4},"end":{"line":48,"column":5}},{"start":{},"end":{}}]},"2":{"loc":{"start":{"line":59,"column":4},"end":{"line":61,"column":5}},"type":"if","locations":[{"start":{"line":59,"column":4},"end":{"line":61,"column":5}},{"start":{},"end":{}}]},"3":{"loc":{"start":{"line":26,"column":20},"end":{"line":26,"column":null}},"type":"cond-expr","locations":[{"start":{"line":26,"column":36},"end":{"line":26,"column":null}},{"start":{"line":26,"column":36},"end":{"line":26,"column":null}}]},"4":{"loc":{"start":{"line":26,"column":20},"end":{"line":26,"column":36}},"type":"binary-expr","locations":[{"start":{"line":26,"column":20},"end":{"line":26,"column":null}},{"start":{"line":26,"column":20},"end":{"line":26,"column":36}}]},"5":{"loc":{"start":{"line":44,"column":17},"end":{"line":44,"column":null}},"type":"cond-expr","locations":[{"start":{"line":44,"column":27},"end":{"line":44,"column":null}},{"start":{"line":44,"column":27},"end":{"line":44,"column":null}}]},"6":{"loc":{"start":{"line":44,"column":17},"end":{"line":44,"column":27}},"type":"binary-expr","locations":[{"start":{"line":44,"column":17},"end":{"line":44,"column":null}},{"start":{"line":44,"column":17},"end":{"line":44,"column":27}}]},"7":{"loc":{"start":{"line":57,"column":17},"end":{"line":57,"column":null}},"type":"cond-expr","locations":[{"start":{"line":57,"column":26},"end":{"line":57,"column":null}},{"start":{"line":57,"column":26},"end":{"line":57,"column":null}}]},"8":{"loc":{"start":{"line":57,"column":17},"end":{"line":57,"column":26}},"type":"binary-expr","locations":[{"start":{"line":57,"column":17},"end":{"line":57,"column":null}},{"start":{"line":57,"column":17},"end":{"line":57,"column":26}}]},"9":{"loc":{"start":{"line":20,"column":40},"end":{"line":20,"column":59}},"type":"cond-expr","locations":[{"start":{"line":20,"column":56},"end":{"line":20,"column":59}},{"start":{"line":20,"column":56},"end":{"line":20,"column":59}}]},"10":{"loc":{"start":{"line":20,"column":40},"end":{"line":20,"column":56}},"type":"binary-expr","locations":[{"start":{"line":20,"column":40},"end":{"line":20,"column":59}},{"start":{"line":20,"column":40},"end":{"line":20,"column":56}}]}},"s":{"0":1,"1":1,"2":1,"3":1,"4":1,"5":1,"6":1,"7":8,"8":3,"9":0,"10":3,"11":2,"12":0,"13":2,"14":2,"15":0,"16":2,"17":1,"18":1,"19":1,"20":1,"21":1},"f":{"0":8,"1":3,"2":2,"3":2},"b":{"0":[0,3],"1":[0,2],"2":[0,2],"3":[1,0],"4":[1,1],"5":[1,0],"6":[1,1],"7":[1,0],"8":[1,1],"9":[1,0],"10":[1,1]}}
,"/Users/yanchaodu/workspace/CheckUp/backend/src/approvals/approvals.module.ts": {"path":"/Users/yanchaodu/workspace/CheckUp/backend/src/approvals/approvals.module.ts","statementMap":{"0":{"start":{"line":1,"column":0},"end":{"line":1,"column":40}},"1":{"start":{"line":2,"column":0},"end":{"line":2,"column":61}},"2":{"start":{"line":3,"column":0},"end":{"line":3,"column":55}},"3":{"start":{"line":4,"column":0},"end":{"line":4,"column":55}},"4":{"start":{"line":11,"column":7},"end":{"line":11,"column":null}},"5":{"start":{"line":11,"column":13},"end":{"line":11,"column":28}},"6":{"start":{"line":11,"column":13},"end":{"line":11,"column":null}}},"fnMap":{},"branchMap":{},"s":{"0":0,"1":0,"2":0,"3":0,"4":0,"5":0,"6":0},"f":{},"b":{}}
,"/Users/yanchaodu/workspace/CheckUp/backend/src/approvals/approvals.service.ts": {"path":"/Users/yanchaodu/workspace/CheckUp/backend/src/approvals/approvals.service.ts","statementMap":{"0":{"start":{"line":1,"column":0},"end":{"line":1,"column":83}},"1":{"start":{"line":2,"column":0},"end":{"line":2,"column":57}},"2":{"start":{"line":5,"column":7},"end":{"line":148,"column":null}},"3":{"start":{"line":6,"column":22},"end":{"line":6,"column":30}},"4":{"start":{"line":9,"column":17},"end":{"line":9,"column":39}},"5":{"start":{"line":10,"column":18},"end":{"line":10,"column":42}},"6":{"start":{"line":12,"column":23},"end":{"line":15,"column":6}},"7":{"start":{"line":17,"column":4},"end":{"line":19,"column":5}},"8":{"start":{"line":18,"column":6},"end":{"line":18,"column":32}},"9":{"start":{"line":21,"column":33},"end":{"line":32,"column":6}},"10":{"start":{"line":34,"column":4},"end":{"line":44,"column":6}},"11":{"start":{"line":35,"column":33},"end":{"line":35,"column":57}},"12":{"start":{"line":48,"column":23},"end":{"line":48,"column":88}},"13":{"start":{"line":50,"column":4},"end":{"line":52,"column":5}},"14":{"start":{"line":51,"column":6},"end":{"line":51,"column":58}},"15":{"start":{"line":54,"column":4},"end":{"line":56,"column":5}},"16":{"start":{"line":55,"column":6},"end":{"line":55,"column":52}},"17":{"start":{"line":58,"column":4},"end":{"line":60,"column":5}},"18":{"start":{"line":59,"column":6},"end":{"line":59,"column":73}},"19":{"start":{"line":62,"column":20},"end":{"line":74,"column":6}},"20":{"start":{"line":77,"column":4},"end":{"line":84,"column":7}},"21":{"start":{"line":86,"column":4},"end":{"line":86,"column":42}},"22":{"start":{"line":90,"column":23},"end":{"line":90,"column":88}},"23":{"start":{"line":92,"column":4},"end":{"line":94,"column":5}},"24":{"start":{"line":93,"column":6},"end":{"line":93,"column":58}},"25":{"start":{"line":96,"column":4},"end":{"line":98,"column":5}},"26":{"start":{"line":97,"column":6},"end":{"line":97,"column":52}},"27":{"start":{"line":100,"column":4},"end":{"line":102,"column":5}},"28":{"start":{"line":101,"column":6},"end":{"line":101,"column":73}},"29":{"start":{"line":104,"column":20},"end":{"line":113,"column":6}},"30":{"start":{"line":116,"column":4},"end":{"line":123,"column":7}},"31":{"start":{"line":125,"column":4},"end":{"line":125,"column":42}},"32":{"start":{"line":129,"column":4},"end":{"line":146,"column":6}},"33":{"start":{"line":5,"column":13},"end":{"line":5,"column":29}},"34":{"start":{"line":5,"column":13},"end":{"line":148,"column":null}}},"fnMap":{"0":{"name":"(anonymous_2)","decl":{"start":{"line":6,"column":2},"end":{"line":6,"column":22}},"loc":{"start":{"line":6,"column":43},"end":{"line":6,"column":47}}},"1":{"name":"(anonymous_3)","decl":{"start":{"line":8,"column":2},"end":{"line":8,"column":7}},"loc":{"start":{"line":8,"column":105},"end":{"line":45,"column":3}}},"2":{"name":"(anonymous_4)","decl":{"start":{"line":35,"column":28},"end":{"line":35,"column":29}},"loc":{"start":{"line":35,"column":33},"end":{"line":35,"column":57}}},"3":{"name":"(anonymous_5)","decl":{"start":{"line":47,"column":2},"end":{"line":47,"column":7}},"loc":{"start":{"line":47,"column":78},"end":{"line":87,"column":3}}},"4":{"name":"(anonymous_6)","decl":{"start":{"line":89,"column":2},"end":{"line":89,"column":7}},"loc":{"start":{"line":89,"column":77},"end":{"line":126,"column":3}}},"5":{"name":"(anonymous_7)","decl":{"start":{"line":128,"column":10},"end":{"line":128,"column":26}},"loc":{"start":{"line":128,"column":42},"end":{"line":147,"column":3}}}},"branchMap":{"0":{"loc":{"start":{"line":9,"column":17},"end":{"line":9,"column":39}},"type":"binary-expr","locations":[{"start":{"line":9,"column":17},"end":{"line":9,"column":34}},{"start":{"line":9,"column":38},"end":{"line":9,"column":39}}]},"1":{"loc":{"start":{"line":10,"column":18},"end":{"line":10,"column":42}},"type":"binary-expr","locations":[{"start":{"line":10,"column":18},"end":{"line":10,"column":36}},{"start":{"line":10,"column":40},"end":{"line":10,"column":42}}]},"2":{"loc":{"start":{"line":17,"column":4},"end":{"line":19,"column":5}},"type":"if","locations":[{"start":{"line":17,"column":4},"end":{"line":19,"column":5}},{"start":{},"end":{}}]},"3":{"loc":{"start":{"line":50,"column":4},"end":{"line":52,"column":5}},"type":"if","locations":[{"start":{"line":50,"column":4},"end":{"line":52,"column":5}},{"start":{},"end":{}}]},"4":{"loc":{"start":{"line":54,"column":4},"end":{"line":56,"column":5}},"type":"if","locations":[{"start":{"line":54,"column":4},"end":{"line":56,"column":5}},{"start":{},"end":{}}]},"5":{"loc":{"start":{"line":58,"column":4},"end":{"line":60,"column":5}},"type":"if","locations":[{"start":{"line":58,"column":4},"end":{"line":60,"column":5}},{"start":{},"end":{}}]},"6":{"loc":{"start":{"line":92,"column":4},"end":{"line":94,"column":5}},"type":"if","locations":[{"start":{"line":92,"column":4},"end":{"line":94,"column":5}},{"start":{},"end":{}}]},"7":{"loc":{"start":{"line":96,"column":4},"end":{"line":98,"column":5}},"type":"if","locations":[{"start":{"line":96,"column":4},"end":{"line":98,"column":5}},{"start":{},"end":{}}]},"8":{"loc":{"start":{"line":100,"column":4},"end":{"line":102,"column":5}},"type":"if","locations":[{"start":{"line":100,"column":4},"end":{"line":102,"column":5}},{"start":{},"end":{}}]},"9":{"loc":{"start":{"line":6,"column":30},"end":{"line":6,"column":46}},"type":"cond-expr","locations":[{"start":{"line":6,"column":43},"end":{"line":6,"column":46}},{"start":{"line":6,"column":43},"end":{"line":6,"column":46}}]},"10":{"loc":{"start":{"line":6,"column":30},"end":{"line":6,"column":43}},"type":"binary-expr","locations":[{"start":{"line":6,"column":30},"end":{"line":6,"column":46}},{"start":{"line":6,"column":30},"end":{"line":6,"column":43}}]}},"s":{"0":2,"1":2,"2":2,"3":12,"4":3,"5":3,"6":3,"7":3,"8":1,"9":3,"10":3,"11":3,"12":5,"13":5,"14":1,"15":4,"16":1,"17":3,"18":1,"19":2,"20":2,"21":2,"22":3,"23":3,"24":1,"25":2,"26":0,"27":2,"28":0,"29":2,"30":2,"31":2,"32":7,"33":2,"34":2},"f":{"0":12,"1":3,"2":3,"3":5,"4":3,"5":7},"b":{"0":[3,2],"1":[3,2],"2":[1,2],"3":[1,4],"4":[1,3],"5":[1,2],"6":[1,2],"7":[0,2],"8":[0,2],"9":[2,0],"10":[2,2]}}
,"/Users/yanchaodu/workspace/CheckUp/backend/src/approvals/dto/approval.dto.ts": {"path":"/Users/yanchaodu/workspace/CheckUp/backend/src/approvals/dto/approval.dto.ts","statementMap":{"0":{"start":{"line":1,"column":0},"end":{"line":1,"column":46}},"1":{"start":{"line":2,"column":0},"end":{"line":2,"column":79}},"2":{"start":{"line":4,"column":0},"end":{"line":4,"column":13}},"3":{"start":{"line":7,"column":2},"end":{"line":7,"column":null}},"4":{"start":{"line":13,"column":2},"end":{"line":13,"column":null}},"5":{"start":{"line":10,"column":28},"end":{"line":10,"column":47}},"6":{"start":{"line":19,"column":2},"end":{"line":19,"column":null}},"7":{"start":{"line":16,"column":28},"end":{"line":16,"column":47}},"8":{"start":{"line":22,"column":0},"end":{"line":22,"column":13}},"9":{"start":{"line":25,"column":2},"end":{"line":25,"column":null}},"10":{"start":{"line":28,"column":0},"end":{"line":28,"column":13}},"11":{"start":{"line":31,"column":2},"end":{"line":31,"column":null}}},"fnMap":{"0":{"name":"(anonymous_2)","decl":{"start":{"line":10,"column":13},"end":{"line":10,"column":14}},"loc":{"start":{"line":10,"column":28},"end":{"line":10,"column":47}}},"1":{"name":"(anonymous_3)","decl":{"start":{"line":16,"column":13},"end":{"line":16,"column":14}},"loc":{"start":{"line":16,"column":28},"end":{"line":16,"column":47}}}},"branchMap":{},"s":{"0":1,"1":1,"2":1,"3":1,"4":1,"5":0,"6":1,"7":0,"8":1,"9":1,"10":1,"11":1},"f":{"0":0,"1":0},"b":{}}
,"/Users/yanchaodu/workspace/CheckUp/backend/src/auth/auth.controller.ts": {"path":"/Users/yanchaodu/workspace/CheckUp/backend/src/auth/auth.controller.ts","statementMap":{"0":{"start":{"line":1,"column":0},"end":{"line":1,"column":72}},"1":{"start":{"line":2,"column":0},"end":{"line":2,"column":45}},"2":{"start":{"line":3,"column":0},"end":{"line":3,"column":43}},"3":{"start":{"line":4,"column":0},"end":{"line":4,"column":55}},"4":{"start":{"line":5,"column":0},"end":{"line":5,"column":66}},"5":{"start":{"line":8,"column":7},"end":{"line":27,"column":null}},"6":{"start":{"line":9,"column":22},"end":{"line":9,"column":35}},"7":{"start":{"line":13,"column":4},"end":{"line":13,"column":44}},"8":{"start":{"line":19,"column":4},"end":{"line":19,"column":50}},"9":{"start":{"line":25,"column":4},"end":{"line":25,"column":16}},"10":{"start":{"line":8,"column":13},"end":{"line":8,"column":27}},"11":{"start":{"line":12,"column":8},"end":{"line":14,"column":null}},"12":{"start":{"line":18,"column":8},"end":{"line":20,"column":null}},"13":{"start":{"line":24,"column":8},"end":{"line":26,"column":null}},"14":{"start":{"line":8,"column":13},"end":{"line":27,"column":null}}},"fnMap":{"0":{"name":"(anonymous_4)","decl":{"start":{"line":9,"column":2},"end":{"line":9,"column":22}},"loc":{"start":{"line":9,"column":46},"end":{"line":9,"column":50}}},"1":{"name":"(anonymous_5)","decl":{"start":{"line":12,"column":8},"end":{"line":12,"column":13}},"loc":{"start":{"line":12,"column":40},"end":{"line":14,"column":3}}},"2":{"name":"(anonymous_6)","decl":{"start":{"line":18,"column":8},"end":{"line":18,"column":14}},"loc":{"start":{"line":18,"column":14},"end":{"line":20,"column":3}}},"3":{"name":"(anonymous_7)","decl":{"start":{"line":24,"column":8},"end":{"line":24,"column":13}},"loc":{"start":{"line":24,"column":38},"end":{"line":26,"column":3}}}},"branchMap":{"0":{"loc":{"start":{"line":12,"column":32},"end":{"line":12,"column":null}},"type":"cond-expr","locations":[{"start":{"line":12,"column":40},"end":{"line":12,"column":null}},{"start":{"line":12,"column":40},"end":{"line":12,"column":null}}]},"1":{"loc":{"start":{"line":12,"column":32},"end":{"line":12,"column":40}},"type":"binary-expr","locations":[{"start":{"line":12,"column":32},"end":{"line":12,"column":null}},{"start":{"line":12,"column":32},"end":{"line":12,"column":40}}]},"2":{"loc":{"start":{"line":9,"column":35},"end":{"line":9,"column":49}},"type":"cond-expr","locations":[{"start":{"line":9,"column":46},"end":{"line":9,"column":49}},{"start":{"line":9,"column":46},"end":{"line":9,"column":49}}]},"3":{"loc":{"start":{"line":9,"column":35},"end":{"line":9,"column":46}},"type":"binary-expr","locations":[{"start":{"line":9,"column":35},"end":{"line":9,"column":49}},{"start":{"line":9,"column":35},"end":{"line":9,"column":46}}]}},"s":{"0":1,"1":1,"2":1,"3":1,"4":1,"5":1,"6":11,"7":7,"8":2,"9":3,"10":1,"11":1,"12":1,"13":1,"14":1},"f":{"0":11,"1":7,"2":2,"3":3},"b":{"0":[1,0],"1":[1,1],"2":[1,0],"3":[1,1]}}
,"/Users/yanchaodu/workspace/CheckUp/backend/src/auth/auth.module.ts": {"path":"/Users/yanchaodu/workspace/CheckUp/backend/src/auth/auth.module.ts","statementMap":{"0":{"start":{"line":1,"column":0},"end":{"line":1,"column":40}},"1":{"start":{"line":2,"column":0},"end":{"line":2,"column":46}},"2":{"start":{"line":3,"column":0},"end":{"line":3,"column":40}},"3":{"start":{"line":4,"column":0},"end":{"line":4,"column":50}},"4":{"start":{"line":5,"column":0},"end":{"line":5,"column":45}},"5":{"start":{"line":6,"column":0},"end":{"line":6,"column":51}},"6":{"start":{"line":7,"column":0},"end":{"line":7,"column":56}},"7":{"start":{"line":8,"column":0},"end":{"line":8,"column":55}},"8":{"start":{"line":24,"column":7},"end":{"line":24,"column":null}},"9":{"start":{"line":24,"column":13},"end":{"line":24,"column":23}},"10":{"start":{"line":24,"column":13},"end":{"line":24,"column":null}}},"fnMap":{},"branchMap":{"0":{"loc":{"start":{"line":16,"column":14},"end":{"line":16,"column":57}},"type":"binary-expr","locations":[{"start":{"line":16,"column":14},"end":{"line":16,"column":36}},{"start":{"line":16,"column":40},"end":{"line":16,"column":57}}]}},"s":{"0":0,"1":0,"2":0,"3":0,"4":0,"5":0,"6":0,"7":0,"8":0,"9":0,"10":0},"f":{},"b":{"0":[0,0]}}
,"/Users/yanchaodu/workspace/CheckUp/backend/src/auth/auth.service.ts": {"path":"/Users/yanchaodu/workspace/CheckUp/backend/src/auth/auth.service.ts","statementMap":{"0":{"start":{"line":1,"column":0},"end":{"line":1,"column":67}},"1":{"start":{"line":2,"column":0},"end":{"line":2,"column":41}},"2":{"start":{"line":3,"column":0},"end":{"line":3,"column":57}},"3":{"start":{"line":4,"column":0},"end":{"line":4,"column":33}},"4":{"start":{"line":8,"column":7},"end":{"line":84,"column":null}},"5":{"start":{"line":10,"column":12},"end":{"line":10,"column":20}},"6":{"start":{"line":11,"column":12},"end":{"line":11,"column":24}},"7":{"start":{"line":15,"column":17},"end":{"line":18,"column":6}},"8":{"start":{"line":20,"column":4},"end":{"line":22,"column":5}},"9":{"start":{"line":21,"column":6},"end":{"line":21,"column":61}},"10":{"start":{"line":24,"column":28},"end":{"line":26,"column":null}},"11":{"start":{"line":29,"column":4},"end":{"line":31,"column":5}},"12":{"start":{"line":30,"column":6},"end":{"line":30,"column":61}},"13":{"start":{"line":33,"column":4},"end":{"line":35,"column":5}},"14":{"start":{"line":34,"column":6},"end":{"line":34,"column":61}},"15":{"start":{"line":38,"column":4},"end":{"line":41,"column":7}},"16":{"start":{"line":43,"column":20},"end":{"line":48,"column":6}},"17":{"start":{"line":50,"column":18},"end":{"line":50,"column":47}},"18":{"start":{"line":52,"column":4},"end":{"line":62,"column":6}},"19":{"start":{"line":66,"column":17},"end":{"line":69,"column":6}},"20":{"start":{"line":71,"column":4},"end":{"line":73,"column":5}},"21":{"start":{"line":72,"column":6},"end":{"line":72,"column":18}},"22":{"start":{"line":75,"column":4},"end":{"line":82,"column":6}},"23":{"start":{"line":8,"column":13},"end":{"line":8,"column":24}},"24":{"start":{"line":8,"column":13},"end":{"line":84,"column":null}}},"fnMap":{"0":{"name":"(anonymous_11)","decl":{"start":{"line":9,"column":2},"end":{"line":9,"column":null}},"loc":{"start":{"line":11,"column":34},"end":{"line":12,"column":6}}},"1":{"name":"(anonymous_12)","decl":{"start":{"line":14,"column":2},"end":{"line":14,"column":7}},"loc":{"start":{"line":14,"column":32},"end":{"line":63,"column":3}}},"2":{"name":"(anonymous_13)","decl":{"start":{"line":65,"column":2},"end":{"line":65,"column":7}},"loc":{"start":{"line":65,"column":35},"end":{"line":83,"column":3}}}},"branchMap":{"0":{"loc":{"start":{"line":20,"column":4},"end":{"line":22,"column":5}},"type":"if","locations":[{"start":{"line":20,"column":4},"end":{"line":22,"column":5}},{"start":{},"end":{}}]},"1":{"loc":{"start":{"line":29,"column":4},"end":{"line":31,"column":5}},"type":"if","locations":[{"start":{"line":29,"column":4},"end":{"line":31,"column":5}},{"start":{},"end":{}}]},"2":{"loc":{"start":{"line":33,"column":4},"end":{"line":35,"column":5}},"type":"if","locations":[{"start":{"line":33,"column":4},"end":{"line":35,"column":5}},{"start":{},"end":{}}]},"3":{"loc":{"start":{"line":71,"column":4},"end":{"line":73,"column":5}},"type":"if","locations":[{"start":{"line":71,"column":4},"end":{"line":73,"column":5}},{"start":{},"end":{}}]},"4":{"loc":{"start":{"line":71,"column":8},"end":{"line":71,"column":41}},"type":"binary-expr","locations":[{"start":{"line":71,"column":8},"end":{"line":71,"column":13}},{"start":{"line":71,"column":17},"end":{"line":71,"column":41}}]},"5":{"loc":{"start":{"line":10,"column":20},"end":{"line":10,"column":null}},"type":"cond-expr","locations":[{"start":{"line":10,"column":33},"end":{"line":10,"column":null}},{"start":{"line":10,"column":33},"end":{"line":10,"column":null}}]},"6":{"loc":{"start":{"line":10,"column":20},"end":{"line":10,"column":33}},"type":"binary-expr","locations":[{"start":{"line":10,"column":20},"end":{"line":10,"column":null}},{"start":{"line":10,"column":20},"end":{"line":10,"column":33}}]},"7":{"loc":{"start":{"line":10,"column":33},"end":{"line":11,"column":null}},"type":"cond-expr","locations":[{"start":{"line":11,"column":34},"end":{"line":11,"column":null}},{"start":{"line":11,"column":34},"end":{"line":11,"column":null}}]},"8":{"loc":{"start":{"line":10,"column":33},"end":{"line":11,"column":34}},"type":"binary-expr","locations":[{"start":{"line":10,"column":33},"end":{"line":11,"column":null}},{"start":{"line":11,"column":24},"end":{"line":11,"column":34}}]}},"s":{"0":2,"1":2,"2":2,"3":2,"4":2,"5":12,"6":12,"7":11,"8":10,"9":2,"10":8,"11":7,"12":2,"13":5,"14":2,"15":3,"16":3,"17":3,"18":2,"19":3,"20":3,"21":2,"22":1,"23":2,"24":2},"f":{"0":12,"1":11,"2":3},"b":{"0":[2,8],"1":[2,5],"2":[2,3],"3":[2,1],"4":[3,2],"5":[2,0],"6":[2,2],"7":[2,0],"8":[2,2]}}
,"/Users/yanchaodu/workspace/CheckUp/backend/src/auth/decorators/current-user.decorator.ts": {"path":"/Users/yanchaodu/workspace/CheckUp/backend/src/auth/decorators/current-user.decorator.ts","statementMap":{"0":{"start":{"line":1,"column":0},"end":{"line":1,"column":72}},"1":{"start":{"line":3,"column":13},"end":{"line":8,"column":2}},"2":{"start":{"line":5,"column":20},"end":{"line":5,"column":51}},"3":{"start":{"line":6,"column":4},"end":{"line":6,"column":24}}},"fnMap":{"0":{"name":"(anonymous_0)","decl":{"start":{"line":4,"column":2},"end":{"line":4,"column":3}},"loc":{"start":{"line":4,"column":43},"end":{"line":7,"column":3}}}},"branchMap":{},"s":{"0":3,"1":3,"2":0,"3":0},"f":{"0":0},"b":{}}
,"/Users/yanchaodu/workspace/CheckUp/backend/src/auth/decorators/roles.decorator.ts": {"path":"/Users/yanchaodu/workspace/CheckUp/backend/src/auth/decorators/roles.decorator.ts","statementMap":{"0":{"start":{"line":1,"column":0},"end":{"line":1,"column":45}},"1":{"start":{"line":3,"column":21},"end":{"line":3,"column":72}},"2":{"start":{"line":3,"column":45},"end":{"line":3,"column":72}},"3":{"start":{"line":3,"column":13},"end":{"line":3,"column":21}}},"fnMap":{"0":{"name":"(anonymous_0)","decl":{"start":{"line":3,"column":21},"end":{"line":3,"column":22}},"loc":{"start":{"line":3,"column":45},"end":{"line":3,"column":72}}}},"branchMap":{},"s":{"0":1,"1":1,"2":3,"3":1},"f":{"0":3},"b":{}}
,"/Users/yanchaodu/workspace/CheckUp/backend/src/auth/dto/login.dto.ts": {"path":"/Users/yanchaodu/workspace/CheckUp/backend/src/auth/dto/login.dto.ts","statementMap":{"0":{"start":{"line":1,"column":0},"end":{"line":1,"column":64}},"1":{"start":{"line":3,"column":0},"end":{"line":3,"column":13}},"2":{"start":{"line":6,"column":2},"end":{"line":6,"column":null}},"3":{"start":{"line":10,"column":2},"end":{"line":10,"column":null}},"4":{"start":{"line":13,"column":0},"end":{"line":13,"column":13}}},"fnMap":{},"branchMap":{},"s":{"0":1,"1":1,"2":1,"3":1,"4":1},"f":{},"b":{}}
,"/Users/yanchaodu/workspace/CheckUp/backend/src/auth/guards/jwt-auth.guard.ts": {"path":"/Users/yanchaodu/workspace/CheckUp/backend/src/auth/guards/jwt-auth.guard.ts","statementMap":{"0":{"start":{"line":1,"column":0},"end":{"line":1,"column":44}},"1":{"start":{"line":2,"column":0},"end":{"line":2,"column":45}},"2":{"start":{"line":5,"column":7},"end":{"line":5,"column":null}},"3":{"start":{"line":5,"column":13},"end":{"line":5,"column":25}},"4":{"start":{"line":5,"column":13},"end":{"line":5,"column":null}}},"fnMap":{},"branchMap":{},"s":{"0":3,"1":3,"2":3,"3":3,"4":3},"f":{},"b":{}}
,"/Users/yanchaodu/workspace/CheckUp/backend/src/auth/guards/roles.guard.ts": {"path":"/Users/yanchaodu/workspace/CheckUp/backend/src/auth/guards/roles.guard.ts","statementMap":{"0":{"start":{"line":1,"column":0},"end":{"line":1,"column":75}},"1":{"start":{"line":2,"column":0},"end":{"line":2,"column":41}},"2":{"start":{"line":5,"column":7},"end":{"line":23,"column":null}},"3":{"start":{"line":6,"column":22},"end":{"line":6,"column":33}},"4":{"start":{"line":9,"column":26},"end":{"line":12,"column":6}},"5":{"start":{"line":14,"column":4},"end":{"line":16,"column":5}},"6":{"start":{"line":15,"column":6},"end":{"line":15,"column":18}},"7":{"start":{"line":18,"column":20},"end":{"line":18,"column":55}},"8":{"start":{"line":19,"column":17},"end":{"line":19,"column":29}},"9":{"start":{"line":21,"column":4},"end":{"line":21,"column":61}},"10":{"start":{"line":21,"column":40},"end":{"line":21,"column":59}},"11":{"start":{"line":5,"column":13},"end":{"line":5,"column":23}},"12":{"start":{"line":5,"column":13},"end":{"line":23,"column":null}}},"fnMap":{"0":{"name":"(anonymous_2)","decl":{"start":{"line":6,"column":2},"end":{"line":6,"column":22}},"loc":{"start":{"line":6,"column":42},"end":{"line":6,"column":46}}},"1":{"name":"(anonymous_3)","decl":{"start":{"line":8,"column":2},"end":{"line":8,"column":13}},"loc":{"start":{"line":8,"column":39},"end":{"line":22,"column":3}}},"2":{"name":"(anonymous_4)","decl":{"start":{"line":21,"column":30},"end":{"line":21,"column":31}},"loc":{"start":{"line":21,"column":40},"end":{"line":21,"column":59}}}},"branchMap":{"0":{"loc":{"start":{"line":14,"column":4},"end":{"line":16,"column":5}},"type":"if","locations":[{"start":{"line":14,"column":4},"end":{"line":16,"column":5}},{"start":{},"end":{}}]},"1":{"loc":{"start":{"line":6,"column":33},"end":{"line":6,"column":45}},"type":"cond-expr","locations":[{"start":{"line":6,"column":42},"end":{"line":6,"column":45}},{"start":{"line":6,"column":42},"end":{"line":6,"column":45}}]},"2":{"loc":{"start":{"line":6,"column":33},"end":{"line":6,"column":42}},"type":"binary-expr","locations":[{"start":{"line":6,"column":33},"end":{"line":6,"column":45}},{"start":{"line":6,"column":33},"end":{"line":6,"column":42}}]}},"s":{"0":0,"1":0,"2":0,"3":0,"4":0,"5":0,"6":0,"7":0,"8":0,"9":0,"10":0,"11":0,"12":0},"f":{"0":0,"1":0,"2":0},"b":{"0":[0,0],"1":[0,0],"2":[0,0]}}
,"/Users/yanchaodu/workspace/CheckUp/backend/src/auth/strategies/jwt.strategy.ts": {"path":"/Users/yanchaodu/workspace/CheckUp/backend/src/auth/strategies/jwt.strategy.ts","statementMap":{"0":{"start":{"line":1,"column":0},"end":{"line":1,"column":44}},"1":{"start":{"line":2,"column":0},"end":{"line":2,"column":52}},"2":{"start":{"line":3,"column":0},"end":{"line":3,"column":52}},"3":{"start":{"line":4,"column":0},"end":{"line":4,"column":46}},"4":{"start":{"line":7,"column":7},"end":{"line":20,"column":null}},"5":{"start":{"line":9,"column":4},"end":{"line":13,"column":7}},"6":{"start":{"line":8,"column":22},"end":{"line":8,"column":35}},"7":{"start":{"line":17,"column":17},"end":{"line":17,"column":65}},"8":{"start":{"line":18,"column":4},"end":{"line":18,"column":16}},"9":{"start":{"line":7,"column":13},"end":{"line":7,"column":24}},"10":{"start":{"line":7,"column":13},"end":{"line":20,"column":null}}},"fnMap":{"0":{"name":"(anonymous_2)","decl":{"start":{"line":8,"column":2},"end":{"line":8,"column":22}},"loc":{"start":{"line":8,"column":46},"end":{"line":14,"column":3}}},"1":{"name":"(anonymous_3)","decl":{"start":{"line":16,"column":2},"end":{"line":16,"column":7}},"loc":{"start":{"line":16,"column":29},"end":{"line":19,"column":3}}}},"branchMap":{"0":{"loc":{"start":{"line":12,"column":19},"end":{"line":12,"column":62}},"type":"binary-expr","locations":[{"start":{"line":12,"column":19},"end":{"line":12,"column":41}},{"start":{"line":12,"column":45},"end":{"line":12,"column":62}}]},"1":{"loc":{"start":{"line":8,"column":35},"end":{"line":8,"column":null}},"type":"cond-expr","locations":[{"start":{"line":8,"column":46},"end":{"line":8,"column":null}},{"start":{"line":8,"column":46},"end":{"line":8,"column":null}}]},"2":{"loc":{"start":{"line":8,"column":35},"end":{"line":8,"column":46}},"type":"binary-expr","locations":[{"start":{"line":8,"column":35},"end":{"line":8,"column":null}},{"start":{"line":8,"column":35},"end":{"line":8,"column":46}}]}},"s":{"0":0,"1":0,"2":0,"3":0,"4":0,"5":0,"6":0,"7":0,"8":0,"9":0,"10":0},"f":{"0":0,"1":0},"b":{"0":[0,0],"1":[0,0],"2":[0,0]}}
,"/Users/yanchaodu/workspace/CheckUp/backend/src/prisma/prisma.module.ts": {"path":"/Users/yanchaodu/workspace/CheckUp/backend/src/prisma/prisma.module.ts","statementMap":{"0":{"start":{"line":1,"column":0},"end":{"line":1,"column":48}},"1":{"start":{"line":2,"column":0},"end":{"line":2,"column":49}},"2":{"start":{"line":9,"column":7},"end":{"line":9,"column":null}},"3":{"start":{"line":9,"column":13},"end":{"line":9,"column":25}},"4":{"start":{"line":9,"column":13},"end":{"line":9,"column":null}}},"fnMap":{},"branchMap":{},"s":{"0":0,"1":0,"2":0,"3":0,"4":0},"f":{},"b":{}}
,"/Users/yanchaodu/workspace/CheckUp/backend/src/prisma/prisma.service.ts": {"path":"/Users/yanchaodu/workspace/CheckUp/backend/src/prisma/prisma.service.ts","statementMap":{"0":{"start":{"line":1,"column":0},"end":{"line":1,"column":75}},"1":{"start":{"line":2,"column":0},"end":{"line":2,"column":46}},"2":{"start":{"line":5,"column":7},"end":{"line":13,"column":null}},"3":{"start":{"line":7,"column":4},"end":{"line":7,"column":26}},"4":{"start":{"line":11,"column":4},"end":{"line":11,"column":29}},"5":{"start":{"line":5,"column":13},"end":{"line":5,"column":26}},"6":{"start":{"line":5,"column":13},"end":{"line":13,"column":null}}},"fnMap":{"0":{"name":"(anonymous_1)","decl":{"start":{"line":6,"column":2},"end":{"line":6,"column":7}},"loc":{"start":{"line":6,"column":20},"end":{"line":8,"column":3}}},"1":{"name":"(anonymous_2)","decl":{"start":{"line":10,"column":2},"end":{"line":10,"column":7}},"loc":{"start":{"line":10,"column":23},"end":{"line":12,"column":3}}}},"branchMap":{},"s":{"0":7,"1":7,"2":7,"3":1,"4":1,"5":7,"6":7},"f":{"0":1,"1":1},"b":{}}
,"/Users/yanchaodu/workspace/CheckUp/backend/src/submissions/submissions.controller.ts": {"path":"/Users/yanchaodu/workspace/CheckUp/backend/src/submissions/submissions.controller.ts","statementMap":{"0":{"start":{"line":1,"column":0},"end":{"line":1,"column":null}},"1":{"start":{"line":11,"column":0},"end":{"line":11,"column":59}},"2":{"start":{"line":12,"column":0},"end":{"line":12,"column":61}},"3":{"start":{"line":13,"column":0},"end":{"line":13,"column":72}},"4":{"start":{"line":14,"column":0},"end":{"line":14,"column":100}},"5":{"start":{"line":18,"column":7},"end":{"line":40,"column":null}},"6":{"start":{"line":19,"column":22},"end":{"line":19,"column":42}},"7":{"start":{"line":23,"column":4},"end":{"line":23,"column":85}},"8":{"start":{"line":28,"column":4},"end":{"line":28,"column":82}},"9":{"start":{"line":33,"column":4},"end":{"line":33,"column":82}},"10":{"start":{"line":38,"column":4},"end":{"line":38,"column":71}},"11":{"start":{"line":18,"column":13},"end":{"line":18,"column":34}},"12":{"start":{"line":22,"column":2},"end":{"line":24,"column":null}},"13":{"start":{"line":27,"column":2},"end":{"line":29,"column":null}},"14":{"start":{"line":32,"column":2},"end":{"line":34,"column":null}},"15":{"start":{"line":37,"column":2},"end":{"line":39,"column":null}},"16":{"start":{"line":18,"column":13},"end":{"line":40,"column":null}}},"fnMap":{"0":{"name":"(anonymous_4)","decl":{"start":{"line":19,"column":2},"end":{"line":19,"column":22}},"loc":{"start":{"line":19,"column":60},"end":{"line":19,"column":64}}},"1":{"name":"(anonymous_5)","decl":{"start":{"line":22,"column":2},"end":{"line":22,"column":9}},"loc":{"start":{"line":22,"column":70},"end":{"line":24,"column":3}}},"2":{"name":"(anonymous_6)","decl":{"start":{"line":27,"column":2},"end":{"line":27,"column":8}},"loc":{"start":{"line":27,"column":67},"end":{"line":29,"column":3}}},"3":{"name":"(anonymous_7)","decl":{"start":{"line":32,"column":2},"end":{"line":32,"column":9}},"loc":{"start":{"line":32,"column":59},"end":{"line":34,"column":3}}},"4":{"name":"(anonymous_8)","decl":{"start":{"line":37,"column":2},"end":{"line":37,"column":8}},"loc":{"start":{"line":37,"column":92},"end":{"line":39,"column":3}}}},"branchMap":{"0":{"loc":{"start":{"line":22,"column":52},"end":{"line":22,"column":null}},"type":"cond-expr","locations":[{"start":{"line":22,"column":70},"end":{"line":22,"column":null}},{"start":{"line":22,"column":70},"end":{"line":22,"column":null}}]},"1":{"loc":{"start":{"line":22,"column":52},"end":{"line":22,"column":70}},"type":"binary-expr","locations":[{"start":{"line":22,"column":52},"end":{"line":22,"column":null}},{"start":{"line":22,"column":52},"end":{"line":22,"column":70}}]},"2":{"loc":{"start":{"line":27,"column":48},"end":{"line":27,"column":null}},"type":"cond-expr","locations":[{"start":{"line":27,"column":67},"end":{"line":27,"column":null}},{"start":{"line":27,"column":67},"end":{"line":27,"column":null}}]},"3":{"loc":{"start":{"line":27,"column":48},"end":{"line":27,"column":67}},"type":"binary-expr","locations":[{"start":{"line":27,"column":48},"end":{"line":27,"column":null}},{"start":{"line":27,"column":48},"end":{"line":27,"column":67}}]},"4":{"loc":{"start":{"line":37,"column":73},"end":{"line":37,"column":null}},"type":"cond-expr","locations":[{"start":{"line":37,"column":92},"end":{"line":37,"column":null}},{"start":{"line":37,"column":92},"end":{"line":37,"column":null}}]},"5":{"loc":{"start":{"line":37,"column":73},"end":{"line":37,"column":92}},"type":"binary-expr","locations":[{"start":{"line":37,"column":73},"end":{"line":37,"column":null}},{"start":{"line":37,"column":73},"end":{"line":37,"column":92}}]},"6":{"loc":{"start":{"line":19,"column":42},"end":{"line":19,"column":63}},"type":"cond-expr","locations":[{"start":{"line":19,"column":60},"end":{"line":19,"column":63}},{"start":{"line":19,"column":60},"end":{"line":19,"column":63}}]},"7":{"loc":{"start":{"line":19,"column":42},"end":{"line":19,"column":60}},"type":"binary-expr","locations":[{"start":{"line":19,"column":42},"end":{"line":19,"column":63}},{"start":{"line":19,"column":42},"end":{"line":19,"column":60}}]}},"s":{"0":1,"1":1,"2":1,"3":1,"4":1,"5":1,"6":8,"7":2,"8":3,"9":1,"10":1,"11":1,"12":1,"13":1,"14":1,"15":1,"16":1},"f":{"0":8,"1":2,"2":3,"3":1,"4":1},"b":{"0":[1,0],"1":[1,1],"2":[1,0],"3":[1,1],"4":[1,0],"5":[1,1],"6":[1,0],"7":[1,1]}}
,"/Users/yanchaodu/workspace/CheckUp/backend/src/submissions/submissions.module.ts": {"path":"/Users/yanchaodu/workspace/CheckUp/backend/src/submissions/submissions.module.ts","statementMap":{"0":{"start":{"line":1,"column":0},"end":{"line":1,"column":40}},"1":{"start":{"line":2,"column":0},"end":{"line":2,"column":65}},"2":{"start":{"line":3,"column":0},"end":{"line":3,"column":59}},"3":{"start":{"line":4,"column":0},"end":{"line":4,"column":55}},"4":{"start":{"line":12,"column":7},"end":{"line":12,"column":null}},"5":{"start":{"line":12,"column":13},"end":{"line":12,"column":30}},"6":{"start":{"line":12,"column":13},"end":{"line":12,"column":null}}},"fnMap":{},"branchMap":{},"s":{"0":0,"1":0,"2":0,"3":0,"4":0,"5":0,"6":0},"f":{},"b":{}}
,"/Users/yanchaodu/workspace/CheckUp/backend/src/submissions/submissions.service.ts": {"path":"/Users/yanchaodu/workspace/CheckUp/backend/src/submissions/submissions.service.ts","statementMap":{"0":{"start":{"line":1,"column":0},"end":{"line":1,"column":83}},"1":{"start":{"line":2,"column":0},"end":{"line":2,"column":57}},"2":{"start":{"line":6,"column":7},"end":{"line":210,"column":null}},"3":{"start":{"line":7,"column":22},"end":{"line":7,"column":30}},"4":{"start":{"line":10,"column":29},"end":{"line":10,"column":59}},"5":{"start":{"line":11,"column":19},"end":{"line":13,"column":26}},"6":{"start":{"line":15,"column":23},"end":{"line":33,"column":6}},"7":{"start":{"line":36,"column":4},"end":{"line":43,"column":7}},"8":{"start":{"line":45,"column":4},"end":{"line":45,"column":45}},"9":{"start":{"line":49,"column":77},"end":{"line":49,"column":82}},"10":{"start":{"line":50,"column":17},"end":{"line":50,"column":40}},"11":{"start":{"line":51,"column":18},"end":{"line":51,"column":43}},"12":{"start":{"line":53,"column":23},"end":{"line":55,"column":6}},"13":{"start":{"line":58,"column":4},"end":{"line":65,"column":5}},"14":{"start":{"line":59,"column":6},"end":{"line":59,"column":32}},"15":{"start":{"line":61,"column":6},"end":{"line":64,"column":8}},"16":{"start":{"line":68,"column":4},"end":{"line":68,"column":38}},"17":{"start":{"line":68,"column":16},"end":{"line":68,"column":38}},"18":{"start":{"line":69,"column":4},"end":{"line":69,"column":44}},"19":{"start":{"line":69,"column":18},"end":{"line":69,"column":44}},"20":{"start":{"line":70,"column":4},"end":{"line":70,"column":88}},"21":{"start":{"line":70,"column":21},"end":{"line":70,"column":88}},"22":{"start":{"line":71,"column":4},"end":{"line":71,"column":53}},"23":{"start":{"line":71,"column":21},"end":{"line":71,"column":53}},"24":{"start":{"line":72,"column":4},"end":{"line":76,"column":5}},"25":{"start":{"line":73,"column":6},"end":{"line":73,"column":29}},"26":{"start":{"line":74,"column":6},"end":{"line":74,"column":63}},"27":{"start":{"line":74,"column":20},"end":{"line":74,"column":63}},"28":{"start":{"line":75,"column":6},"end":{"line":75,"column":59}},"29":{"start":{"line":75,"column":18},"end":{"line":75,"column":59}},"30":{"start":{"line":78,"column":33},"end":{"line":90,"column":6}},"31":{"start":{"line":92,"column":4},"end":{"line":102,"column":6}},"32":{"start":{"line":93,"column":33},"end":{"line":93,"column":57}},"33":{"start":{"line":106,"column":23},"end":{"line":112,"column":6}},"34":{"start":{"line":114,"column":4},"end":{"line":116,"column":5}},"35":{"start":{"line":115,"column":6},"end":{"line":115,"column":58}},"36":{"start":{"line":119,"column":4},"end":{"line":124,"column":5}},"37":{"start":{"line":123,"column":6},"end":{"line":123,"column":52}},"38":{"start":{"line":126,"column":4},"end":{"line":126,"column":45}},"39":{"start":{"line":130,"column":21},"end":{"line":130,"column":86}},"40":{"start":{"line":132,"column":4},"end":{"line":134,"column":5}},"41":{"start":{"line":133,"column":6},"end":{"line":133,"column":58}},"42":{"start":{"line":136,"column":4},"end":{"line":138,"column":5}},"43":{"start":{"line":137,"column":6},"end":{"line":137,"column":52}},"44":{"start":{"line":140,"column":4},"end":{"line":142,"column":5}},"45":{"start":{"line":141,"column":6},"end":{"line":141,"column":71}},"46":{"start":{"line":144,"column":23},"end":{"line":156,"column":6}},"47":{"start":{"line":159,"column":4},"end":{"line":166,"column":7}},"48":{"start":{"line":168,"column":4},"end":{"line":168,"column":45}},"49":{"start":{"line":172,"column":17},"end":{"line":176,"column":6}},"50":{"start":{"line":178,"column":4},"end":{"line":187,"column":6}},"51":{"start":{"line":180,"column":31},"end":{"line":186,"column":8}},"52":{"start":{"line":191,"column":4},"end":{"line":208,"column":6}},"53":{"start":{"line":6,"column":13},"end":{"line":6,"column":31}},"54":{"start":{"line":6,"column":13},"end":{"line":210,"column":null}}},"fnMap":{"0":{"name":"(anonymous_2)","decl":{"start":{"line":7,"column":2},"end":{"line":7,"column":22}},"loc":{"start":{"line":7,"column":43},"end":{"line":7,"column":47}}},"1":{"name":"(anonymous_3)","decl":{"start":{"line":9,"column":2},"end":{"line":9,"column":7}},"loc":{"start":{"line":9,"column":91},"end":{"line":46,"column":3}}},"2":{"name":"(anonymous_4)","decl":{"start":{"line":48,"column":2},"end":{"line":48,"column":7}},"loc":{"start":{"line":48,"column":93},"end":{"line":103,"column":3}}},"3":{"name":"(anonymous_5)","decl":{"start":{"line":93,"column":28},"end":{"line":93,"column":29}},"loc":{"start":{"line":93,"column":33},"end":{"line":93,"column":57}}},"4":{"name":"(anonymous_6)","decl":{"start":{"line":105,"column":2},"end":{"line":105,"column":7}},"loc":{"start":{"line":105,"column":78},"end":{"line":127,"column":3}}},"5":{"name":"(anonymous_7)","decl":{"start":{"line":129,"column":2},"end":{"line":129,"column":7}},"loc":{"start":{"line":129,"column":85},"end":{"line":169,"column":3}}},"6":{"name":"(anonymous_8)","decl":{"start":{"line":171,"column":2},"end":{"line":171,"column":7}},"loc":{"start":{"line":171,"column":42},"end":{"line":188,"column":3}}},"7":{"name":"(anonymous_9)","decl":{"start":{"line":180,"column":23},"end":{"line":180,"column":26}},"loc":{"start":{"line":180,"column":31},"end":{"line":186,"column":8}}},"8":{"name":"(anonymous_10)","decl":{"start":{"line":190,"column":10},"end":{"line":190,"column":26}},"loc":{"start":{"line":190,"column":42},"end":{"line":209,"column":3}}}},"branchMap":{"0":{"loc":{"start":{"line":11,"column":19},"end":{"line":13,"column":26}},"type":"cond-expr","locations":[{"start":{"line":12,"column":8},"end":{"line":12,"column":19}},{"start":{"line":13,"column":8},"end":{"line":13,"column":26}}]},"1":{"loc":{"start":{"line":11,"column":19},"end":{"line":11,"column":61}},"type":"binary-expr","locations":[{"start":{"line":11,"column":19},"end":{"line":11,"column":40}},{"start":{"line":11,"column":44},"end":{"line":11,"column":61}}]},"2":{"loc":{"start":{"line":25,"column":23},"end":{"line":25,"column":70}},"type":"cond-expr","locations":[{"start":{"line":25,"column":48},"end":{"line":25,"column":58}},{"start":{"line":25,"column":61},"end":{"line":25,"column":70}}]},"3":{"loc":{"start":{"line":26,"column":22},"end":{"line":26,"column":65}},"type":"cond-expr","locations":[{"start":{"line":26,"column":47},"end":{"line":26,"column":53}},{"start":{"line":26,"column":56},"end":{"line":26,"column":65}}]},"4":{"loc":{"start":{"line":27,"column":22},"end":{"line":27,"column":69}},"type":"cond-expr","locations":[{"start":{"line":27,"column":47},"end":{"line":27,"column":57}},{"start":{"line":27,"column":60},"end":{"line":27,"column":69}}]},"5":{"loc":{"start":{"line":50,"column":17},"end":{"line":50,"column":40}},"type":"binary-expr","locations":[{"start":{"line":50,"column":17},"end":{"line":50,"column":35}},{"start":{"line":50,"column":39},"end":{"line":50,"column":40}}]},"6":{"loc":{"start":{"line":51,"column":18},"end":{"line":51,"column":43}},"type":"binary-expr","locations":[{"start":{"line":51,"column":18},"end":{"line":51,"column":37}},{"start":{"line":51,"column":41},"end":{"line":51,"column":43}}]},"7":{"loc":{"start":{"line":58,"column":4},"end":{"line":65,"column":5}},"type":"if","locations":[{"start":{"line":58,"column":4},"end":{"line":65,"column":5}},{"start":{"line":60,"column":11},"end":{"line":65,"column":5}}]},"8":{"loc":{"start":{"line":68,"column":4},"end":{"line":68,"column":38}},"type":"if","locations":[{"start":{"line":68,"column":4},"end":{"line":68,"column":38}},{"start":{},"end":{}}]},"9":{"loc":{"start":{"line":69,"column":4},"end":{"line":69,"column":44}},"type":"if","locations":[{"start":{"line":69,"column":4},"end":{"line":69,"column":44}},{"start":{},"end":{}}]},"10":{"loc":{"start":{"line":70,"column":4},"end":{"line":70,"column":88}},"type":"if","locations":[{"start":{"line":70,"column":4},"end":{"line":70,"column":88}},{"start":{},"end":{}}]},"11":{"loc":{"start":{"line":71,"column":4},"end":{"line":71,"column":53}},"type":"if","locations":[{"start":{"line":71,"column":4},"end":{"line":71,"column":53}},{"start":{},"end":{}}]},"12":{"loc":{"start":{"line":72,"column":4},"end":{"line":76,"column":5}},"type":"if","locations":[{"start":{"line":72,"column":4},"end":{"line":76,"column":5}},{"start":{},"end":{}}]},"13":{"loc":{"start":{"line":72,"column":8},"end":{"line":72,"column":26}},"type":"binary-expr","locations":[{"start":{"line":72,"column":8},"end":{"line":72,"column":16}},{"start":{"line":72,"column":20},"end":{"line":72,"column":26}}]},"14":{"loc":{"start":{"line":74,"column":6},"end":{"line":74,"column":63}},"type":"if","locations":[{"start":{"line":74,"column":6},"end":{"line":74,"column":63}},{"start":{},"end":{}}]},"15":{"loc":{"start":{"line":75,"column":6},"end":{"line":75,"column":59}},"type":"if","locations":[{"start":{"line":75,"column":6},"end":{"line":75,"column":59}},{"start":{},"end":{}}]},"16":{"loc":{"start":{"line":114,"column":4},"end":{"line":116,"column":5}},"type":"if","locations":[{"start":{"line":114,"column":4},"end":{"line":116,"column":5}},{"start":{},"end":{}}]},"17":{"loc":{"start":{"line":119,"column":4},"end":{"line":124,"column":5}},"type":"if","locations":[{"start":{"line":119,"column":4},"end":{"line":124,"column":5}},{"start":{},"end":{}}]},"18":{"loc":{"start":{"line":119,"column":8},"end":{"line":122,"column":40}},"type":"binary-expr","locations":[{"start":{"line":119,"column":8},"end":{"line":119,"column":28}},{"start":{"line":120,"column":8},"end":{"line":120,"column":41}},{"start":{"line":121,"column":8},"end":{"line":121,"column":42}},{"start":{"line":122,"column":8},"end":{"line":122,"column":40}}]},"19":{"loc":{"start":{"line":132,"column":4},"end":{"line":134,"column":5}},"type":"if","locations":[{"start":{"line":132,"column":4},"end":{"line":134,"column":5}},{"start":{},"end":{}}]},"20":{"loc":{"start":{"line":136,"column":4},"end":{"line":138,"column":5}},"type":"if","locations":[{"start":{"line":136,"column":4},"end":{"line":138,"column":5}},{"start":{},"end":{}}]},"21":{"loc":{"start":{"line":136,"column":8},"end":{"line":136,"column":63}},"type":"binary-expr","locations":[{"start":{"line":136,"column":8},"end":{"line":136,"column":39}},{"start":{"line":136,"column":43},"end":{"line":136,"column":63}}]},"22":{"loc":{"start":{"line":140,"column":4},"end":{"line":142,"column":5}},"type":"if","locations":[{"start":{"line":140,"column":4},"end":{"line":142,"column":5}},{"start":{},"end":{}}]},"23":{"loc":{"start":{"line":147,"column":12},"end":{"line":147,"column":63}},"type":"binary-expr","locations":[{"start":{"line":147,"column":12},"end":{"line":147,"column":27}},{"start":{"line":147,"column":31},"end":{"line":147,"column":63}}]},"24":{"loc":{"start":{"line":148,"column":12},"end":{"line":148,"column":63}},"type":"binary-expr","locations":[{"start":{"line":148,"column":12},"end":{"line":148,"column":27}},{"start":{"line":148,"column":31},"end":{"line":148,"column":63}}]},"25":{"loc":{"start":{"line":149,"column":12},"end":{"line":149,"column":86}},"type":"binary-expr","locations":[{"start":{"line":149,"column":12},"end":{"line":149,"column":34}},{"start":{"line":149,"column":38},"end":{"line":149,"column":86}}]},"26":{"loc":{"start":{"line":150,"column":12},"end":{"line":150,"column":54}},"type":"binary-expr","locations":[{"start":{"line":150,"column":12},"end":{"line":150,"column":24}},{"start":{"line":150,"column":28},"end":{"line":150,"column":54}}]},"27":{"loc":{"start":{"line":7,"column":30},"end":{"line":7,"column":46}},"type":"cond-expr","locations":[{"start":{"line":7,"column":43},"end":{"line":7,"column":46}},{"start":{"line":7,"column":43},"end":{"line":7,"column":46}}]},"28":{"loc":{"start":{"line":7,"column":30},"end":{"line":7,"column":43}},"type":"binary-expr","locations":[{"start":{"line":7,"column":30},"end":{"line":7,"column":46}},{"start":{"line":7,"column":30},"end":{"line":7,"column":43}}]}},"s":{"0":2,"1":2,"2":2,"3":11,"4":3,"5":3,"6":3,"7":3,"8":3,"9":2,"10":2,"11":2,"12":2,"13":2,"14":0,"15":2,"16":2,"17":1,"18":2,"19":0,"20":2,"21":0,"22":2,"23":0,"24":2,"25":0,"26":0,"27":0,"28":0,"29":0,"30":2,"31":2,"32":2,"33":2,"34":2,"35":1,"36":1,"37":0,"38":1,"39":3,"40":3,"41":1,"42":2,"43":0,"44":2,"45":1,"46":1,"47":1,"48":1,"49":0,"50":0,"51":0,"52":7,"53":2,"54":2},"f":{"0":11,"1":3,"2":2,"3":2,"4":2,"5":3,"6":0,"7":0,"8":7},"b":{"0":[1,2],"1":[3,2],"2":[1,2],"3":[1,2],"4":[1,2],"5":[2,2],"6":[2,2],"7":[0,2],"8":[1,1],"9":[0,2],"10":[0,2],"11":[0,2],"12":[0,2],"13":[2,2],"14":[0,0],"15":[0,0],"16":[1,1],"17":[0,1],"18":[1,1,0,0],"19":[1,2],"20":[0,2],"21":[2,0],"22":[1,1],"23":[1,0],"24":[1,0],"25":[1,0],"26":[1,1],"27":[2,0],"28":[2,2]}}
,"/Users/yanchaodu/workspace/CheckUp/backend/src/submissions/dto/submission.dto.ts": {"path":"/Users/yanchaodu/workspace/CheckUp/backend/src/submissions/dto/submission.dto.ts","statementMap":{"0":{"start":{"line":1,"column":0},"end":{"line":1,"column":46}},"1":{"start":{"line":2,"column":0},"end":{"line":2,"column":102}},"2":{"start":{"line":4,"column":0},"end":{"line":4,"column":13}},"3":{"start":{"line":6,"column":2},"end":{"line":6,"column":null}},"4":{"start":{"line":9,"column":2},"end":{"line":9,"column":null}},"5":{"start":{"line":12,"column":2},"end":{"line":12,"column":null}},"6":{"start":{"line":15,"column":2},"end":{"line":15,"column":null}},"7":{"start":{"line":18,"column":2},"end":{"line":18,"column":null}},"8":{"start":{"line":22,"column":2},"end":{"line":22,"column":null}},"9":{"start":{"line":25,"column":0},"end":{"line":25,"column":13}},"10":{"start":{"line":28,"column":2},"end":{"line":28,"column":null}},"11":{"start":{"line":32,"column":2},"end":{"line":32,"column":null}},"12":{"start":{"line":36,"column":2},"end":{"line":36,"column":null}},"13":{"start":{"line":40,"column":2},"end":{"line":40,"column":null}},"14":{"start":{"line":43,"column":0},"end":{"line":43,"column":13}},"15":{"start":{"line":46,"column":2},"end":{"line":46,"column":null}},"16":{"start":{"line":50,"column":2},"end":{"line":50,"column":null}},"17":{"start":{"line":54,"column":2},"end":{"line":54,"column":null}},"18":{"start":{"line":58,"column":2},"end":{"line":58,"column":null}},"19":{"start":{"line":62,"column":2},"end":{"line":62,"column":null}},"20":{"start":{"line":66,"column":2},"end":{"line":66,"column":null}},"21":{"start":{"line":72,"column":2},"end":{"line":72,"column":null}},"22":{"start":{"line":69,"column":28},"end":{"line":69,"column":47}},"23":{"start":{"line":78,"column":2},"end":{"line":78,"column":null}},"24":{"start":{"line":75,"column":28},"end":{"line":75,"column":47}}},"fnMap":{"0":{"name":"(anonymous_2)","decl":{"start":{"line":69,"column":13},"end":{"line":69,"column":14}},"loc":{"start":{"line":69,"column":28},"end":{"line":69,"column":47}}},"1":{"name":"(anonymous_3)","decl":{"start":{"line":75,"column":13},"end":{"line":75,"column":14}},"loc":{"start":{"line":75,"column":28},"end":{"line":75,"column":47}}}},"branchMap":{"0":{"loc":{"start":{"line":18,"column":12},"end":{"line":18,"column":32}},"type":"cond-expr","locations":[{"start":{"line":18,"column":18},"end":{"line":18,"column":32}},{"start":{"line":18,"column":18},"end":{"line":18,"column":32}}]},"1":{"loc":{"start":{"line":18,"column":12},"end":{"line":18,"column":18}},"type":"binary-expr","locations":[{"start":{"line":18,"column":12},"end":{"line":18,"column":32}},{"start":{"line":18,"column":12},"end":{"line":18,"column":18}}]},"2":{"loc":{"start":{"line":40,"column":13},"end":{"line":40,"column":33}},"type":"cond-expr","locations":[{"start":{"line":40,"column":19},"end":{"line":40,"column":33}},{"start":{"line":40,"column":19},"end":{"line":40,"column":33}}]},"3":{"loc":{"start":{"line":40,"column":13},"end":{"line":40,"column":19}},"type":"binary-expr","locations":[{"start":{"line":40,"column":13},"end":{"line":40,"column":33}},{"start":{"line":40,"column":13},"end":{"line":40,"column":19}}]}},"s":{"0":1,"1":1,"2":1,"3":1,"4":1,"5":1,"6":1,"7":1,"8":1,"9":1,"10":1,"11":1,"12":1,"13":1,"14":1,"15":1,"16":1,"17":1,"18":1,"19":1,"20":1,"21":1,"22":0,"23":1,"24":0},"f":{"0":0,"1":0},"b":{"0":[0,1],"1":[1,0],"2":[0,1],"3":[1,0]}}
}
