{"/Users/yanchaodu/workspace/CheckUp/backend/src/app.controller.ts": {"path":"/Users/yanchaodu/workspace/CheckUp/backend/src/app.controller.ts","statementMap":{"0":{"start":{"line":1,"column":0},"end":{"line":1,"column":49}},"1":{"start":{"line":2,"column":0},"end":{"line":2,"column":43}},"2":{"start":{"line":5,"column":7},"end":{"line":21,"column":null}},"3":{"start":{"line":6,"column":31},"end":{"line":6,"column":43}},"4":{"start":{"line":10,"column":4},"end":{"line":10,"column":38}},"5":{"start":{"line":15,"column":4},"end":{"line":19,"column":6}},"6":{"start":{"line":5,"column":13},"end":{"line":5,"column":26}},"7":{"start":{"line":9,"column":2},"end":{"line":11,"column":null}},"8":{"start":{"line":14,"column":2},"end":{"line":20,"column":null}},"9":{"start":{"line":5,"column":13},"end":{"line":21,"column":null}}},"fnMap":{"0":{"name":"(anonymous_2)","decl":{"start":{"line":6,"column":2},"end":{"line":6,"column":31}},"loc":{"start":{"line":6,"column":53},"end":{"line":6,"column":57}}},"1":{"name":"(anonymous_3)","decl":{"start":{"line":9,"column":2},"end":{"line":9,"column":10}},"loc":{"start":{"line":9,"column":10},"end":{"line":11,"column":3}}},"2":{"name":"(anonymous_4)","decl":{"start":{"line":14,"column":2},"end":{"line":14,"column":13}},"loc":{"start":{"line":14,"column":13},"end":{"line":20,"column":3}}}},"branchMap":{"0":{"loc":{"start":{"line":6,"column":43},"end":{"line":6,"column":56}},"type":"cond-expr","locations":[{"start":{"line":6,"column":53},"end":{"line":6,"column":56}},{"start":{"line":6,"column":53},"end":{"line":6,"column":56}}]},"1":{"loc":{"start":{"line":6,"column":43},"end":{"line":6,"column":53}},"type":"binary-expr","locations":[{"start":{"line":6,"column":43},"end":{"line":6,"column":56}},{"start":{"line":6,"column":43},"end":{"line":6,"column":53}}]}},"s":{"0":1,"1":1,"2":1,"3":0,"4":0,"5":0,"6":1,"7":1,"8":1,"9":1},"f":{"0":0,"1":0,"2":0},"b":{"0":[1,0],"1":[1,1]}}
,"/Users/yanchaodu/workspace/CheckUp/backend/src/app.module.ts": {"path":"/Users/yanchaodu/workspace/CheckUp/backend/src/app.module.ts","statementMap":{"0":{"start":{"line":1,"column":0},"end":{"line":1,"column":40}},"1":{"start":{"line":2,"column":0},"end":{"line":2,"column":46}},"2":{"start":{"line":3,"column":0},"end":{"line":3,"column":49}},"3":{"start":{"line":4,"column":0},"end":{"line":4,"column":43}},"4":{"start":{"line":5,"column":0},"end":{"line":5,"column":54}},"5":{"start":{"line":6,"column":0},"end":{"line":6,"column":48}},"6":{"start":{"line":7,"column":0},"end":{"line":7,"column":69}},"7":{"start":{"line":8,"column":0},"end":{"line":8,"column":63}},"8":{"start":{"line":9,"column":0},"end":{"line":9,"column":51}},"9":{"start":{"line":10,"column":0},"end":{"line":10,"column":57}},"10":{"start":{"line":11,"column":0},"end":{"line":11,"column":60}},"11":{"start":{"line":12,"column":0},"end":{"line":12,"column":73}},"12":{"start":{"line":30,"column":7},"end":{"line":30,"column":null}},"13":{"start":{"line":30,"column":13},"end":{"line":30,"column":22}},"14":{"start":{"line":30,"column":13},"end":{"line":30,"column":null}}},"fnMap":{},"branchMap":{},"s":{"0":0,"1":0,"2":0,"3":0,"4":0,"5":0,"6":0,"7":0,"8":0,"9":0,"10":0,"11":0,"12":0,"13":0,"14":0},"f":{},"b":{}}
,"/Users/yanchaodu/workspace/CheckUp/backend/src/app.service.ts": {"path":"/Users/yanchaodu/workspace/CheckUp/backend/src/app.service.ts","statementMap":{"0":{"start":{"line":1,"column":0},"end":{"line":1,"column":44}},"1":{"start":{"line":4,"column":7},"end":{"line":8,"column":null}},"2":{"start":{"line":6,"column":4},"end":{"line":6,"column":26}},"3":{"start":{"line":4,"column":13},"end":{"line":4,"column":23}},"4":{"start":{"line":4,"column":13},"end":{"line":8,"column":null}}},"fnMap":{"0":{"name":"(anonymous_1)","decl":{"start":{"line":5,"column":2},"end":{"line":5,"column":10}},"loc":{"start":{"line":5,"column":10},"end":{"line":7,"column":3}}}},"branchMap":{},"s":{"0":1,"1":1,"2":0,"3":1,"4":1},"f":{"0":0},"b":{}}
,"/Users/yanchaodu/workspace/CheckUp/backend/src/main.ts": {"path":"/Users/yanchaodu/workspace/CheckUp/backend/src/main.ts","statementMap":{"0":{"start":{"line":1,"column":0},"end":{"line":1,"column":43}},"1":{"start":{"line":2,"column":0},"end":{"line":2,"column":48}},"2":{"start":{"line":3,"column":0},"end":{"line":3,"column":41}},"3":{"start":{"line":4,"column":0},"end":{"line":4,"column":41}},"4":{"start":{"line":7,"column":14},"end":{"line":7,"column":49}},"5":{"start":{"line":10,"column":2},"end":{"line":10,"column":26}},"6":{"start":{"line":13,"column":2},"end":{"line":16,"column":5}},"7":{"start":{"line":19,"column":2},"end":{"line":19,"column":28}},"8":{"start":{"line":22,"column":2},"end":{"line":27,"column":6}},"9":{"start":{"line":29,"column":15},"end":{"line":29,"column":39}},"10":{"start":{"line":30,"column":2},"end":{"line":30,"column":25}},"11":{"start":{"line":31,"column":2},"end":{"line":31,"column":75}},"12":{"start":{"line":33,"column":0},"end":{"line":33,"column":12}}},"fnMap":{"0":{"name":"bootstrap","decl":{"start":{"line":6,"column":15},"end":{"line":6,"column":24}},"loc":{"start":{"line":6,"column":24},"end":{"line":32,"column":1}}}},"branchMap":{"0":{"loc":{"start":{"line":14,"column":12},"end":{"line":14,"column":62}},"type":"binary-expr","locations":[{"start":{"line":14,"column":12},"end":{"line":14,"column":35}},{"start":{"line":14,"column":39},"end":{"line":14,"column":62}}]},"1":{"loc":{"start":{"line":29,"column":15},"end":{"line":29,"column":39}},"type":"binary-expr","locations":[{"start":{"line":29,"column":15},"end":{"line":29,"column":31}},{"start":{"line":29,"column":35},"end":{"line":29,"column":39}}]}},"s":{"0":0,"1":0,"2":0,"3":0,"4":0,"5":0,"6":0,"7":0,"8":0,"9":0,"10":0,"11":0,"12":0},"f":{"0":0},"b":{"0":[0,0],"1":[0,0]}}
,"/Users/yanchaodu/workspace/CheckUp/backend/src/approvals/approvals.controller.ts": {"path":"/Users/yanchaodu/workspace/CheckUp/backend/src/approvals/approvals.controller.ts","statementMap":{"0":{"start":{"line":1,"column":0},"end":{"line":1,"column":null}},"1":{"start":{"line":11,"column":0},"end":{"line":11,"column":55}},"2":{"start":{"line":12,"column":0},"end":{"line":12,"column":61}},"3":{"start":{"line":13,"column":0},"end":{"line":13,"column":72}},"4":{"start":{"line":14,"column":0},"end":{"line":14,"column":59}},"5":{"start":{"line":15,"column":0},"end":{"line":15,"column":77}},"6":{"start":{"line":19,"column":7},"end":{"line":93,"column":null}},"7":{"start":{"line":20,"column":22},"end":{"line":20,"column":40}},"8":{"start":{"line":29,"column":4},"end":{"line":31,"column":5}},"9":{"start":{"line":30,"column":6},"end":{"line":30,"column":80}},"10":{"start":{"line":33,"column":17},"end":{"line":33,"column":60}},"11":{"start":{"line":34,"column":18},"end":{"line":34,"column":63}},"12":{"start":{"line":36,"column":4},"end":{"line":42,"column":6}},"13":{"start":{"line":52,"column":4},"end":{"line":54,"column":5}},"14":{"start":{"line":53,"column":6},"end":{"line":53,"column":81}},"15":{"start":{"line":55,"column":17},"end":{"line":55,"column":60}},"16":{"start":{"line":56,"column":18},"end":{"line":56,"column":63}},"17":{"start":{"line":58,"column":4},"end":{"line":64,"column":6}},"18":{"start":{"line":74,"column":4},"end":{"line":76,"column":5}},"19":{"start":{"line":75,"column":6},"end":{"line":75,"column":75}},"20":{"start":{"line":77,"column":4},"end":{"line":77,"column":80}},"21":{"start":{"line":87,"column":4},"end":{"line":89,"column":5}},"22":{"start":{"line":88,"column":6},"end":{"line":88,"column":74}},"23":{"start":{"line":91,"column":4},"end":{"line":91,"column":80}},"24":{"start":{"line":19,"column":13},"end":{"line":19,"column":32}},"25":{"start":{"line":24,"column":2},"end":{"line":43,"column":null}},"26":{"start":{"line":47,"column":2},"end":{"line":65,"column":null}},"27":{"start":{"line":69,"column":2},"end":{"line":78,"column":null}},"28":{"start":{"line":82,"column":2},"end":{"line":92,"column":null}},"29":{"start":{"line":19,"column":13},"end":{"line":93,"column":null}}},"fnMap":{"0":{"name":"(anonymous_4)","decl":{"start":{"line":20,"column":2},"end":{"line":20,"column":22}},"loc":{"start":{"line":20,"column":56},"end":{"line":20,"column":60}}},"1":{"name":"(anonymous_5)","decl":{"start":{"line":24,"column":2},"end":{"line":24,"column":22}},"loc":{"start":{"line":26,"column":36},"end":{"line":43,"column":3}}},"2":{"name":"(anonymous_6)","decl":{"start":{"line":47,"column":2},"end":{"line":47,"column":25}},"loc":{"start":{"line":49,"column":36},"end":{"line":65,"column":3}}},"3":{"name":"(anonymous_7)","decl":{"start":{"line":69,"column":2},"end":{"line":69,"column":9}},"loc":{"start":{"line":72,"column":27},"end":{"line":78,"column":3}}},"4":{"name":"(anonymous_8)","decl":{"start":{"line":82,"column":2},"end":{"line":82,"column":8}},"loc":{"start":{"line":85,"column":26},"end":{"line":92,"column":3}}}},"branchMap":{"0":{"loc":{"start":{"line":29,"column":4},"end":{"line":31,"column":5}},"type":"if","locations":[{"start":{"line":29,"column":4},"end":{"line":31,"column":5}},{"start":{},"end":{}}]},"1":{"loc":{"start":{"line":29,"column":8},"end":{"line":29,"column":55}},"type":"binary-expr","locations":[{"start":{"line":29,"column":8},"end":{"line":29,"column":30}},{"start":{"line":29,"column":34},"end":{"line":29,"column":55}}]},"2":{"loc":{"start":{"line":33,"column":17},"end":{"line":33,"column":60}},"type":"cond-expr","locations":[{"start":{"line":33,"column":30},"end":{"line":33,"column":48}},{"start":{"line":33,"column":51},"end":{"line":33,"column":60}}]},"3":{"loc":{"start":{"line":34,"column":18},"end":{"line":34,"column":63}},"type":"cond-expr","locations":[{"start":{"line":34,"column":32},"end":{"line":34,"column":51}},{"start":{"line":34,"column":54},"end":{"line":34,"column":63}}]},"4":{"loc":{"start":{"line":52,"column":4},"end":{"line":54,"column":5}},"type":"if","locations":[{"start":{"line":52,"column":4},"end":{"line":54,"column":5}},{"start":{},"end":{}}]},"5":{"loc":{"start":{"line":52,"column":8},"end":{"line":52,"column":55}},"type":"binary-expr","locations":[{"start":{"line":52,"column":8},"end":{"line":52,"column":30}},{"start":{"line":52,"column":34},"end":{"line":52,"column":55}}]},"6":{"loc":{"start":{"line":55,"column":17},"end":{"line":55,"column":60}},"type":"cond-expr","locations":[{"start":{"line":55,"column":30},"end":{"line":55,"column":48}},{"start":{"line":55,"column":51},"end":{"line":55,"column":60}}]},"7":{"loc":{"start":{"line":56,"column":18},"end":{"line":56,"column":63}},"type":"cond-expr","locations":[{"start":{"line":56,"column":32},"end":{"line":56,"column":51}},{"start":{"line":56,"column":54},"end":{"line":56,"column":63}}]},"8":{"loc":{"start":{"line":74,"column":4},"end":{"line":76,"column":5}},"type":"if","locations":[{"start":{"line":74,"column":4},"end":{"line":76,"column":5}},{"start":{},"end":{}}]},"9":{"loc":{"start":{"line":87,"column":4},"end":{"line":89,"column":5}},"type":"if","locations":[{"start":{"line":87,"column":4},"end":{"line":89,"column":5}},{"start":{},"end":{}}]},"10":{"loc":{"start":{"line":26,"column":20},"end":{"line":26,"column":null}},"type":"cond-expr","locations":[{"start":{"line":26,"column":36},"end":{"line":26,"column":null}},{"start":{"line":26,"column":36},"end":{"line":26,"column":null}}]},"11":{"loc":{"start":{"line":26,"column":20},"end":{"line":26,"column":36}},"type":"binary-expr","locations":[{"start":{"line":26,"column":20},"end":{"line":26,"column":null}},{"start":{"line":26,"column":20},"end":{"line":26,"column":36}}]},"12":{"loc":{"start":{"line":49,"column":20},"end":{"line":49,"column":null}},"type":"cond-expr","locations":[{"start":{"line":49,"column":36},"end":{"line":49,"column":null}},{"start":{"line":49,"column":36},"end":{"line":49,"column":null}}]},"13":{"loc":{"start":{"line":49,"column":20},"end":{"line":49,"column":36}},"type":"binary-expr","locations":[{"start":{"line":49,"column":20},"end":{"line":49,"column":null}},{"start":{"line":49,"column":20},"end":{"line":49,"column":36}}]},"14":{"loc":{"start":{"line":72,"column":17},"end":{"line":72,"column":null}},"type":"cond-expr","locations":[{"start":{"line":72,"column":27},"end":{"line":72,"column":null}},{"start":{"line":72,"column":27},"end":{"line":72,"column":null}}]},"15":{"loc":{"start":{"line":72,"column":17},"end":{"line":72,"column":27}},"type":"binary-expr","locations":[{"start":{"line":72,"column":17},"end":{"line":72,"column":null}},{"start":{"line":72,"column":17},"end":{"line":72,"column":27}}]},"16":{"loc":{"start":{"line":85,"column":17},"end":{"line":85,"column":null}},"type":"cond-expr","locations":[{"start":{"line":85,"column":26},"end":{"line":85,"column":null}},{"start":{"line":85,"column":26},"end":{"line":85,"column":null}}]},"17":{"loc":{"start":{"line":85,"column":17},"end":{"line":85,"column":26}},"type":"binary-expr","locations":[{"start":{"line":85,"column":17},"end":{"line":85,"column":null}},{"start":{"line":85,"column":17},"end":{"line":85,"column":26}}]},"18":{"loc":{"start":{"line":20,"column":40},"end":{"line":20,"column":59}},"type":"cond-expr","locations":[{"start":{"line":20,"column":56},"end":{"line":20,"column":59}},{"start":{"line":20,"column":56},"end":{"line":20,"column":59}}]},"19":{"loc":{"start":{"line":20,"column":40},"end":{"line":20,"column":56}},"type":"binary-expr","locations":[{"start":{"line":20,"column":40},"end":{"line":20,"column":59}},{"start":{"line":20,"column":40},"end":{"line":20,"column":56}}]}},"s":{"0":1,"1":1,"2":1,"3":1,"4":1,"5":1,"6":1,"7":0,"8":0,"9":0,"10":0,"11":0,"12":0,"13":0,"14":0,"15":0,"16":0,"17":0,"18":0,"19":0,"20":0,"21":0,"22":0,"23":0,"24":1,"25":1,"26":1,"27":1,"28":1,"29":1},"f":{"0":0,"1":0,"2":0,"3":0,"4":0},"b":{"0":[0,0],"1":[0,0],"2":[0,0],"3":[0,0],"4":[0,0],"5":[0,0],"6":[0,0],"7":[0,0],"8":[0,0],"9":[0,0],"10":[1,0],"11":[1,1],"12":[1,0],"13":[1,1],"14":[1,0],"15":[1,1],"16":[1,0],"17":[1,1],"18":[1,0],"19":[1,1]}}
,"/Users/yanchaodu/workspace/CheckUp/backend/src/approvals/approvals.module.ts": {"path":"/Users/yanchaodu/workspace/CheckUp/backend/src/approvals/approvals.module.ts","statementMap":{"0":{"start":{"line":1,"column":0},"end":{"line":1,"column":40}},"1":{"start":{"line":2,"column":0},"end":{"line":2,"column":61}},"2":{"start":{"line":3,"column":0},"end":{"line":3,"column":55}},"3":{"start":{"line":4,"column":0},"end":{"line":4,"column":55}},"4":{"start":{"line":11,"column":7},"end":{"line":11,"column":null}},"5":{"start":{"line":11,"column":13},"end":{"line":11,"column":28}},"6":{"start":{"line":11,"column":13},"end":{"line":11,"column":null}}},"fnMap":{},"branchMap":{},"s":{"0":0,"1":0,"2":0,"3":0,"4":0,"5":0,"6":0},"f":{},"b":{}}
,"/Users/yanchaodu/workspace/CheckUp/backend/src/approvals/approvals.service.ts": {"path":"/Users/yanchaodu/workspace/CheckUp/backend/src/approvals/approvals.service.ts","statementMap":{"0":{"start":{"line":1,"column":0},"end":{"line":1,"column":83}},"1":{"start":{"line":2,"column":0},"end":{"line":2,"column":57}},"2":{"start":{"line":5,"column":7},"end":{"line":243,"column":null}},"3":{"start":{"line":6,"column":22},"end":{"line":6,"column":30}},"4":{"start":{"line":15,"column":23},"end":{"line":22,"column":6}},"5":{"start":{"line":24,"column":4},"end":{"line":26,"column":5}},"6":{"start":{"line":25,"column":6},"end":{"line":25,"column":32}},"7":{"start":{"line":29,"column":20},"end":{"line":29,"column":88}},"8":{"start":{"line":30,"column":21},"end":{"line":30,"column":93}},"9":{"start":{"line":32,"column":33},"end":{"line":44,"column":6}},"10":{"start":{"line":46,"column":4},"end":{"line":56,"column":6}},"11":{"start":{"line":47,"column":33},"end":{"line":47,"column":57}},"12":{"start":{"line":60,"column":23},"end":{"line":60,"column":88}},"13":{"start":{"line":62,"column":4},"end":{"line":64,"column":5}},"14":{"start":{"line":63,"column":6},"end":{"line":63,"column":58}},"15":{"start":{"line":66,"column":4},"end":{"line":68,"column":5}},"16":{"start":{"line":67,"column":6},"end":{"line":67,"column":52}},"17":{"start":{"line":70,"column":4},"end":{"line":72,"column":5}},"18":{"start":{"line":71,"column":6},"end":{"line":71,"column":73}},"19":{"start":{"line":74,"column":20},"end":{"line":86,"column":6}},"20":{"start":{"line":89,"column":19},"end":{"line":91,"column":30}},"21":{"start":{"line":94,"column":4},"end":{"line":112,"column":7}},"22":{"start":{"line":114,"column":4},"end":{"line":114,"column":42}},"23":{"start":{"line":118,"column":23},"end":{"line":118,"column":88}},"24":{"start":{"line":120,"column":4},"end":{"line":122,"column":5}},"25":{"start":{"line":121,"column":6},"end":{"line":121,"column":58}},"26":{"start":{"line":124,"column":4},"end":{"line":126,"column":5}},"27":{"start":{"line":125,"column":6},"end":{"line":125,"column":52}},"28":{"start":{"line":128,"column":4},"end":{"line":130,"column":5}},"29":{"start":{"line":129,"column":6},"end":{"line":129,"column":73}},"30":{"start":{"line":132,"column":20},"end":{"line":143,"column":6}},"31":{"start":{"line":146,"column":4},"end":{"line":153,"column":7}},"32":{"start":{"line":155,"column":4},"end":{"line":155,"column":42}},"33":{"start":{"line":165,"column":23},"end":{"line":183,"column":6}},"34":{"start":{"line":185,"column":4},"end":{"line":187,"column":5}},"35":{"start":{"line":186,"column":6},"end":{"line":186,"column":32}},"36":{"start":{"line":189,"column":20},"end":{"line":189,"column":88}},"37":{"start":{"line":190,"column":21},"end":{"line":190,"column":93}},"38":{"start":{"line":192,"column":33},"end":{"line":205,"column":6}},"39":{"start":{"line":207,"column":4},"end":{"line":217,"column":6}},"40":{"start":{"line":208,"column":33},"end":{"line":208,"column":57}},"41":{"start":{"line":221,"column":4},"end":{"line":241,"column":6}},"42":{"start":{"line":5,"column":13},"end":{"line":5,"column":29}},"43":{"start":{"line":5,"column":13},"end":{"line":243,"column":null}}},"fnMap":{"0":{"name":"(anonymous_2)","decl":{"start":{"line":6,"column":2},"end":{"line":6,"column":22}},"loc":{"start":{"line":6,"column":43},"end":{"line":6,"column":47}}},"1":{"name":"(anonymous_3)","decl":{"start":{"line":8,"column":2},"end":{"line":8,"column":7}},"loc":{"start":{"line":13,"column":22},"end":{"line":57,"column":3}}},"2":{"name":"(anonymous_4)","decl":{"start":{"line":47,"column":28},"end":{"line":47,"column":29}},"loc":{"start":{"line":47,"column":33},"end":{"line":47,"column":57}}},"3":{"name":"(anonymous_5)","decl":{"start":{"line":59,"column":2},"end":{"line":59,"column":7}},"loc":{"start":{"line":59,"column":78},"end":{"line":115,"column":3}}},"4":{"name":"(anonymous_6)","decl":{"start":{"line":117,"column":2},"end":{"line":117,"column":7}},"loc":{"start":{"line":117,"column":77},"end":{"line":156,"column":3}}},"5":{"name":"(anonymous_7)","decl":{"start":{"line":158,"column":2},"end":{"line":158,"column":7}},"loc":{"start":{"line":163,"column":22},"end":{"line":218,"column":3}}},"6":{"name":"(anonymous_8)","decl":{"start":{"line":208,"column":28},"end":{"line":208,"column":29}},"loc":{"start":{"line":208,"column":33},"end":{"line":208,"column":57}}},"7":{"name":"(anonymous_9)","decl":{"start":{"line":220,"column":10},"end":{"line":220,"column":26}},"loc":{"start":{"line":220,"column":42},"end":{"line":242,"column":3}}}},"branchMap":{"0":{"loc":{"start":{"line":12,"column":4},"end":{"line":12,"column":20}},"type":"default-arg","locations":[{"start":{"line":12,"column":19},"end":{"line":12,"column":20}}]},"1":{"loc":{"start":{"line":13,"column":4},"end":{"line":13,"column":22}},"type":"default-arg","locations":[{"start":{"line":13,"column":20},"end":{"line":13,"column":22}}]},"2":{"loc":{"start":{"line":24,"column":4},"end":{"line":26,"column":5}},"type":"if","locations":[{"start":{"line":24,"column":4},"end":{"line":26,"column":5}},{"start":{},"end":{}}]},"3":{"loc":{"start":{"line":29,"column":20},"end":{"line":29,"column":88}},"type":"cond-expr","locations":[{"start":{"line":29,"column":72},"end":{"line":29,"column":84}},{"start":{"line":29,"column":87},"end":{"line":29,"column":88}}]},"4":{"loc":{"start":{"line":29,"column":20},"end":{"line":29,"column":69}},"type":"binary-expr","locations":[{"start":{"line":29,"column":20},"end":{"line":29,"column":49}},{"start":{"line":29,"column":53},"end":{"line":29,"column":69}}]},"5":{"loc":{"start":{"line":30,"column":21},"end":{"line":30,"column":93}},"type":"cond-expr","locations":[{"start":{"line":30,"column":75},"end":{"line":30,"column":88}},{"start":{"line":30,"column":91},"end":{"line":30,"column":93}}]},"6":{"loc":{"start":{"line":30,"column":21},"end":{"line":30,"column":72}},"type":"binary-expr","locations":[{"start":{"line":30,"column":21},"end":{"line":30,"column":51}},{"start":{"line":30,"column":55},"end":{"line":30,"column":72}}]},"7":{"loc":{"start":{"line":62,"column":4},"end":{"line":64,"column":5}},"type":"if","locations":[{"start":{"line":62,"column":4},"end":{"line":64,"column":5}},{"start":{},"end":{}}]},"8":{"loc":{"start":{"line":66,"column":4},"end":{"line":68,"column":5}},"type":"if","locations":[{"start":{"line":66,"column":4},"end":{"line":68,"column":5}},{"start":{},"end":{}}]},"9":{"loc":{"start":{"line":70,"column":4},"end":{"line":72,"column":5}},"type":"if","locations":[{"start":{"line":70,"column":4},"end":{"line":72,"column":5}},{"start":{},"end":{}}]},"10":{"loc":{"start":{"line":89,"column":19},"end":{"line":91,"column":30}},"type":"cond-expr","locations":[{"start":{"line":90,"column":8},"end":{"line":90,"column":32}},{"start":{"line":91,"column":8},"end":{"line":91,"column":30}}]},"11":{"loc":{"start":{"line":120,"column":4},"end":{"line":122,"column":5}},"type":"if","locations":[{"start":{"line":120,"column":4},"end":{"line":122,"column":5}},{"start":{},"end":{}}]},"12":{"loc":{"start":{"line":124,"column":4},"end":{"line":126,"column":5}},"type":"if","locations":[{"start":{"line":124,"column":4},"end":{"line":126,"column":5}},{"start":{},"end":{}}]},"13":{"loc":{"start":{"line":128,"column":4},"end":{"line":130,"column":5}},"type":"if","locations":[{"start":{"line":128,"column":4},"end":{"line":130,"column":5}},{"start":{},"end":{}}]},"14":{"loc":{"start":{"line":162,"column":4},"end":{"line":162,"column":20}},"type":"default-arg","locations":[{"start":{"line":162,"column":19},"end":{"line":162,"column":20}}]},"15":{"loc":{"start":{"line":163,"column":4},"end":{"line":163,"column":22}},"type":"default-arg","locations":[{"start":{"line":163,"column":20},"end":{"line":163,"column":22}}]},"16":{"loc":{"start":{"line":185,"column":4},"end":{"line":187,"column":5}},"type":"if","locations":[{"start":{"line":185,"column":4},"end":{"line":187,"column":5}},{"start":{},"end":{}}]},"17":{"loc":{"start":{"line":189,"column":20},"end":{"line":189,"column":88}},"type":"cond-expr","locations":[{"start":{"line":189,"column":72},"end":{"line":189,"column":84}},{"start":{"line":189,"column":87},"end":{"line":189,"column":88}}]},"18":{"loc":{"start":{"line":189,"column":20},"end":{"line":189,"column":69}},"type":"binary-expr","locations":[{"start":{"line":189,"column":20},"end":{"line":189,"column":49}},{"start":{"line":189,"column":53},"end":{"line":189,"column":69}}]},"19":{"loc":{"start":{"line":190,"column":21},"end":{"line":190,"column":93}},"type":"cond-expr","locations":[{"start":{"line":190,"column":75},"end":{"line":190,"column":88}},{"start":{"line":190,"column":91},"end":{"line":190,"column":93}}]},"20":{"loc":{"start":{"line":190,"column":21},"end":{"line":190,"column":72}},"type":"binary-expr","locations":[{"start":{"line":190,"column":21},"end":{"line":190,"column":51}},{"start":{"line":190,"column":55},"end":{"line":190,"column":72}}]},"21":{"loc":{"start":{"line":227,"column":26},"end":{"line":227,"column":106}},"type":"cond-expr","locations":[{"start":{"line":227,"column":50},"end":{"line":227,"column":99}},{"start":{"line":227,"column":102},"end":{"line":227,"column":106}}]},"22":{"loc":{"start":{"line":6,"column":30},"end":{"line":6,"column":46}},"type":"cond-expr","locations":[{"start":{"line":6,"column":43},"end":{"line":6,"column":46}},{"start":{"line":6,"column":43},"end":{"line":6,"column":46}}]},"23":{"loc":{"start":{"line":6,"column":30},"end":{"line":6,"column":43}},"type":"binary-expr","locations":[{"start":{"line":6,"column":30},"end":{"line":6,"column":46}},{"start":{"line":6,"column":30},"end":{"line":6,"column":43}}]}},"s":{"0":2,"1":2,"2":2,"3":0,"4":0,"5":0,"6":0,"7":0,"8":0,"9":0,"10":0,"11":0,"12":0,"13":0,"14":0,"15":0,"16":0,"17":0,"18":0,"19":0,"20":0,"21":0,"22":0,"23":0,"24":0,"25":0,"26":0,"27":0,"28":0,"29":0,"30":0,"31":0,"32":0,"33":0,"34":0,"35":0,"36":0,"37":0,"38":0,"39":0,"40":0,"41":0,"42":2,"43":2},"f":{"0":0,"1":0,"2":0,"3":0,"4":0,"5":0,"6":0,"7":0},"b":{"0":[0],"1":[0],"2":[0,0],"3":[0,0],"4":[0,0],"5":[0,0],"6":[0,0],"7":[0,0],"8":[0,0],"9":[0,0],"10":[0,0],"11":[0,0],"12":[0,0],"13":[0,0],"14":[0],"15":[0],"16":[0,0],"17":[0,0],"18":[0,0],"19":[0,0],"20":[0,0],"21":[0,0],"22":[2,0],"23":[2,2]}}
,"/Users/yanchaodu/workspace/CheckUp/backend/src/approvals/dto/approval.dto.ts": {"path":"/Users/yanchaodu/workspace/CheckUp/backend/src/approvals/dto/approval.dto.ts","statementMap":{"0":{"start":{"line":1,"column":0},"end":{"line":1,"column":46}},"1":{"start":{"line":2,"column":0},"end":{"line":2,"column":79}},"2":{"start":{"line":4,"column":0},"end":{"line":4,"column":13}},"3":{"start":{"line":7,"column":2},"end":{"line":7,"column":null}},"4":{"start":{"line":13,"column":2},"end":{"line":13,"column":null}},"5":{"start":{"line":10,"column":28},"end":{"line":10,"column":47}},"6":{"start":{"line":19,"column":2},"end":{"line":19,"column":null}},"7":{"start":{"line":16,"column":28},"end":{"line":16,"column":47}},"8":{"start":{"line":22,"column":0},"end":{"line":22,"column":13}},"9":{"start":{"line":25,"column":2},"end":{"line":25,"column":null}},"10":{"start":{"line":28,"column":0},"end":{"line":28,"column":13}},"11":{"start":{"line":31,"column":2},"end":{"line":31,"column":null}}},"fnMap":{"0":{"name":"(anonymous_2)","decl":{"start":{"line":10,"column":13},"end":{"line":10,"column":14}},"loc":{"start":{"line":10,"column":28},"end":{"line":10,"column":47}}},"1":{"name":"(anonymous_3)","decl":{"start":{"line":16,"column":13},"end":{"line":16,"column":14}},"loc":{"start":{"line":16,"column":28},"end":{"line":16,"column":47}}}},"branchMap":{},"s":{"0":1,"1":1,"2":1,"3":1,"4":1,"5":0,"6":1,"7":0,"8":1,"9":1,"10":1,"11":1},"f":{"0":0,"1":0},"b":{}}
,"/Users/yanchaodu/workspace/CheckUp/backend/src/auth/auth.controller.ts": {"path":"/Users/yanchaodu/workspace/CheckUp/backend/src/auth/auth.controller.ts","statementMap":{"0":{"start":{"line":1,"column":0},"end":{"line":1,"column":111}},"1":{"start":{"line":3,"column":0},"end":{"line":3,"column":45}},"2":{"start":{"line":4,"column":0},"end":{"line":4,"column":43}},"3":{"start":{"line":5,"column":0},"end":{"line":5,"column":54}},"4":{"start":{"line":6,"column":0},"end":{"line":6,"column":55}},"5":{"start":{"line":7,"column":0},"end":{"line":7,"column":45}},"6":{"start":{"line":8,"column":0},"end":{"line":8,"column":66}},"7":{"start":{"line":9,"column":0},"end":{"line":9,"column":47}},"8":{"start":{"line":10,"column":0},"end":{"line":10,"column":60}},"9":{"start":{"line":11,"column":0},"end":{"line":11,"column":69}},"10":{"start":{"line":12,"column":0},"end":{"line":12,"column":78}},"11":{"start":{"line":15,"column":7},"end":{"line":198,"column":null}},"12":{"start":{"line":17,"column":12},"end":{"line":17,"column":25}},"13":{"start":{"line":18,"column":12},"end":{"line":18,"column":27}},"14":{"start":{"line":19,"column":12},"end":{"line":19,"column":28}},"15":{"start":{"line":20,"column":12},"end":{"line":20,"column":32}},"16":{"start":{"line":26,"column":4},"end":{"line":26,"column":44}},"17":{"start":{"line":33,"column":4},"end":{"line":35,"column":5}},"18":{"start":{"line":34,"column":6},"end":{"line":34,"column":60}},"19":{"start":{"line":36,"column":4},"end":{"line":36,"column":50}},"20":{"start":{"line":43,"column":4},"end":{"line":43,"column":74}},"21":{"start":{"line":44,"column":4},"end":{"line":44,"column":40}},"22":{"start":{"line":45,"column":4},"end":{"line":45,"column":34}},"23":{"start":{"line":46,"column":4},"end":{"line":46,"column":16}},"24":{"start":{"line":55,"column":25},"end":{"line":55,"column":81}},"25":{"start":{"line":56,"column":21},"end":{"line":56,"column":73}},"26":{"start":{"line":57,"column":24},"end":{"line":57,"column":79}},"27":{"start":{"line":59,"column":4},"end":{"line":61,"column":5}},"28":{"start":{"line":60,"column":6},"end":{"line":60,"column":56}},"29":{"start":{"line":64,"column":40},"end":{"line":64,"column":80}},"30":{"start":{"line":67,"column":20},"end":{"line":67,"column":41}},"31":{"start":{"line":68,"column":4},"end":{"line":68,"column":52}},"32":{"start":{"line":69,"column":4},"end":{"line":69,"column":58}},"33":{"start":{"line":70,"column":4},"end":{"line":70,"column":62}},"34":{"start":{"line":71,"column":4},"end":{"line":71,"column":54}},"35":{"start":{"line":72,"column":4},"end":{"line":72,"column":45}},"36":{"start":{"line":73,"column":4},"end":{"line":73,"column":45}},"37":{"start":{"line":76,"column":4},"end":{"line":81,"column":7}},"38":{"start":{"line":84,"column":4},"end":{"line":84,"column":44}},"39":{"start":{"line":98,"column":4},"end":{"line":181,"column":5}},"40":{"start":{"line":100,"column":29},"end":{"line":100,"column":54}},"41":{"start":{"line":101,"column":25},"end":{"line":101,"column":68}},"42":{"start":{"line":103,"column":6},"end":{"line":108,"column":7}},"43":{"start":{"line":104,"column":28},"end":{"line":104,"column":147}},"44":{"start":{"line":105,"column":25},"end":{"line":105,"column":60}},"45":{"start":{"line":106,"column":8},"end":{"line":106,"column":102}},"46":{"start":{"line":107,"column":8},"end":{"line":107,"column":49}},"47":{"start":{"line":111,"column":20},"end":{"line":111,"column":85}},"48":{"start":{"line":113,"column":6},"end":{"line":118,"column":7}},"49":{"start":{"line":114,"column":28},"end":{"line":114,"column":147}},"50":{"start":{"line":115,"column":25},"end":{"line":115,"column":60}},"51":{"start":{"line":116,"column":8},"end":{"line":116,"column":100}},"52":{"start":{"line":117,"column":8},"end":{"line":117,"column":49}},"53":{"start":{"line":121,"column":6},"end":{"line":121,"column":56}},"54":{"start":{"line":124,"column":6},"end":{"line":124,"column":48}},"55":{"start":{"line":127,"column":19},"end":{"line":127,"column":34}},"56":{"start":{"line":129,"column":6},"end":{"line":134,"column":7}},"57":{"start":{"line":130,"column":28},"end":{"line":130,"column":147}},"58":{"start":{"line":131,"column":25},"end":{"line":131,"column":60}},"59":{"start":{"line":132,"column":8},"end":{"line":132,"column":106}},"60":{"start":{"line":133,"column":8},"end":{"line":133,"column":49}},"61":{"start":{"line":137,"column":28},"end":{"line":142,"column":null}},"62":{"start":{"line":146,"column":22},"end":{"line":152,"column":8}},"63":{"start":{"line":154,"column":20},"end":{"line":154,"column":64}},"64":{"start":{"line":157,"column":34},"end":{"line":157,"column":98}},"65":{"start":{"line":159,"column":6},"end":{"line":161,"column":7}},"66":{"start":{"line":160,"column":8},"end":{"line":160,"column":73}},"67":{"start":{"line":163,"column":26},"end":{"line":163,"column":54}},"68":{"start":{"line":164,"column":6},"end":{"line":164,"column":51}},"69":{"start":{"line":165,"column":6},"end":{"line":165,"column":65}},"70":{"start":{"line":167,"column":6},"end":{"line":167,"column":50}},"71":{"start":{"line":169,"column":6},"end":{"line":169,"column":55}},"72":{"start":{"line":170,"column":26},"end":{"line":170,"column":145}},"73":{"start":{"line":171,"column":23},"end":{"line":171,"column":58}},"74":{"start":{"line":174,"column":25},"end":{"line":174,"column":84}},"75":{"start":{"line":175,"column":6},"end":{"line":177,"column":7}},"76":{"start":{"line":176,"column":8},"end":{"line":176,"column":37}},"77":{"start":{"line":179,"column":6},"end":{"line":179,"column":57}},"78":{"start":{"line":180,"column":6},"end":{"line":180,"column":47}},"79":{"start":{"line":194,"column":4},"end":{"line":196,"column":6}},"80":{"start":{"line":15,"column":13},"end":{"line":15,"column":27}},"81":{"start":{"line":25,"column":8},"end":{"line":27,"column":null}},"82":{"start":{"line":31,"column":8},"end":{"line":37,"column":null}},"83":{"start":{"line":41,"column":8},"end":{"line":47,"column":null}},"84":{"start":{"line":54,"column":8},"end":{"line":85,"column":null}},"85":{"start":{"line":94,"column":8},"end":{"line":182,"column":null}},"86":{"start":{"line":189,"column":8},"end":{"line":197,"column":null}},"87":{"start":{"line":15,"column":13},"end":{"line":198,"column":null}}},"fnMap":{"0":{"name":"(anonymous_4)","decl":{"start":{"line":16,"column":2},"end":{"line":16,"column":null}},"loc":{"start":{"line":20,"column":50},"end":{"line":21,"column":6}}},"1":{"name":"(anonymous_5)","decl":{"start":{"line":25,"column":8},"end":{"line":25,"column":13}},"loc":{"start":{"line":25,"column":40},"end":{"line":27,"column":3}}},"2":{"name":"(anonymous_6)","decl":{"start":{"line":31,"column":8},"end":{"line":31,"column":14}},"loc":{"start":{"line":31,"column":39},"end":{"line":37,"column":3}}},"3":{"name":"(anonymous_7)","decl":{"start":{"line":41,"column":8},"end":{"line":41,"column":13}},"loc":{"start":{"line":41,"column":81},"end":{"line":47,"column":3}}},"4":{"name":"(anonymous_8)","decl":{"start":{"line":54,"column":8},"end":{"line":54,"column":25}},"loc":{"start":{"line":54,"column":46},"end":{"line":85,"column":3}}},"5":{"name":"(anonymous_9)","decl":{"start":{"line":94,"column":8},"end":{"line":94,"column":24}},"loc":{"start":{"line":96,"column":24},"end":{"line":182,"column":3}}},"6":{"name":"(anonymous_10)","decl":{"start":{"line":189,"column":8},"end":{"line":189,"column":21}},"loc":{"start":{"line":190,"column":46},"end":{"line":197,"column":3}}}},"branchMap":{"0":{"loc":{"start":{"line":33,"column":4},"end":{"line":35,"column":5}},"type":"if","locations":[{"start":{"line":33,"column":4},"end":{"line":35,"column":5}},{"start":{},"end":{}}]},"1":{"loc":{"start":{"line":59,"column":4},"end":{"line":61,"column":5}},"type":"if","locations":[{"start":{"line":59,"column":4},"end":{"line":61,"column":5}},{"start":{},"end":{}}]},"2":{"loc":{"start":{"line":59,"column":8},"end":{"line":59,"column":50}},"type":"binary-expr","locations":[{"start":{"line":59,"column":8},"end":{"line":59,"column":21}},{"start":{"line":59,"column":25},"end":{"line":59,"column":34}},{"start":{"line":59,"column":38},"end":{"line":59,"column":50}}]},"3":{"loc":{"start":{"line":103,"column":6},"end":{"line":108,"column":7}},"type":"if","locations":[{"start":{"line":103,"column":6},"end":{"line":108,"column":7}},{"start":{},"end":{}}]},"4":{"loc":{"start":{"line":103,"column":10},"end":{"line":103,"column":39}},"type":"binary-expr","locations":[{"start":{"line":103,"column":10},"end":{"line":103,"column":20}},{"start":{"line":103,"column":24},"end":{"line":103,"column":39}}]},"5":{"loc":{"start":{"line":104,"column":28},"end":{"line":104,"column":147}},"type":"binary-expr","locations":[{"start":{"line":104,"column":28},"end":{"line":104,"column":120}},{"start":{"line":104,"column":124},"end":{"line":104,"column":147}}]},"6":{"loc":{"start":{"line":113,"column":6},"end":{"line":118,"column":7}},"type":"if","locations":[{"start":{"line":113,"column":6},"end":{"line":118,"column":7}},{"start":{},"end":{}}]},"7":{"loc":{"start":{"line":114,"column":28},"end":{"line":114,"column":147}},"type":"binary-expr","locations":[{"start":{"line":114,"column":28},"end":{"line":114,"column":120}},{"start":{"line":114,"column":124},"end":{"line":114,"column":147}}]},"8":{"loc":{"start":{"line":129,"column":6},"end":{"line":134,"column":7}},"type":"if","locations":[{"start":{"line":129,"column":6},"end":{"line":134,"column":7}},{"start":{},"end":{}}]},"9":{"loc":{"start":{"line":130,"column":28},"end":{"line":130,"column":147}},"type":"binary-expr","locations":[{"start":{"line":130,"column":28},"end":{"line":130,"column":120}},{"start":{"line":130,"column":124},"end":{"line":130,"column":147}}]},"10":{"loc":{"start":{"line":159,"column":6},"end":{"line":161,"column":7}},"type":"if","locations":[{"start":{"line":159,"column":6},"end":{"line":161,"column":7}},{"start":{},"end":{}}]},"11":{"loc":{"start":{"line":170,"column":26},"end":{"line":170,"column":145}},"type":"binary-expr","locations":[{"start":{"line":170,"column":26},"end":{"line":170,"column":118}},{"start":{"line":170,"column":122},"end":{"line":170,"column":145}}]},"12":{"loc":{"start":{"line":175,"column":6},"end":{"line":177,"column":7}},"type":"if","locations":[{"start":{"line":175,"column":6},"end":{"line":177,"column":7}},{"start":{},"end":{}}]},"13":{"loc":{"start":{"line":175,"column":10},"end":{"line":175,"column":49}},"type":"binary-expr","locations":[{"start":{"line":175,"column":10},"end":{"line":175,"column":32}},{"start":{"line":175,"column":36},"end":{"line":175,"column":49}}]},"14":{"loc":{"start":{"line":25,"column":32},"end":{"line":25,"column":null}},"type":"cond-expr","locations":[{"start":{"line":25,"column":40},"end":{"line":25,"column":null}},{"start":{"line":25,"column":40},"end":{"line":25,"column":null}}]},"15":{"loc":{"start":{"line":25,"column":32},"end":{"line":25,"column":40}},"type":"binary-expr","locations":[{"start":{"line":25,"column":32},"end":{"line":25,"column":null}},{"start":{"line":25,"column":32},"end":{"line":25,"column":40}}]},"16":{"loc":{"start":{"line":190,"column":30},"end":{"line":190,"column":null}},"type":"cond-expr","locations":[{"start":{"line":190,"column":46},"end":{"line":190,"column":null}},{"start":{"line":190,"column":46},"end":{"line":190,"column":null}}]},"17":{"loc":{"start":{"line":190,"column":30},"end":{"line":190,"column":46}},"type":"binary-expr","locations":[{"start":{"line":190,"column":30},"end":{"line":190,"column":null}},{"start":{"line":190,"column":30},"end":{"line":190,"column":46}}]},"18":{"loc":{"start":{"line":17,"column":25},"end":{"line":17,"column":null}},"type":"cond-expr","locations":[{"start":{"line":17,"column":36},"end":{"line":17,"column":null}},{"start":{"line":17,"column":36},"end":{"line":17,"column":null}}]},"19":{"loc":{"start":{"line":17,"column":25},"end":{"line":17,"column":36}},"type":"binary-expr","locations":[{"start":{"line":17,"column":25},"end":{"line":17,"column":null}},{"start":{"line":17,"column":25},"end":{"line":17,"column":36}}]},"20":{"loc":{"start":{"line":17,"column":36},"end":{"line":18,"column":null}},"type":"cond-expr","locations":[{"start":{"line":18,"column":40},"end":{"line":18,"column":null}},{"start":{"line":18,"column":40},"end":{"line":18,"column":null}}]},"21":{"loc":{"start":{"line":17,"column":36},"end":{"line":18,"column":40}},"type":"binary-expr","locations":[{"start":{"line":17,"column":36},"end":{"line":18,"column":null}},{"start":{"line":18,"column":27},"end":{"line":18,"column":40}}]},"22":{"loc":{"start":{"line":18,"column":40},"end":{"line":19,"column":null}},"type":"cond-expr","locations":[{"start":{"line":19,"column":42},"end":{"line":19,"column":null}},{"start":{"line":19,"column":42},"end":{"line":19,"column":null}}]},"23":{"loc":{"start":{"line":18,"column":40},"end":{"line":19,"column":42}},"type":"binary-expr","locations":[{"start":{"line":18,"column":40},"end":{"line":19,"column":null}},{"start":{"line":19,"column":28},"end":{"line":19,"column":42}}]},"24":{"loc":{"start":{"line":19,"column":42},"end":{"line":20,"column":null}},"type":"cond-expr","locations":[{"start":{"line":20,"column":50},"end":{"line":20,"column":null}},{"start":{"line":20,"column":50},"end":{"line":20,"column":null}}]},"25":{"loc":{"start":{"line":19,"column":42},"end":{"line":20,"column":50}},"type":"binary-expr","locations":[{"start":{"line":19,"column":42},"end":{"line":20,"column":null}},{"start":{"line":20,"column":32},"end":{"line":20,"column":50}}]}},"s":{"0":1,"1":1,"2":1,"3":1,"4":1,"5":1,"6":1,"7":1,"8":1,"9":1,"10":1,"11":1,"12":0,"13":0,"14":0,"15":0,"16":0,"17":0,"18":0,"19":0,"20":0,"21":0,"22":0,"23":0,"24":0,"25":0,"26":0,"27":0,"28":0,"29":0,"30":0,"31":0,"32":0,"33":0,"34":0,"35":0,"36":0,"37":0,"38":0,"39":0,"40":0,"41":0,"42":0,"43":0,"44":0,"45":0,"46":0,"47":0,"48":0,"49":0,"50":0,"51":0,"52":0,"53":0,"54":0,"55":0,"56":0,"57":0,"58":0,"59":0,"60":0,"61":0,"62":0,"63":0,"64":0,"65":0,"66":0,"67":0,"68":0,"69":0,"70":0,"71":0,"72":0,"73":0,"74":0,"75":0,"76":0,"77":0,"78":0,"79":0,"80":1,"81":1,"82":1,"83":1,"84":1,"85":1,"86":1,"87":1},"f":{"0":0,"1":0,"2":0,"3":0,"4":0,"5":0,"6":0},"b":{"0":[0,0],"1":[0,0],"2":[0,0,0],"3":[0,0],"4":[0,0],"5":[0,0],"6":[0,0],"7":[0,0],"8":[0,0],"9":[0,0],"10":[0,0],"11":[0,0],"12":[0,0],"13":[0,0],"14":[1,0],"15":[1,1],"16":[1,0],"17":[1,1],"18":[1,0],"19":[1,1],"20":[1,0],"21":[1,1],"22":[1,0],"23":[1,1],"24":[1,0],"25":[1,1]}}
,"/Users/yanchaodu/workspace/CheckUp/backend/src/auth/auth.module.ts": {"path":"/Users/yanchaodu/workspace/CheckUp/backend/src/auth/auth.module.ts","statementMap":{"0":{"start":{"line":1,"column":0},"end":{"line":1,"column":40}},"1":{"start":{"line":2,"column":0},"end":{"line":2,"column":46}},"2":{"start":{"line":3,"column":0},"end":{"line":3,"column":40}},"3":{"start":{"line":4,"column":0},"end":{"line":4,"column":50}},"4":{"start":{"line":5,"column":0},"end":{"line":5,"column":45}},"5":{"start":{"line":6,"column":0},"end":{"line":6,"column":51}},"6":{"start":{"line":7,"column":0},"end":{"line":7,"column":56}},"7":{"start":{"line":8,"column":0},"end":{"line":8,"column":66}},"8":{"start":{"line":9,"column":0},"end":{"line":9,"column":81}},"9":{"start":{"line":10,"column":0},"end":{"line":10,"column":60}},"10":{"start":{"line":11,"column":0},"end":{"line":11,"column":69}},"11":{"start":{"line":12,"column":0},"end":{"line":12,"column":78}},"12":{"start":{"line":13,"column":0},"end":{"line":13,"column":55}},"13":{"start":{"line":37,"column":7},"end":{"line":37,"column":null}},"14":{"start":{"line":37,"column":13},"end":{"line":37,"column":23}},"15":{"start":{"line":37,"column":13},"end":{"line":37,"column":null}}},"fnMap":{},"branchMap":{"0":{"loc":{"start":{"line":21,"column":14},"end":{"line":21,"column":57}},"type":"binary-expr","locations":[{"start":{"line":21,"column":14},"end":{"line":21,"column":36}},{"start":{"line":21,"column":40},"end":{"line":21,"column":57}}]}},"s":{"0":0,"1":0,"2":0,"3":0,"4":0,"5":0,"6":0,"7":0,"8":0,"9":0,"10":0,"11":0,"12":0,"13":0,"14":0,"15":0},"f":{},"b":{"0":[0,0]}}
,"/Users/yanchaodu/workspace/CheckUp/backend/src/auth/auth.service.ts": {"path":"/Users/yanchaodu/workspace/CheckUp/backend/src/auth/auth.service.ts","statementMap":{"0":{"start":{"line":1,"column":0},"end":{"line":1,"column":67}},"1":{"start":{"line":2,"column":0},"end":{"line":2,"column":41}},"2":{"start":{"line":3,"column":0},"end":{"line":3,"column":57}},"3":{"start":{"line":4,"column":0},"end":{"line":4,"column":33}},"4":{"start":{"line":7,"column":0},"end":{"line":7,"column":69}},"5":{"start":{"line":10,"column":7},"end":{"line":224,"column":null}},"6":{"start":{"line":12,"column":12},"end":{"line":12,"column":20}},"7":{"start":{"line":13,"column":12},"end":{"line":13,"column":24}},"8":{"start":{"line":14,"column":12},"end":{"line":14,"column":32}},"9":{"start":{"line":18,"column":17},"end":{"line":21,"column":6}},"10":{"start":{"line":23,"column":4},"end":{"line":25,"column":5}},"11":{"start":{"line":24,"column":6},"end":{"line":24,"column":61}},"12":{"start":{"line":27,"column":28},"end":{"line":29,"column":null}},"13":{"start":{"line":32,"column":4},"end":{"line":34,"column":5}},"14":{"start":{"line":33,"column":6},"end":{"line":33,"column":61}},"15":{"start":{"line":36,"column":4},"end":{"line":38,"column":5}},"16":{"start":{"line":37,"column":6},"end":{"line":37,"column":61}},"17":{"start":{"line":41,"column":4},"end":{"line":44,"column":7}},"18":{"start":{"line":47,"column":22},"end":{"line":52,"column":null}},"19":{"start":{"line":55,"column":20},"end":{"line":61,"column":6}},"20":{"start":{"line":63,"column":18},"end":{"line":63,"column":47}},"21":{"start":{"line":65,"column":4},"end":{"line":76,"column":6}},"22":{"start":{"line":80,"column":17},"end":{"line":83,"column":6}},"23":{"start":{"line":85,"column":4},"end":{"line":87,"column":5}},"24":{"start":{"line":86,"column":6},"end":{"line":86,"column":18}},"25":{"start":{"line":89,"column":4},"end":{"line":96,"column":6}},"26":{"start":{"line":106,"column":33},"end":{"line":113,"column":6}},"27":{"start":{"line":115,"column":4},"end":{"line":138,"column":5}},"28":{"start":{"line":117,"column":19},"end":{"line":117,"column":44}},"29":{"start":{"line":119,"column":6},"end":{"line":121,"column":7}},"30":{"start":{"line":120,"column":8},"end":{"line":120,"column":83}},"31":{"start":{"line":124,"column":6},"end":{"line":127,"column":9}},"32":{"start":{"line":129,"column":6},"end":{"line":137,"column":8}},"33":{"start":{"line":142,"column":4},"end":{"line":179,"column":5}},"34":{"start":{"line":143,"column":31},"end":{"line":146,"column":8}},"35":{"start":{"line":148,"column":6},"end":{"line":178,"column":7}},"36":{"start":{"line":150,"column":8},"end":{"line":157,"column":11}},"37":{"start":{"line":159,"column":8},"end":{"line":161,"column":9}},"38":{"start":{"line":160,"column":10},"end":{"line":160,"column":85}},"39":{"start":{"line":164,"column":8},"end":{"line":167,"column":11}},"40":{"start":{"line":169,"column":8},"end":{"line":177,"column":10}},"41":{"start":{"line":183,"column":24},"end":{"line":183,"column":60}},"42":{"start":{"line":185,"column":4},"end":{"line":193,"column":5}},"43":{"start":{"line":187,"column":6},"end":{"line":192,"column":9}},"44":{"start":{"line":196,"column":20},"end":{"line":207,"column":6}},"45":{"start":{"line":210,"column":4},"end":{"line":217,"column":7}},"46":{"start":{"line":220,"column":4},"end":{"line":222,"column":6}},"47":{"start":{"line":10,"column":13},"end":{"line":10,"column":24}},"48":{"start":{"line":10,"column":13},"end":{"line":224,"column":null}}},"fnMap":{"0":{"name":"(anonymous_11)","decl":{"start":{"line":11,"column":2},"end":{"line":11,"column":null}},"loc":{"start":{"line":14,"column":50},"end":{"line":15,"column":6}}},"1":{"name":"(anonymous_12)","decl":{"start":{"line":17,"column":2},"end":{"line":17,"column":7}},"loc":{"start":{"line":17,"column":32},"end":{"line":77,"column":3}}},"2":{"name":"(anonymous_13)","decl":{"start":{"line":79,"column":2},"end":{"line":79,"column":7}},"loc":{"start":{"line":79,"column":35},"end":{"line":97,"column":3}}},"3":{"name":"(anonymous_14)","decl":{"start":{"line":104,"column":2},"end":{"line":104,"column":7}},"loc":{"start":{"line":104,"column":63},"end":{"line":223,"column":3}}}},"branchMap":{"0":{"loc":{"start":{"line":23,"column":4},"end":{"line":25,"column":5}},"type":"if","locations":[{"start":{"line":23,"column":4},"end":{"line":25,"column":5}},{"start":{},"end":{}}]},"1":{"loc":{"start":{"line":32,"column":4},"end":{"line":34,"column":5}},"type":"if","locations":[{"start":{"line":32,"column":4},"end":{"line":34,"column":5}},{"start":{},"end":{}}]},"2":{"loc":{"start":{"line":36,"column":4},"end":{"line":38,"column":5}},"type":"if","locations":[{"start":{"line":36,"column":4},"end":{"line":38,"column":5}},{"start":{},"end":{}}]},"3":{"loc":{"start":{"line":85,"column":4},"end":{"line":87,"column":5}},"type":"if","locations":[{"start":{"line":85,"column":4},"end":{"line":87,"column":5}},{"start":{},"end":{}}]},"4":{"loc":{"start":{"line":85,"column":8},"end":{"line":85,"column":41}},"type":"binary-expr","locations":[{"start":{"line":85,"column":8},"end":{"line":85,"column":13}},{"start":{"line":85,"column":17},"end":{"line":85,"column":41}}]},"5":{"loc":{"start":{"line":115,"column":4},"end":{"line":138,"column":5}},"type":"if","locations":[{"start":{"line":115,"column":4},"end":{"line":138,"column":5}},{"start":{},"end":{}}]},"6":{"loc":{"start":{"line":119,"column":6},"end":{"line":121,"column":7}},"type":"if","locations":[{"start":{"line":119,"column":6},"end":{"line":121,"column":7}},{"start":{},"end":{}}]},"7":{"loc":{"start":{"line":142,"column":4},"end":{"line":179,"column":5}},"type":"if","locations":[{"start":{"line":142,"column":4},"end":{"line":179,"column":5}},{"start":{},"end":{}}]},"8":{"loc":{"start":{"line":148,"column":6},"end":{"line":178,"column":7}},"type":"if","locations":[{"start":{"line":148,"column":6},"end":{"line":178,"column":7}},{"start":{},"end":{}}]},"9":{"loc":{"start":{"line":159,"column":8},"end":{"line":161,"column":9}},"type":"if","locations":[{"start":{"line":159,"column":8},"end":{"line":161,"column":9}},{"start":{},"end":{}}]},"10":{"loc":{"start":{"line":185,"column":4},"end":{"line":193,"column":5}},"type":"if","locations":[{"start":{"line":185,"column":4},"end":{"line":193,"column":5}},{"start":{},"end":{}}]},"11":{"loc":{"start":{"line":12,"column":20},"end":{"line":12,"column":null}},"type":"cond-expr","locations":[{"start":{"line":12,"column":33},"end":{"line":12,"column":null}},{"start":{"line":12,"column":33},"end":{"line":12,"column":null}}]},"12":{"loc":{"start":{"line":12,"column":20},"end":{"line":12,"column":33}},"type":"binary-expr","locations":[{"start":{"line":12,"column":20},"end":{"line":12,"column":null}},{"start":{"line":12,"column":20},"end":{"line":12,"column":33}}]},"13":{"loc":{"start":{"line":12,"column":33},"end":{"line":13,"column":null}},"type":"cond-expr","locations":[{"start":{"line":13,"column":34},"end":{"line":13,"column":null}},{"start":{"line":13,"column":34},"end":{"line":13,"column":null}}]},"14":{"loc":{"start":{"line":12,"column":33},"end":{"line":13,"column":34}},"type":"binary-expr","locations":[{"start":{"line":12,"column":33},"end":{"line":13,"column":null}},{"start":{"line":13,"column":24},"end":{"line":13,"column":34}}]},"15":{"loc":{"start":{"line":13,"column":34},"end":{"line":14,"column":null}},"type":"cond-expr","locations":[{"start":{"line":14,"column":50},"end":{"line":14,"column":null}},{"start":{"line":14,"column":50},"end":{"line":14,"column":null}}]},"16":{"loc":{"start":{"line":13,"column":34},"end":{"line":14,"column":50}},"type":"binary-expr","locations":[{"start":{"line":13,"column":34},"end":{"line":14,"column":null}},{"start":{"line":14,"column":32},"end":{"line":14,"column":50}}]}},"s":{"0":3,"1":3,"2":3,"3":3,"4":3,"5":3,"6":0,"7":0,"8":0,"9":0,"10":0,"11":0,"12":0,"13":0,"14":0,"15":0,"16":0,"17":0,"18":0,"19":0,"20":0,"21":0,"22":0,"23":0,"24":0,"25":0,"26":0,"27":0,"28":0,"29":0,"30":0,"31":0,"32":0,"33":0,"34":0,"35":0,"36":0,"37":0,"38":0,"39":0,"40":0,"41":0,"42":0,"43":0,"44":0,"45":0,"46":0,"47":3,"48":3},"f":{"0":0,"1":0,"2":0,"3":0},"b":{"0":[0,0],"1":[0,0],"2":[0,0],"3":[0,0],"4":[0,0],"5":[0,0],"6":[0,0],"7":[0,0],"8":[0,0],"9":[0,0],"10":[0,0],"11":[3,0],"12":[3,3],"13":[3,0],"14":[3,3],"15":[3,0],"16":[3,3]}}
,"/Users/yanchaodu/workspace/CheckUp/backend/src/auth/decorators/current-user.decorator.ts": {"path":"/Users/yanchaodu/workspace/CheckUp/backend/src/auth/decorators/current-user.decorator.ts","statementMap":{"0":{"start":{"line":1,"column":0},"end":{"line":1,"column":72}},"1":{"start":{"line":3,"column":13},"end":{"line":8,"column":2}},"2":{"start":{"line":5,"column":20},"end":{"line":5,"column":51}},"3":{"start":{"line":6,"column":4},"end":{"line":6,"column":24}}},"fnMap":{"0":{"name":"(anonymous_0)","decl":{"start":{"line":4,"column":2},"end":{"line":4,"column":3}},"loc":{"start":{"line":4,"column":43},"end":{"line":7,"column":3}}}},"branchMap":{},"s":{"0":6,"1":6,"2":0,"3":0},"f":{"0":0},"b":{}}
,"/Users/yanchaodu/workspace/CheckUp/backend/src/auth/decorators/roles.decorator.ts": {"path":"/Users/yanchaodu/workspace/CheckUp/backend/src/auth/decorators/roles.decorator.ts","statementMap":{"0":{"start":{"line":1,"column":0},"end":{"line":1,"column":45}},"1":{"start":{"line":3,"column":21},"end":{"line":3,"column":72}},"2":{"start":{"line":3,"column":45},"end":{"line":3,"column":72}},"3":{"start":{"line":3,"column":13},"end":{"line":3,"column":21}}},"fnMap":{"0":{"name":"(anonymous_0)","decl":{"start":{"line":3,"column":21},"end":{"line":3,"column":22}},"loc":{"start":{"line":3,"column":45},"end":{"line":3,"column":72}}}},"branchMap":{},"s":{"0":5,"1":5,"2":48,"3":5},"f":{"0":48},"b":{}}
,"/Users/yanchaodu/workspace/CheckUp/backend/src/auth/dto/corppass.dto.ts": {"path":"/Users/yanchaodu/workspace/CheckUp/backend/src/auth/dto/corppass.dto.ts","statementMap":{"0":{"start":{"line":1,"column":0},"end":{"line":1,"column":67}},"1":{"start":{"line":6,"column":0},"end":{"line":6,"column":13}},"2":{"start":{"line":9,"column":2},"end":{"line":9,"column":16}},"3":{"start":{"line":13,"column":2},"end":{"line":13,"column":18}},"4":{"start":{"line":19,"column":0},"end":{"line":19,"column":13}},"5":{"start":{"line":22,"column":2},"end":{"line":22,"column":16}},"6":{"start":{"line":26,"column":2},"end":{"line":26,"column":18}},"7":{"start":{"line":32,"column":0},"end":{"line":32,"column":13}},"8":{"start":{"line":47,"column":0},"end":{"line":47,"column":13}}},"fnMap":{},"branchMap":{},"s":{"0":1,"1":1,"2":1,"3":1,"4":1,"5":1,"6":1,"7":1,"8":1},"f":{},"b":{}}
,"/Users/yanchaodu/workspace/CheckUp/backend/src/auth/dto/login.dto.ts": {"path":"/Users/yanchaodu/workspace/CheckUp/backend/src/auth/dto/login.dto.ts","statementMap":{"0":{"start":{"line":1,"column":0},"end":{"line":1,"column":64}},"1":{"start":{"line":3,"column":0},"end":{"line":3,"column":13}},"2":{"start":{"line":6,"column":2},"end":{"line":6,"column":null}},"3":{"start":{"line":10,"column":2},"end":{"line":10,"column":null}},"4":{"start":{"line":13,"column":0},"end":{"line":13,"column":13}}},"fnMap":{},"branchMap":{},"s":{"0":1,"1":1,"2":1,"3":1,"4":1},"f":{},"b":{}}
,"/Users/yanchaodu/workspace/CheckUp/backend/src/auth/filters/corppass-exception.filter.ts": {"path":"/Users/yanchaodu/workspace/CheckUp/backend/src/auth/filters/corppass-exception.filter.ts","statementMap":{"0":{"start":{"line":1,"column":0},"end":{"line":1,"column":null}},"1":{"start":{"line":8,"column":0},"end":{"line":8,"column":47}},"2":{"start":{"line":16,"column":7},"end":{"line":53,"column":null}},"3":{"start":{"line":17,"column":22},"end":{"line":17,"column":37}},"4":{"start":{"line":20,"column":16},"end":{"line":20,"column":35}},"5":{"start":{"line":21,"column":21},"end":{"line":21,"column":48}},"6":{"start":{"line":22,"column":20},"end":{"line":22,"column":45}},"7":{"start":{"line":25,"column":4},"end":{"line":29,"column":5}},"8":{"start":{"line":27,"column":6},"end":{"line":27,"column":75}},"9":{"start":{"line":28,"column":6},"end":{"line":28,"column":13}},"10":{"start":{"line":32,"column":30},"end":{"line":32,"column":53}},"11":{"start":{"line":33,"column":23},"end":{"line":33,"column":82}},"12":{"start":{"line":35,"column":4},"end":{"line":40,"column":5}},"13":{"start":{"line":36,"column":6},"end":{"line":36,"column":39}},"14":{"start":{"line":37,"column":11},"end":{"line":40,"column":5}},"15":{"start":{"line":38,"column":19},"end":{"line":38,"column":52}},"16":{"start":{"line":39,"column":6},"end":{"line":39,"column":98}},"17":{"start":{"line":43,"column":24},"end":{"line":43,"column":143}},"18":{"start":{"line":44,"column":21},"end":{"line":44,"column":56}},"19":{"start":{"line":45,"column":4},"end":{"line":45,"column":55}},"20":{"start":{"line":47,"column":4},"end":{"line":47,"column":66}},"21":{"start":{"line":48,"column":4},"end":{"line":48,"column":58}},"22":{"start":{"line":51,"column":4},"end":{"line":51,"column":43}},"23":{"start":{"line":16,"column":13},"end":{"line":16,"column":36}},"24":{"start":{"line":16,"column":13},"end":{"line":53,"column":null}}},"fnMap":{"0":{"name":"(anonymous_2)","decl":{"start":{"line":17,"column":2},"end":{"line":17,"column":22}},"loc":{"start":{"line":17,"column":50},"end":{"line":17,"column":54}}},"1":{"name":"(anonymous_3)","decl":{"start":{"line":19,"column":2},"end":{"line":19,"column":7}},"loc":{"start":{"line":19,"column":61},"end":{"line":52,"column":3}}}},"branchMap":{"0":{"loc":{"start":{"line":25,"column":4},"end":{"line":29,"column":5}},"type":"if","locations":[{"start":{"line":25,"column":4},"end":{"line":29,"column":5}},{"start":{},"end":{}}]},"1":{"loc":{"start":{"line":35,"column":4},"end":{"line":40,"column":5}},"type":"if","locations":[{"start":{"line":35,"column":4},"end":{"line":40,"column":5}},{"start":{"line":37,"column":11},"end":{"line":40,"column":5}}]},"2":{"loc":{"start":{"line":37,"column":11},"end":{"line":40,"column":5}},"type":"if","locations":[{"start":{"line":37,"column":11},"end":{"line":40,"column":5}},{"start":{},"end":{}}]},"3":{"loc":{"start":{"line":37,"column":15},"end":{"line":37,"column":86}},"type":"binary-expr","locations":[{"start":{"line":37,"column":15},"end":{"line":37,"column":52}},{"start":{"line":37,"column":56},"end":{"line":37,"column":86}}]},"4":{"loc":{"start":{"line":39,"column":21},"end":{"line":39,"column":97}},"type":"cond-expr","locations":[{"start":{"line":39,"column":47},"end":{"line":39,"column":50}},{"start":{"line":39,"column":54},"end":{"line":39,"column":96}}]},"5":{"loc":{"start":{"line":39,"column":54},"end":{"line":39,"column":96}},"type":"cond-expr","locations":[{"start":{"line":39,"column":75},"end":{"line":39,"column":81}},{"start":{"line":39,"column":84},"end":{"line":39,"column":96}}]},"6":{"loc":{"start":{"line":43,"column":24},"end":{"line":43,"column":143}},"type":"binary-expr","locations":[{"start":{"line":43,"column":24},"end":{"line":43,"column":116}},{"start":{"line":43,"column":120},"end":{"line":43,"column":143}}]},"7":{"loc":{"start":{"line":17,"column":37},"end":{"line":17,"column":53}},"type":"cond-expr","locations":[{"start":{"line":17,"column":50},"end":{"line":17,"column":53}},{"start":{"line":17,"column":50},"end":{"line":17,"column":53}}]},"8":{"loc":{"start":{"line":17,"column":37},"end":{"line":17,"column":50}},"type":"binary-expr","locations":[{"start":{"line":17,"column":37},"end":{"line":17,"column":53}},{"start":{"line":17,"column":37},"end":{"line":17,"column":50}}]}},"s":{"0":1,"1":1,"2":1,"3":0,"4":0,"5":0,"6":0,"7":0,"8":0,"9":0,"10":0,"11":0,"12":0,"13":0,"14":0,"15":0,"16":0,"17":0,"18":0,"19":0,"20":0,"21":0,"22":0,"23":1,"24":1},"f":{"0":0,"1":0},"b":{"0":[0,0],"1":[0,0],"2":[0,0],"3":[0,0],"4":[0,0],"5":[0,0],"6":[0,0],"7":[1,0],"8":[1,1]}}
,"/Users/yanchaodu/workspace/CheckUp/backend/src/auth/guards/jwt-auth.guard.ts": {"path":"/Users/yanchaodu/workspace/CheckUp/backend/src/auth/guards/jwt-auth.guard.ts","statementMap":{"0":{"start":{"line":1,"column":0},"end":{"line":1,"column":44}},"1":{"start":{"line":2,"column":0},"end":{"line":2,"column":45}},"2":{"start":{"line":5,"column":7},"end":{"line":5,"column":null}},"3":{"start":{"line":5,"column":13},"end":{"line":5,"column":25}},"4":{"start":{"line":5,"column":13},"end":{"line":5,"column":null}}},"fnMap":{},"branchMap":{},"s":{"0":8,"1":8,"2":8,"3":8,"4":8},"f":{},"b":{}}
,"/Users/yanchaodu/workspace/CheckUp/backend/src/auth/guards/roles.guard.ts": {"path":"/Users/yanchaodu/workspace/CheckUp/backend/src/auth/guards/roles.guard.ts","statementMap":{"0":{"start":{"line":1,"column":0},"end":{"line":1,"column":75}},"1":{"start":{"line":2,"column":0},"end":{"line":2,"column":41}},"2":{"start":{"line":5,"column":7},"end":{"line":23,"column":null}},"3":{"start":{"line":6,"column":22},"end":{"line":6,"column":33}},"4":{"start":{"line":9,"column":26},"end":{"line":12,"column":6}},"5":{"start":{"line":14,"column":4},"end":{"line":16,"column":5}},"6":{"start":{"line":15,"column":6},"end":{"line":15,"column":18}},"7":{"start":{"line":18,"column":20},"end":{"line":18,"column":55}},"8":{"start":{"line":19,"column":17},"end":{"line":19,"column":29}},"9":{"start":{"line":21,"column":4},"end":{"line":21,"column":61}},"10":{"start":{"line":21,"column":40},"end":{"line":21,"column":59}},"11":{"start":{"line":5,"column":13},"end":{"line":5,"column":23}},"12":{"start":{"line":5,"column":13},"end":{"line":23,"column":null}}},"fnMap":{"0":{"name":"(anonymous_2)","decl":{"start":{"line":6,"column":2},"end":{"line":6,"column":22}},"loc":{"start":{"line":6,"column":42},"end":{"line":6,"column":46}}},"1":{"name":"(anonymous_3)","decl":{"start":{"line":8,"column":2},"end":{"line":8,"column":13}},"loc":{"start":{"line":8,"column":39},"end":{"line":22,"column":3}}},"2":{"name":"(anonymous_4)","decl":{"start":{"line":21,"column":30},"end":{"line":21,"column":31}},"loc":{"start":{"line":21,"column":40},"end":{"line":21,"column":59}}}},"branchMap":{"0":{"loc":{"start":{"line":14,"column":4},"end":{"line":16,"column":5}},"type":"if","locations":[{"start":{"line":14,"column":4},"end":{"line":16,"column":5}},{"start":{},"end":{}}]},"1":{"loc":{"start":{"line":6,"column":33},"end":{"line":6,"column":45}},"type":"cond-expr","locations":[{"start":{"line":6,"column":42},"end":{"line":6,"column":45}},{"start":{"line":6,"column":42},"end":{"line":6,"column":45}}]},"2":{"loc":{"start":{"line":6,"column":33},"end":{"line":6,"column":42}},"type":"binary-expr","locations":[{"start":{"line":6,"column":33},"end":{"line":6,"column":45}},{"start":{"line":6,"column":33},"end":{"line":6,"column":42}}]}},"s":{"0":4,"1":4,"2":4,"3":0,"4":0,"5":0,"6":0,"7":0,"8":0,"9":0,"10":0,"11":4,"12":4},"f":{"0":0,"1":0,"2":0},"b":{"0":[0,0],"1":[4,0],"2":[4,4]}}
,"/Users/yanchaodu/workspace/CheckUp/backend/src/auth/services/corppass-validator.service.ts": {"path":"/Users/yanchaodu/workspace/CheckUp/backend/src/auth/services/corppass-validator.service.ts","statementMap":{"0":{"start":{"line":1,"column":0},"end":{"line":1,"column":67}},"1":{"start":{"line":2,"column":0},"end":{"line":2,"column":47}},"2":{"start":{"line":3,"column":0},"end":{"line":3,"column":34}},"3":{"start":{"line":14,"column":7},"end":{"line":161,"column":null}},"4":{"start":{"line":20,"column":22},"end":{"line":20,"column":37}},"5":{"start":{"line":21,"column":20},"end":{"line":21,"column":71}},"6":{"start":{"line":22,"column":4},"end":{"line":22,"column":82}},"7":{"start":{"line":23,"column":4},"end":{"line":23,"column":87}},"8":{"start":{"line":25,"column":4},"end":{"line":27,"column":5}},"9":{"start":{"line":26,"column":6},"end":{"line":26,"column":115}},"10":{"start":{"line":29,"column":4},"end":{"line":35,"column":7}},"11":{"start":{"line":42,"column":4},"end":{"line":44,"column":5}},"12":{"start":{"line":43,"column":6},"end":{"line":43,"column":39}},"13":{"start":{"line":45,"column":4},"end":{"line":45,"column":21}},"14":{"start":{"line":54,"column":4},"end":{"line":140,"column":5}},"15":{"start":{"line":55,"column":19},"end":{"line":55,"column":40}},"16":{"start":{"line":58,"column":28},"end":{"line":58,"column":63}},"17":{"start":{"line":59,"column":18},"end":{"line":59,"column":35}},"18":{"start":{"line":61,"column":6},"end":{"line":63,"column":7}},"19":{"start":{"line":62,"column":8},"end":{"line":62,"column":70}},"20":{"start":{"line":66,"column":18},"end":{"line":66,"column":58}},"21":{"start":{"line":67,"column":24},"end":{"line":67,"column":42}},"22":{"start":{"line":70,"column":6},"end":{"line":72,"column":7}},"23":{"start":{"line":71,"column":8},"end":{"line":71,"column":73}},"24":{"start":{"line":75,"column":24},"end":{"line":75,"column":75}},"25":{"start":{"line":78,"column":26},"end":{"line":81,"column":8}},"26":{"start":{"line":90,"column":17},"end":{"line":90,"column":19}},"27":{"start":{"line":91,"column":24},"end":{"line":91,"column":66}},"28":{"start":{"line":92,"column":6},"end":{"line":94,"column":7}},"29":{"start":{"line":93,"column":8},"end":{"line":93,"column":27}},"30":{"start":{"line":97,"column":20},"end":{"line":97,"column":73}},"31":{"start":{"line":100,"column":19},"end":{"line":100,"column":60}},"32":{"start":{"line":104,"column":20},"end":{"line":106,"column":73}},"33":{"start":{"line":108,"column":41},"end":{"line":114,"column":8}},"34":{"start":{"line":117,"column":6},"end":{"line":119,"column":7}},"35":{"start":{"line":118,"column":8},"end":{"line":118,"column":77}},"36":{"start":{"line":121,"column":6},"end":{"line":123,"column":7}},"37":{"start":{"line":122,"column":8},"end":{"line":122,"column":95}},"38":{"start":{"line":125,"column":6},"end":{"line":125,"column":22}},"39":{"start":{"line":127,"column":19},"end":{"line":127,"column":40}},"40":{"start":{"line":129,"column":6},"end":{"line":131,"column":7}},"41":{"start":{"line":130,"column":8},"end":{"line":130,"column":70}},"42":{"start":{"line":132,"column":6},"end":{"line":134,"column":7}},"43":{"start":{"line":133,"column":8},"end":{"line":133,"column":92}},"44":{"start":{"line":135,"column":6},"end":{"line":137,"column":7}},"45":{"start":{"line":136,"column":8},"end":{"line":136,"column":95}},"46":{"start":{"line":139,"column":6},"end":{"line":139,"column":92}},"47":{"start":{"line":148,"column":4},"end":{"line":159,"column":5}},"48":{"start":{"line":149,"column":27},"end":{"line":149,"column":114}},"49":{"start":{"line":150,"column":23},"end":{"line":150,"column":48}},"50":{"start":{"line":152,"column":6},"end":{"line":154,"column":7}},"51":{"start":{"line":153,"column":8},"end":{"line":153,"column":84}},"52":{"start":{"line":156,"column":6},"end":{"line":156,"column":35}},"53":{"start":{"line":158,"column":6},"end":{"line":158,"column":101}},"54":{"start":{"line":14,"column":13},"end":{"line":14,"column":37}},"55":{"start":{"line":14,"column":13},"end":{"line":161,"column":null}}},"fnMap":{"0":{"name":"(anonymous_3)","decl":{"start":{"line":20,"column":2},"end":{"line":20,"column":22}},"loc":{"start":{"line":20,"column":50},"end":{"line":36,"column":3}}},"1":{"name":"(anonymous_4)","decl":{"start":{"line":41,"column":10},"end":{"line":41,"column":15}},"loc":{"start":{"line":41,"column":24},"end":{"line":46,"column":3}}},"2":{"name":"(anonymous_5)","decl":{"start":{"line":53,"column":2},"end":{"line":53,"column":7}},"loc":{"start":{"line":53,"column":37},"end":{"line":141,"column":3}}},"3":{"name":"(anonymous_6)","decl":{"start":{"line":147,"column":2},"end":{"line":147,"column":7}},"loc":{"start":{"line":147,"column":26},"end":{"line":160,"column":3}}}},"branchMap":{"0":{"loc":{"start":{"line":22,"column":26},"end":{"line":22,"column":81}},"type":"binary-expr","locations":[{"start":{"line":22,"column":26},"end":{"line":22,"column":75}},{"start":{"line":22,"column":79},"end":{"line":22,"column":81}}]},"1":{"loc":{"start":{"line":23,"column":28},"end":{"line":23,"column":86}},"type":"binary-expr","locations":[{"start":{"line":23,"column":28},"end":{"line":23,"column":80}},{"start":{"line":23,"column":84},"end":{"line":23,"column":86}}]},"2":{"loc":{"start":{"line":25,"column":4},"end":{"line":27,"column":5}},"type":"if","locations":[{"start":{"line":25,"column":4},"end":{"line":27,"column":5}},{"start":{},"end":{}}]},"3":{"loc":{"start":{"line":25,"column":8},"end":{"line":25,"column":66}},"type":"binary-expr","locations":[{"start":{"line":25,"column":8},"end":{"line":25,"column":16}},{"start":{"line":25,"column":20},"end":{"line":25,"column":40}},{"start":{"line":25,"column":44},"end":{"line":25,"column":66}}]},"4":{"loc":{"start":{"line":42,"column":4},"end":{"line":44,"column":5}},"type":"if","locations":[{"start":{"line":42,"column":4},"end":{"line":44,"column":5}},{"start":{},"end":{}}]},"5":{"loc":{"start":{"line":61,"column":6},"end":{"line":63,"column":7}},"type":"if","locations":[{"start":{"line":61,"column":6},"end":{"line":63,"column":7}},{"start":{},"end":{}}]},"6":{"loc":{"start":{"line":70,"column":6},"end":{"line":72,"column":7}},"type":"if","locations":[{"start":{"line":70,"column":6},"end":{"line":72,"column":7}},{"start":{},"end":{}}]},"7":{"loc":{"start":{"line":92,"column":6},"end":{"line":94,"column":7}},"type":"if","locations":[{"start":{"line":92,"column":6},"end":{"line":94,"column":7}},{"start":{},"end":{}}]},"8":{"loc":{"start":{"line":97,"column":20},"end":{"line":97,"column":73}},"type":"binary-expr","locations":[{"start":{"line":97,"column":20},"end":{"line":97,"column":60}},{"start":{"line":97,"column":64},"end":{"line":97,"column":73}}]},"9":{"loc":{"start":{"line":100,"column":19},"end":{"line":100,"column":60}},"type":"binary-expr","locations":[{"start":{"line":100,"column":19},"end":{"line":100,"column":54}},{"start":{"line":100,"column":58},"end":{"line":100,"column":60}}]},"10":{"loc":{"start":{"line":104,"column":20},"end":{"line":106,"column":73}},"type":"binary-expr","locations":[{"start":{"line":104,"column":20},"end":{"line":104,"column":43}},{"start":{"line":105,"column":20},"end":{"line":105,"column":56}},{"start":{"line":106,"column":21},"end":{"line":106,"column":72}}]},"11":{"loc":{"start":{"line":106,"column":21},"end":{"line":106,"column":72}},"type":"cond-expr","locations":[{"start":{"line":106,"column":28},"end":{"line":106,"column":67}},{"start":{"line":106,"column":70},"end":{"line":106,"column":72}}]},"12":{"loc":{"start":{"line":117,"column":6},"end":{"line":119,"column":7}},"type":"if","locations":[{"start":{"line":117,"column":6},"end":{"line":119,"column":7}},{"start":{},"end":{}}]},"13":{"loc":{"start":{"line":121,"column":6},"end":{"line":123,"column":7}},"type":"if","locations":[{"start":{"line":121,"column":6},"end":{"line":123,"column":7}},{"start":{},"end":{}}]},"14":{"loc":{"start":{"line":121,"column":10},"end":{"line":121,"column":43}},"type":"binary-expr","locations":[{"start":{"line":121,"column":10},"end":{"line":121,"column":25}},{"start":{"line":121,"column":29},"end":{"line":121,"column":43}}]},"15":{"loc":{"start":{"line":129,"column":6},"end":{"line":131,"column":7}},"type":"if","locations":[{"start":{"line":129,"column":6},"end":{"line":131,"column":7}},{"start":{},"end":{}}]},"16":{"loc":{"start":{"line":132,"column":6},"end":{"line":134,"column":7}},"type":"if","locations":[{"start":{"line":132,"column":6},"end":{"line":134,"column":7}},{"start":{},"end":{}}]},"17":{"loc":{"start":{"line":135,"column":6},"end":{"line":137,"column":7}},"type":"if","locations":[{"start":{"line":135,"column":6},"end":{"line":137,"column":7}},{"start":{},"end":{}}]},"18":{"loc":{"start":{"line":152,"column":6},"end":{"line":154,"column":7}},"type":"if","locations":[{"start":{"line":152,"column":6},"end":{"line":154,"column":7}},{"start":{},"end":{}}]},"19":{"loc":{"start":{"line":20,"column":37},"end":{"line":20,"column":null}},"type":"cond-expr","locations":[{"start":{"line":20,"column":50},"end":{"line":20,"column":null}},{"start":{"line":20,"column":50},"end":{"line":20,"column":null}}]},"20":{"loc":{"start":{"line":20,"column":37},"end":{"line":20,"column":50}},"type":"binary-expr","locations":[{"start":{"line":20,"column":37},"end":{"line":20,"column":null}},{"start":{"line":20,"column":37},"end":{"line":20,"column":50}}]}},"s":{"0":2,"1":2,"2":2,"3":2,"4":0,"5":0,"6":0,"7":0,"8":0,"9":0,"10":0,"11":0,"12":0,"13":0,"14":0,"15":0,"16":0,"17":0,"18":0,"19":0,"20":0,"21":0,"22":0,"23":0,"24":0,"25":0,"26":0,"27":0,"28":0,"29":0,"30":0,"31":0,"32":0,"33":0,"34":0,"35":0,"36":0,"37":0,"38":0,"39":0,"40":0,"41":0,"42":0,"43":0,"44":0,"45":0,"46":0,"47":0,"48":0,"49":0,"50":0,"51":0,"52":0,"53":0,"54":2,"55":2},"f":{"0":0,"1":0,"2":0,"3":0},"b":{"0":[0,0],"1":[0,0],"2":[0,0],"3":[0,0,0],"4":[0,0],"5":[0,0],"6":[0,0],"7":[0,0],"8":[0,0],"9":[0,0],"10":[0,0,0],"11":[0,0],"12":[0,0],"13":[0,0],"14":[0,0],"15":[0,0],"16":[0,0],"17":[0,0],"18":[0,0],"19":[2,0],"20":[2,2]}}
,"/Users/yanchaodu/workspace/CheckUp/backend/src/auth/services/session.service.ts": {"path":"/Users/yanchaodu/workspace/CheckUp/backend/src/auth/services/session.service.ts","statementMap":{"0":{"start":{"line":1,"column":0},"end":{"line":1,"column":44}},"1":{"start":{"line":2,"column":0},"end":{"line":2,"column":47}},"2":{"start":{"line":29,"column":7},"end":{"line":140,"column":null}},"3":{"start":{"line":30,"column":21},"end":{"line":30,"column":51}},"4":{"start":{"line":31,"column":39},"end":{"line":31,"column":53}},"5":{"start":{"line":33,"column":22},"end":{"line":33,"column":37}},"6":{"start":{"line":35,"column":4},"end":{"line":35,"column":68}},"7":{"start":{"line":35,"column":22},"end":{"line":35,"column":51}},"8":{"start":{"line":43,"column":22},"end":{"line":43,"column":48}},"9":{"start":{"line":44,"column":18},"end":{"line":44,"column":44}},"10":{"start":{"line":45,"column":18},"end":{"line":45,"column":44}},"11":{"start":{"line":47,"column":16},"end":{"line":47,"column":26}},"12":{"start":{"line":48,"column":37},"end":{"line":53,"column":6}},"13":{"start":{"line":55,"column":4},"end":{"line":55,"column":46}},"14":{"start":{"line":57,"column":4},"end":{"line":57,"column":39}},"15":{"start":{"line":67,"column":24},"end":{"line":67,"column":52}},"16":{"start":{"line":69,"column":4},"end":{"line":71,"column":5}},"17":{"start":{"line":70,"column":6},"end":{"line":70,"column":18}},"18":{"start":{"line":73,"column":4},"end":{"line":76,"column":5}},"19":{"start":{"line":74,"column":6},"end":{"line":74,"column":38}},"20":{"start":{"line":75,"column":6},"end":{"line":75,"column":18}},"21":{"start":{"line":78,"column":4},"end":{"line":80,"column":5}},"22":{"start":{"line":79,"column":6},"end":{"line":79,"column":18}},"23":{"start":{"line":83,"column":4},"end":{"line":83,"column":29}},"24":{"start":{"line":91,"column":4},"end":{"line":91,"column":36}},"25":{"start":{"line":99,"column":19},"end":{"line":99,"column":36}},"26":{"start":{"line":100,"column":4},"end":{"line":100,"column":56}},"27":{"start":{"line":107,"column":16},"end":{"line":107,"column":26}},"28":{"start":{"line":108,"column":18},"end":{"line":108,"column":19}},"29":{"start":{"line":110,"column":4},"end":{"line":115,"column":5}},"30":{"start":{"line":111,"column":6},"end":{"line":114,"column":7}},"31":{"start":{"line":112,"column":8},"end":{"line":112,"column":40}},"32":{"start":{"line":113,"column":8},"end":{"line":113,"column":18}},"33":{"start":{"line":117,"column":4},"end":{"line":119,"column":5}},"34":{"start":{"line":118,"column":6},"end":{"line":118,"column":66}},"35":{"start":{"line":126,"column":16},"end":{"line":126,"column":26}},"36":{"start":{"line":127,"column":18},"end":{"line":127,"column":19}},"37":{"start":{"line":129,"column":4},"end":{"line":133,"column":5}},"38":{"start":{"line":130,"column":6},"end":{"line":132,"column":7}},"39":{"start":{"line":131,"column":8},"end":{"line":131,"column":18}},"40":{"start":{"line":135,"column":4},"end":{"line":138,"column":6}},"41":{"start":{"line":29,"column":13},"end":{"line":29,"column":27}},"42":{"start":{"line":29,"column":13},"end":{"line":140,"column":null}}},"fnMap":{"0":{"name":"(anonymous_2)","decl":{"start":{"line":33,"column":2},"end":{"line":33,"column":22}},"loc":{"start":{"line":33,"column":50},"end":{"line":36,"column":3}}},"1":{"name":"(anonymous_3)","decl":{"start":{"line":35,"column":16},"end":{"line":35,"column":19}},"loc":{"start":{"line":35,"column":22},"end":{"line":35,"column":51}}},"2":{"name":"(anonymous_4)","decl":{"start":{"line":42,"column":2},"end":{"line":42,"column":20}},"loc":{"start":{"line":42,"column":20},"end":{"line":58,"column":3}}},"3":{"name":"(anonymous_5)","decl":{"start":{"line":66,"column":2},"end":{"line":66,"column":20}},"loc":{"start":{"line":66,"column":53},"end":{"line":84,"column":3}}},"4":{"name":"(anonymous_6)","decl":{"start":{"line":90,"column":2},"end":{"line":90,"column":20}},"loc":{"start":{"line":90,"column":38},"end":{"line":92,"column":3}}},"5":{"name":"(anonymous_7)","decl":{"start":{"line":97,"column":10},"end":{"line":97,"column":29}},"loc":{"start":{"line":97,"column":29},"end":{"line":101,"column":3}}},"6":{"name":"(anonymous_8)","decl":{"start":{"line":106,"column":10},"end":{"line":106,"column":32}},"loc":{"start":{"line":106,"column":32},"end":{"line":120,"column":3}}},"7":{"name":"(anonymous_9)","decl":{"start":{"line":125,"column":2},"end":{"line":125,"column":10}},"loc":{"start":{"line":125,"column":10},"end":{"line":139,"column":3}}}},"branchMap":{"0":{"loc":{"start":{"line":69,"column":4},"end":{"line":71,"column":5}},"type":"if","locations":[{"start":{"line":69,"column":4},"end":{"line":71,"column":5}},{"start":{},"end":{}}]},"1":{"loc":{"start":{"line":73,"column":4},"end":{"line":76,"column":5}},"type":"if","locations":[{"start":{"line":73,"column":4},"end":{"line":76,"column":5}},{"start":{},"end":{}}]},"2":{"loc":{"start":{"line":78,"column":4},"end":{"line":80,"column":5}},"type":"if","locations":[{"start":{"line":78,"column":4},"end":{"line":80,"column":5}},{"start":{},"end":{}}]},"3":{"loc":{"start":{"line":111,"column":6},"end":{"line":114,"column":7}},"type":"if","locations":[{"start":{"line":111,"column":6},"end":{"line":114,"column":7}},{"start":{},"end":{}}]},"4":{"loc":{"start":{"line":117,"column":4},"end":{"line":119,"column":5}},"type":"if","locations":[{"start":{"line":117,"column":4},"end":{"line":119,"column":5}},{"start":{},"end":{}}]},"5":{"loc":{"start":{"line":130,"column":6},"end":{"line":132,"column":7}},"type":"if","locations":[{"start":{"line":130,"column":6},"end":{"line":132,"column":7}},{"start":{},"end":{}}]},"6":{"loc":{"start":{"line":33,"column":37},"end":{"line":33,"column":null}},"type":"cond-expr","locations":[{"start":{"line":33,"column":50},"end":{"line":33,"column":null}},{"start":{"line":33,"column":50},"end":{"line":33,"column":null}}]},"7":{"loc":{"start":{"line":33,"column":37},"end":{"line":33,"column":50}},"type":"binary-expr","locations":[{"start":{"line":33,"column":37},"end":{"line":33,"column":null}},{"start":{"line":33,"column":37},"end":{"line":33,"column":50}}]}},"s":{"0":1,"1":1,"2":1,"3":0,"4":0,"5":0,"6":0,"7":0,"8":0,"9":0,"10":0,"11":0,"12":0,"13":0,"14":0,"15":0,"16":0,"17":0,"18":0,"19":0,"20":0,"21":0,"22":0,"23":0,"24":0,"25":0,"26":0,"27":0,"28":0,"29":0,"30":0,"31":0,"32":0,"33":0,"34":0,"35":0,"36":0,"37":0,"38":0,"39":0,"40":0,"41":1,"42":1},"f":{"0":0,"1":0,"2":0,"3":0,"4":0,"5":0,"6":0,"7":0},"b":{"0":[0,0],"1":[0,0],"2":[0,0],"3":[0,0],"4":[0,0],"5":[0,0],"6":[1,0],"7":[1,1]}}
,"/Users/yanchaodu/workspace/CheckUp/backend/src/auth/services/user-session.service.ts": {"path":"/Users/yanchaodu/workspace/CheckUp/backend/src/auth/services/user-session.service.ts","statementMap":{"0":{"start":{"line":1,"column":0},"end":{"line":1,"column":67}},"1":{"start":{"line":2,"column":0},"end":{"line":2,"column":47}},"2":{"start":{"line":56,"column":7},"end":{"line":264,"column":null}},"3":{"start":{"line":57,"column":21},"end":{"line":57,"column":51}},"4":{"start":{"line":60,"column":43},"end":{"line":60,"column":57}},"5":{"start":{"line":63,"column":45},"end":{"line":63,"column":64}},"6":{"start":{"line":65,"column":22},"end":{"line":65,"column":37}},"7":{"start":{"line":67,"column":4},"end":{"line":67,"column":68}},"8":{"start":{"line":67,"column":22},"end":{"line":67,"column":51}},"9":{"start":{"line":86,"column":22},"end":{"line":86,"column":48}},"10":{"start":{"line":87,"column":16},"end":{"line":87,"column":26}},"11":{"start":{"line":89,"column":33},"end":{"line":98,"column":6}},"12":{"start":{"line":100,"column":4},"end":{"line":100,"column":42}},"13":{"start":{"line":101,"column":4},"end":{"line":101,"column":86}},"14":{"start":{"line":103,"column":4},"end":{"line":103,"column":21}},"15":{"start":{"line":114,"column":20},"end":{"line":114,"column":48}},"16":{"start":{"line":116,"column":4},"end":{"line":119,"column":5}},"17":{"start":{"line":118,"column":6},"end":{"line":118,"column":82}},"18":{"start":{"line":121,"column":16},"end":{"line":121,"column":26}},"19":{"start":{"line":124,"column":4},"end":{"line":128,"column":5}},"20":{"start":{"line":125,"column":6},"end":{"line":125,"column":38}},"21":{"start":{"line":126,"column":6},"end":{"line":126,"column":76}},"22":{"start":{"line":127,"column":6},"end":{"line":127,"column":107}},"23":{"start":{"line":131,"column":24},"end":{"line":131,"column":50}},"24":{"start":{"line":132,"column":4},"end":{"line":137,"column":5}},"25":{"start":{"line":133,"column":6},"end":{"line":133,"column":38}},"26":{"start":{"line":134,"column":30},"end":{"line":134,"column":60}},"27":{"start":{"line":135,"column":6},"end":{"line":135,"column":133}},"28":{"start":{"line":136,"column":6},"end":{"line":136,"column":98}},"29":{"start":{"line":
[...]
line":700,"column":19},"end":{"line":702,"column":6}},"106":{"start":{"line":704,"column":4},"end":{"line":706,"column":5}},"107":{"start":{"line":705,"column":6},"end":{"line":705,"column":54}},"108":{"start":{"line":709,"column":21},"end":{"line":716,"column":6}},"109":{"start":{"line":718,"column":4},"end":{"line":720,"column":5}},"110":{"start":{"line":719,"column":6},"end":{"line":719,"column":78}},"111":{"start":{"line":723,"column":4},"end":{"line":728,"column":5}},"112":{"start":{"line":724,"column":6},"end":{"line":727,"column":9}},"113":{"start":{"line":730,"column":24},"end":{"line":755,"column":6}},"114":{"start":{"line":757,"column":4},"end":{"line":757,"column":23}},"115":{"start":{"line":762,"column":24},"end":{"line":769,"column":6}},"116":{"start":{"line":771,"column":4},"end":{"line":773,"column":5}},"117":{"start":{"line":772,"column":6},"end":{"line":772,"column":74}},"118":{"start":{"line":776,"column":4},"end":{"line":786,"column":5}},"119":{"start":{"line":777,"column":26},"end":{"line":779,"column":8}},"120":{"start":{"line":781,"column":6},"end":{"line":785,"column":7}},"121":{"start":{"line":782,"column":8},"end":{"line":784,"column":10}},"122":{"start":{"line":788,"column":4},"end":{"line":795,"column":7}},"123":{"start":{"line":797,"column":4},"end":{"line":797,"column":65}},"124":{"start":{"line":802,"column":24},"end":{"line":809,"column":6}},"125":{"start":{"line":811,"column":4},"end":{"line":813,"column":5}},"126":{"start":{"line":812,"column":6},"end":{"line":812,"column":74}},"127":{"start":{"line":816,"column":4},"end":{"line":819,"column":7}},"128":{"start":{"line":822,"column":20},"end":{"line":849,"column":6}},"129":{"start":{"line":851,"column":4},"end":{"line":851,"column":19}},"130":{"start":{"line":855,"column":18},"end":{"line":860,"column":6}},"131":{"start":{"line":862,"column":4},"end":{"line":864,"column":5}},"132":{"start":{"line":863,"column":6},"end":{"line":863,"column":53}},"133":{"start":{"line":866,"column":25},"end":{"line":883,"column":6}},"134":{"start":{"line":885,"column":4},"end":{"line":888,"column":8}},"135":{"start":{"line":885,"column":35},"end":{"line":888,"column":6}},"136":{"start":{"line":8,"column":13},"end":{"line":8,"column":25}},"137":{"start":{"line":8,"column":13},"end":{"line":890,"column":null}}},"fnMap":{"0":{"name":"(anonymous_11)","decl":{"start":{"line":9,"column":2},"end":{"line":9,"column":22}},"loc":{"start":{"line":9,"column":43},"end":{"line":9,"column":47}}},"1":{"name":"(anonymous_12)","decl":{"start":{"line":11,"column":2},"end":{"line":11,"column":7}},"loc":{"start":{"line":11,"column":55},"end":{"line":90,"column":3}}},"2":{"name":"(anonymous_13)","decl":{"start":{"line":92,"column":2},"end":{"line":92,"column":7}},"loc":{"start":{"line":92,"column":36},"end":{"line":123,"column":3}}},"3":{"name":"(anonymous_14)","decl":{"start":{"line":119,"column":29},"end":{"line":119,"column":31}},"loc":{"start":{"line":119,"column":36},"end":{"line":122,"column":6}}},"4":{"name":"(anonymous_15)","decl":{"start":{"line":125,"column":2},"end":{"line":125,"column":7}},"loc":{"start":{"line":125,"column":35},"end":{"line":155,"column":3}}},"5":{"name":"(anonymous_16)","decl":{"start":{"line":151,"column":28},"end":{"line":151,"column":30}},"loc":{"start":{"line":151,"column":35},"end":{"line":154,"column":6}}},"6":{"name":"(anonymous_17)","decl":{"start":{"line":157,"column":2},"end":{"line":157,"column":7}},"loc":{"start":{"line":157,"column":44},"end":{"line":253,"column":3}}},"7":{"name":"(anonymous_18)","decl":{"start":{"line":227,"column":40},"end":{"line":227,"column":42}},"loc":{"start":{"line":227,"column":47},"end":{"line":230,"column":10}}},"8":{"name":"(anonymous_19)","decl":{"start":{"line":239,"column":39},"end":{"line":239,"column":41}},"loc":{"start":{"line":239,"column":46},"end":{"line":242,"column":10}}},"9":{"name":"(anonymous_20)","decl":{"start":{"line":255,"column":2},"end":{"line":255,"column":7}},"loc":{"start":{"line":255,"column":61},"end":{"line":324,"column":3}}},"10":{"name":"(anonymous_21)","decl":{"start":{"line":326,"column":2},"end":{"line":326,"column":7}},"loc":{"start":{"line":326,"column":73},"end":{"line":381,"column":3}}},"11":{"name":"(anonymous_22)","decl":{"start":{"line":383,"column":2},"end":{"line":383,"column":7}},"loc":{"start":{"line":383,"column":43},"end":{"line":392,"column":3}}},"12":{"name":"(anonymous_23)","decl":{"start":{"line":394,"column":2},"end":{"line":394,"column":7}},"loc":{"start":{"line":394,"column":39},"end":{"line":417,"column":3}}},"13":{"name":"(anonymous_24)","decl":{"start":{"line":419,"column":2},"end":{"line":419,"column":7}},"loc":{"start":{"line":419,"column":64},"end":{"line":467,"column":3}}},"14":{"name":"(anonymous_25)","decl":{"start":{"line":470,"column":2},"end":{"line":470,"column":7}},"loc":{"start":{"line":473,"column":30},"end":{"line":547,"column":3}}},"15":{"name":"(anonymous_26)","decl":{"start":{"line":549,"column":2},"end":{"line":549,"column":7}},"loc":{"start":{"line":549,"column":65},"end":{"line":587,"column":3}}},"16":{"name":"(anonymous_27)","decl":{"start":{"line":589,"column":2},"end":{"line":589,"column":7}},"loc":{"start":{"line":589,"column":59},"end":{"line":642,"column":3}}},"17":{"name":"(anonymous_28)","decl":{"start":{"line":644,"column":2},"end":{"line":644,"column":7}},"loc":{"start":{"line":644,"column":41},"end":{"line":679,"column":3}}},"18":{"name":"(anonymous_29)","decl":{"start":{"line":675,"column":29},"end":{"line":675,"column":31}},"loc":{"start":{"line":675,"column":36},"end":{"line":678,"column":6}}},"19":{"name":"(anonymous_30)","decl":{"start":{"line":682,"column":2},"end":{"line":682,"column":7}},"loc":{"start":{"line":685,"column":30},"end":{"line":758,"column":3}}},"20":{"name":"(anonymous_31)","decl":{"start":{"line":760,"column":2},"end":{"line":760,"column":7}},"loc":{"start":{"line":760,"column":63},"end":{"line":798,"column":3}}},"21":{"name":"(anonymous_32)","decl":{"start":{"line":800,"column":2},"end":{"line":800,"column":7}},"loc":{"start":{"line":800,"column":63},"end":{"line":852,"column":3}}},"22":{"name":"(anonymous_33)","decl":{"start":{"line":854,"column":2},"end":{"line":854,"column":7}},"loc":{"start":{"line":854,"column":39},"end":{"line":889,"column":3}}},"23":{"name":"(anonymous_34)","decl":{"start":{"line":885,"column":28},"end":{"line":885,"column":30}},"loc":{"start":{"line":885,"column":35},"end":{"line":888,"column":6}}}},"branchMap":{"0":{"loc":{"start":{"line":11,"column":34},"end":{"line":11,"column":42}},"type":"default-arg","locations":[{"start":{"line":11,"column":41},"end":{"line":11,"column":42}}]},"1":{"loc":{"start":{"line":11,"column":44},"end":{"line":11,"column":55}},"type":"default-arg","locations":[{"start":{"line":11,"column":52},"end":{"line":11,"column":55}}]},"2":{"loc":{"start":{"line":219,"column":4},"end":{"line":221,"column":5}},"type":"if","locations":[{"start":{"line":219,"column":4},"end":{"line":221,"column":5}},{"start":{},"end":{}}]},"3":{"loc":{"start":{"line":224,"column":4},"end":{"line":234,"column":5}},"type":"if","locations":[{"start":{"line":224,"column":4},"end":{"line":234,"column":5}},{"start":{},"end":{}}]},"4":{"loc":{"start":{"line":224,"column":8},"end":{"line":224,"column":52}},"type":"binary-expr","locations":[{"start":{"line":224,"column":8},"end":{"line":224,"column":30}},{"start":{"line":224,"column":34},"end":{"line":224,"column":52}}]},"5":{"loc":{"start":{"line":236,"column":4},"end":{"line":246,"column":5}},"type":"if","locations":[{"start":{"line":236,"column":4},"end":{"line":246,"column":5}},{"start":{},"end":{}}]},"6":{"loc":{"start":{"line":236,"column":8},"end":{"line":236,"column":50}},"type":"binary-expr","locations":[{"start":{"line":236,"column":8},"end":{"line":236,"column":29}},{"start":{"line":236,"column":33},"end":{"line":236,"column":50}}]},"7":{"loc":{"start":{"line":261,"column":4},"end":{"line":263,"column":5}},"type":"if","locations":[{"start":{"line":261,"column":4},"end":{"line":263,"column":5}},{"start":{},"end":{}}]},"8":{"loc":{"start":{"line":266,"column":4},"end":{"line":274,"column":5}},"type":"if","locations":[{"start":{"line":266,"column":4},"end":{"line":274,"column":5}},{"start":{},"end":{}}]},"9":{"loc":{"start":{"line":271,"column":6},"end":{"line":273,"column":7}},"type":"if","locations":[{"start":{"line":271,"column":6},"end":{"line":273,"column":7}},{"start":{},"end":{}}]},"10":{"loc":{"start":{"line":302,"column":4},"end":{"line":310,"column":5}},"type":"if","locations":[{"start":{"line":302,"column":4},"end":{"line":310,"column":5}},{"start":{},"end":{}}]},"11":{"loc":{"start":{"line":313,"column":4},"end":{"line":321,"column":5}},"type":"if","locations":[{"start":{"line":313,"column":4},"end":{"line":321,"column":5}},{"start":{},"end":{}}]},"12":{"loc":{"start":{"line":331,"column":4},"end":{"line":339,"column":5}},"type":"if","locations":[{"start":{"line":331,"column":4},"end":{"line":339,"column":5}},{"start":{},"end":{}}]},"13":{"loc":{"start":{"line":336,"column":6},"end":{"line":338,"column":7}},"type":"if","locations":[{"start":{"line":336,"column":6},"end":{"line":338,"column":7}},{"start":{},"end":{}}]},"14":{"loc":{"start":{"line":336,"column":10},"end":{"line":336,"column":48}},"type":"binary-expr","locations":[{"start":{"line":336,"column":10},"end":{"line":336,"column":22}},{"start":{"line":336,"column":26},"end":{"line":336,"column":48}}]},"15":{"loc":{"start":{"line":342,"column":4},"end":{"line":350,"column":5}},"type":"if","locations":[{"start":{"line":342,"column":4},"end":{"line":350,"column":5}},{"start":{},"end":{}}]},"16":{"loc":{"start":{"line":347,"column":6},"end":{"line":349,"column":7}},"type":"if","locations":[{"start":{"line":347,"column":6},"end":{"line":349,"column":7}},{"start":{},"end":{}}]},"17":{"loc":{"start":{"line":347,"column":10},"end":{"line":347,"column":46}},"type":"binary-expr","locations":[{"start":{"line":347,"column":10},"end":{"line":347,"column":21}},{"start":{"line":347,"column":25},"end":{"line":347,"column":46}}]},"18":{"loc":{"start":{"line":361,"column":4},"end":{"line":363,"column":5}},"type":"if","locations":[{"start":{"line":361,"column":4},"end":{"line":363,"column":5}},{"start":{},"end":{}}]},"19":{"loc":{"start":{"line":409,"column":4},"end":{"line":411,"column":5}},"type":"if","locations":[{"start":{"line":409,"column":4},"end":{"line":411,"column":5}},{"start":{},"end":{}}]},"20":{"loc":{"start":{"line":425,"column":4},"end":{"line":427,"column":5}},"type":"if","locations":[{"start":{"line":425,"column":4},"end":{"line":427,"column":5}},{"start":{},"end":{}}]},"21":{"loc":{"start":{"line":430,"column":4},"end":{"line":443,"column":5}},"type":"if","locations":[{"start":{"line":430,"column":4},"end":{"line":443,"column":5}},{"start":{},"end":{}}]},"22":{"loc":{"start":{"line":440,"column":6},"end":{"line":442,"column":7}},"type":"if","locations":[{"start":{"line":440,"column":6},"end":{"line":442,"column":7}},{"start":{},"end":{}}]},"23":{"loc":{"start":{"line":473,"column":4},"end":{"line":473,"column":30}},"type":"default-arg","locations":[{"start":{"line":473,"column":25},"end":{"line":473,"column":30}}]},"24":{"loc":{"start":{"line":483,"column":4},"end":{"line":485,"column":5}},"type":"if","locations":[{"start":{"line":483,"column":4},"end":{"line":485,"column":5}},{"start":{},"end":{}}]},"25":{"loc":{"start":{"line":492,"column":4},"end":{"line":494,"column":5}},"type":"if","locations":[{"start":{"line":492,"column":4},"end":{"line":494,"column":5}},{"start":{},"end":{}}]},"26":{"loc":{"start":{"line":506,"column":4},"end":{"line":508,"column":5}},"type":"if","locations":[{"start":{"line":506,"column":4},"end":{"line":508,"column":5}},{"start":{},"end":{}}]},"27":{"loc":{"start":{"line":511,"column":4},"end":{"line":516,"column":5}},"type":"if","locations":[{"start":{"line":511,"column":4},"end":{"line":516,"column":5}},{"start":{},"end":{}}]},"28":{"loc":{"start":{"line":560,"column":4},"end":{"line":562,"column":5}},"type":"if","locations":[{"start":{"line":560,"column":4},"end":{"line":562,"column":5}},{"start":{},"end":{}}]},"29":{"loc":{"start":{"line":565,"column":4},"end":{"line":575,"column":5}},"type":"if","locations":[{"start":{"line":565,"column":4},"end":{"line":575,"column":5}},{"start":{},"end":{}}]},"30":{"loc":{"start":{"line":570,"column":6},"end":{"line":574,"column":7}},"type":"if","locations":[{"start":{"line":570,"column":6},"end":{"line":574,"column":7}},{"start":{},"end":{}}]},"31":{"loc":{"start":{"line":600,"column":4},"end":{"line":602,"column":5}},"type":"if","locations":[{"start":{"line":600,"column":4},"end":{"line":602,"column":5}},{"start":{},"end":{}}]},"32":{"loc":{"start":{"line":652,"column":4},"end":{"line":654,"column":5}},"type":"if","locations":[{"start":{"line":652,"column":4},"end":{"line":654,"column":5}},{"start":{},"end":{}}]},"33":{"loc":{"start":{"line":685,"column":4},"end":{"line":685,"column":30}},"type":"default-arg","locations":[{"start":{"line":685,"column":25},"end":{"line":685,"column":30}}]},"34":{"loc":{"start":{"line":695,"column":4},"end":{"line":697,"column":5}},"type":"if","locations":[{"start":{"line":695,"column":4},"end":{"line":697,"column":5}},{"start":{},"end":{}}]},"35":{"loc":{"start":{"line":704,"column":4},"end":{"line":706,"column":5}},"type":"if","locations":[{"start":{"line":704,"column":4},"end":{"line":706,"column":5}},{"start":{},"end":{}}]},"36":{"loc":{"start":{"line":718,"column":4},"end":{"line":720,"column":5}},"type":"if","locations":[{"start":{"line":718,"column":4},"end":{"line":720,"column":5}},{"start":{},"end":{}}]},"37":{"loc":{"start":{"line":723,"column":4},"end":{"line":728,"column":5}},"type":"if","locations":[{"start":{"line":723,"column":4},"end":{"line":728,"column":5}},{"start":{},"end":{}}]},"38":{"loc":{"start":{"line":771,"column":4},"end":{"line":773,"column":5}},"type":"if","locations":[{"start":{"line":771,"column":4},"end":{"line":773,"column":5}},{"start":{},"end":{}}]},"39":{"loc":{"start":{"line":776,"column":4},"end":{"line":786,"column":5}},"type":"if","locations":[{"start":{"line":776,"column":4},"end":{"line":786,"column":5}},{"start":{},"end":{}}]},"40":{"loc":{"start":{"line":781,"column":6},"end":{"line":785,"column":7}},"type":"if","locations":[{"start":{"line":781,"column":6},"end":{"line":785,"column":7}},{"start":{},"end":{}}]},"41":{"loc":{"start":{"line":811,"column":4},"end":{"line":813,"column":5}},"type":"if","locations":[{"start":{"line":811,"column":4},"end":{"line":813,"column":5}},{"start":{},"end":{}}]},"42":{"loc":{"start":{"line":862,"column":4},"end":{"line":864,"column":5}},"type":"if","locations":[{"start":{"line":862,"column":4},"end":{"line":864,"column":5}},{"start":{},"end":{}}]},"43":{"loc":{"start":{"line":9,"column":30},"end":{"line":9,"column":46}},"type":"cond-expr","locations":[{"start":{"line":9,"column":43},"end":{"line":9,"column":46}},{"start":{"line":9,"column":43},"end":{"line":9,"column":46}}]},"44":{"loc":{"start":{"line":9,"column":30},"end":{"line":9,"column":43}},"type":"binary-expr","locations":[{"start":{"line":9,"column":30},"end":{"line":9,"column":46}},{"start":{"line":9,"column":30},"end":{"line":9,"column":43}}]}},"s":{"0":4,"1":4,"2":4,"3":4,"4":0,"5":0,"6":0,"7":0,"8":0,"9":0,"10":0,"11":0,"12":0,"13":0,"14":0,"15":0,"16":0,"17":0,"18":0,"19":0,"20":0,"21":0,"22":0,"23":0,"24":0,"25":0,"26":0,"27":0,"28":0,"29":0,"30":0,"31":0,"32":0,"33":0,"34":0,"35":0,"36":0,"37":0,"38":0,"39":0,"40":0,"41":0,"42":0,"43":0,"44":0,"45":0,"46":0,"47":0,"48":0,"49":0,"50":0,"51":0,"52":0,"53":0,"54":0,"55":0,"56":0,"57":0,"58":0,"59":0,"60":0,"61":0,"62":0,"63":0,"64":0,"65":0,"66":0,"67":0,"68":0,"69":0,"70":0,"71":0,"72":0,"73":0,"74":0,"75":0,"76":0,"77":0,"78":0,"79":0,"80":0,"81":0,"82":0,"83":0,"84":0,"85":0,"86":0,"87":0,"88":0,"89":0,"90":0,"91":0,"92":0,"93":0,"94":0,"95":0,"96":0,"97":0,"98":0,"99":0,"100":0,"101":0,"102":0,"103":0,"104":0,"105":0,"106":0,"107":0,"108":0,"109":0,"110":0,"111":0,"112":0,"113":0,"114":0,"115":0,"116":0,"117":0,"118":0,"119":0,"120":0,"121":0,"122":0,"123":0,"124":0,"125":0,"126":0,"127":0,"128":0,"129":0,"130":0,"131":0,"132":0,"133":0,"134":0,"135":0,"136":4,"137":4},"f":{"0":0,"1":0,"2":0,"3":0,"4":0,"5":0,"6":0,"7":0,"8":0,"9":0,"10":0,"11":0,"12":0,"13":0,"14":0,"15":0,"16":0,"17":0,"18":0,"19":0,"20":0,"21":0,"22":0,"23":0},"b":{"0":[0],"1":[0],"2":[0,0],"3":[0,0],"4":[0,0],"5":[0,0],"6":[0,0],"7":[0,0],"8":[0,0],"9":[0,0],"10":[0,0],"11":[0,0],"12":[0,0],"13":[0,0],"14":[0,0],"15":[0,0],"16":[0,0],"17":[0,0],"18":[0,0],"19":[0,0],"20":[0,0],"21":[0,0],"22":[0,0],"23":[0],"24":[0,0],"25":[0,0],"26":[0,0],"27":[0,0],"28":[0,0],"29":[0,0],"30":[0,0],"31":[0,0],"32":[0,0],"33":[0],"34":[0,0],"35":[0,0],"36":[0,0],"37":[0,0],"38":[0,0],"39":[0,0],"40":[0,0],"41":[0,0],"42":[0,0],"43":[4,0],"44":[4,4]}}
,"/Users/yanchaodu/workspace/CheckUp/backend/src/users/dto/create-user.dto.ts": {"path":"/Users/yanchaodu/workspace/CheckUp/backend/src/users/dto/create-user.dto.ts","statementMap":{"0":{"start":{"line":1,"column":0},"end":{"line":1,"column":116}},"1":{"start":{"line":3,"column":0},"end":{"line":3,"column":13}},"2":{"start":{"line":6,"column":2},"end":{"line":6,"column":null}},"3":{"start":{"line":10,"column":2},"end":{"line":10,"column":null}},"4":{"start":{"line":15,"column":2},"end":{"line":15,"column":null}},"5":{"start":{"line":19,"column":2},"end":{"line":19,"column":null}},"6":{"start":{"line":27,"column":2},"end":{"line":27,"column":null}},"7":{"start":{"line":21,"column":19},"end":{"line":21,"column":38}}},"fnMap":{"0":{"name":"(anonymous_2)","decl":{"start":{"line":21,"column":14},"end":{"line":21,"column":15}},"loc":{"start":{"line":21,"column":19},"end":{"line":21,"column":38}}}},"branchMap":{},"s":{"0":2,"1":2,"2":2,"3":2,"4":2,"5":2,"6":2,"7":0},"f":{"0":0},"b":{}}
,"/Users/yanchaodu/workspace/CheckUp/backend/src/users/dto/update-user.dto.ts": {"path":"/Users/yanchaodu/workspace/CheckUp/backend/src/users/dto/update-user.dto.ts","statementMap":{"0":{"start":{"line":1,"column":0},"end":{"line":1,"column":92}},"1":{"start":{"line":3,"column":0},"end":{"line":3,"column":13}},"2":{"start":{"line":6,"column":2},"end":{"line":6,"column":null}},"3":{"start":{"line":10,"column":2},"end":{"line":10,"column":null}},"4":{"start":{"line":15,"column":2},"end":{"line":15,"column":null}},"5":{"start":{"line":19,"column":2},"end":{"line":19,"column":null}},"6":{"start":{"line":23,"column":2},"end":{"line":23,"column":null}},"7":{"start":{"line":30,"column":2},"end":{"line":30,"column":null}}},"fnMap":{},"branchMap":{},"s":{"0":2,"1":2,"2":2,"3":2,"4":2,"5":2,"6":2,"7":2},"f":{},"b":{}}
,"/Users/yanchaodu/workspace/CheckUp/backend/src/well-known/well-known.controller.ts": {"path":"/Users/yanchaodu/workspace/CheckUp/backend/src/well-known/well-known.controller.ts","statementMap":{"0":{"start":{"line":1,"column":0},"end":{"line":1,"column":49}},"1":{"start":{"line":2,"column":0},"end":{"line":2,"column":25}},"2":{"start":{"line":3,"column":0},"end":{"line":3,"column":29}},"3":{"start":{"line":6,"column":7},"end":{"line":27,"column":null}},"4":{"start":{"line":13,"column":4},"end":{"line":25,"column":5}},"5":{"start":{"line":14,"column":23},"end":{"line":16,"column":null}},"6":{"start":{"line":18,"column":26},"end":{"line":18,"column":60}},"7":{"start":{"line":19,"column":6},"end":{"line":19,"column":37}},"8":{"start":{"line":21,"column":6},"end":{"line":24,"column":8}},"9":{"start":{"line":6,"column":13},"end":{"line":6,"column":32}},"10":{"start":{"line":12,"column":2},"end":{"line":26,"column":null}},"11":{"start":{"line":6,"column":13},"end":{"line":27,"column":null}}},"fnMap":{"0":{"name":"(anonymous_11)","decl":{"start":{"line":12,"column":2},"end":{"line":12,"column":9}},"loc":{"start":{"line":12,"column":9},"end":{"line":26,"column":3}}}},"branchMap":{},"s":{"0":0,"1":0,"2":0,"3":0,"4":0,"5":0,"6":0,"7":0,"8":0,"9":0,"10":0,"11":0},"f":{"0":0},"b":{}}
}
