TN:
SF:src/app.controller.ts
FN:6,(anonymous_2)
FN:9,(anonymous_3)
FNF:2
FNH:2
FNDA:1,(anonymous_2)
FNDA:1,(anonymous_3)
DA:1,1
DA:2,1
DA:5,1
DA:6,1
DA:9,1
DA:10,1
LF:6
LH:6
BRDA:6,0,0,1
BRDA:6,0,1,0
BRDA:6,1,0,1
BRDA:6,1,1,1
BRF:4
BRH:3
end_of_record
TN:
SF:src/app.module.ts
FNF:0
FNH:0
DA:1,0
DA:2,0
DA:3,0
DA:4,0
DA:5,0
DA:6,0
DA:7,0
DA:8,0
DA:23,0
LF:9
LH:0
BRF:0
BRH:0
end_of_record
TN:
SF:src/app.service.ts
FN:5,(anonymous_1)
FNF:1
FNH:1
FNDA:1,(anonymous_1)
DA:1,1
DA:4,1
DA:6,1
LF:3
LH:3
BRF:0
BRH:0
end_of_record
TN:
SF:src/main.ts
FN:5,bootstrap
FNF:1
FNH:0
FNDA:0,bootstrap
DA:1,0
DA:2,0
DA:3,0
DA:6,0
DA:9,0
DA:15,0
DA:18,0
DA:25,0
DA:26,0
DA:27,0
DA:29,0
LF:11
LH:0
BRDA:10,0,0,0
BRDA:10,0,1,0
BRDA:25,1,0,0
BRDA:25,1,1,0
BRF:4
BRH:0
end_of_record
TN:
SF:src/approvals/approvals.controller.ts
FN:20,(anonymous_4)
FN:24,(anonymous_5)
FN:41,(anonymous_6)
FN:54,(anonymous_7)
FNF:4
FNH:4
FNDA:8,(anonymous_4)
FNDA:3,(anonymous_5)
FNDA:2,(anonymous_6)
FNDA:2,(anonymous_7)
DA:1,1
DA:11,1
DA:12,1
DA:13,1
DA:14,1
DA:15,1
DA:19,1
DA:20,8
DA:24,1
DA:28,3
DA:29,0
DA:31,3
DA:41,1
DA:46,2
DA:47,0
DA:49,2
DA:54,1
DA:59,2
DA:60,0
DA:63,2
LF:20
LH:17
BRDA:28,0,0,0
BRDA:28,0,1,3
BRDA:46,1,0,0
BRDA:46,1,1,2
BRDA:59,2,0,0
BRDA:59,2,1,2
BRDA:26,3,0,1
BRDA:26,3,1,0
BRDA:26,4,0,1
BRDA:26,4,1,1
BRDA:44,5,0,1
BRDA:44,5,1,0
BRDA:44,6,0,1
BRDA:44,6,1,1
BRDA:57,7,0,1
BRDA:57,7,1,0
BRDA:57,8,0,1
BRDA:57,8,1,1
BRDA:20,9,0,1
BRDA:20,9,1,0
BRDA:20,10,0,1
BRDA:20,10,1,1
BRF:22
BRH:15
end_of_record
TN:
SF:src/approvals/approvals.module.ts
FNF:0
FNH:0
DA:1,0
DA:2,0
DA:3,0
DA:4,0
DA:11,0
LF:5
LH:0
BRF:0
BRH:0
end_of_record
TN:
SF:src/approvals/approvals.service.ts
FN:6,(anonymous_2)
FN:8,(anonymous_3)
FN:35,(anonymous_4)
FN:47,(anonymous_5)
FN:89,(anonymous_6)
FN:128,(anonymous_7)
FNF:6
FNH:6
FNDA:12,(anonymous_2)
FNDA:3,(anonymous_3)
FNDA:3,(anonymous_4)
FNDA:5,(anonymous_5)
FNDA:3,(anonymous_6)
FNDA:7,(anonymous_7)
DA:1,2
DA:2,2
DA:5,2
DA:6,12
DA:9,3
DA:10,3
DA:12,3
DA:17,3
DA:18,1
DA:21,3
DA:34,3
DA:35,3
DA:48,5
DA:50,5
DA:51,1
DA:54,4
DA:55,1
DA:58,3
DA:59,1
DA:62,2
DA:77,2
DA:86,2
DA:90,3
DA:92,3
DA:93,1
DA:96,2
DA:97,0
DA:100,2
DA:101,0
DA:104,2
DA:116,2
DA:125,2
DA:129,7
LF:33
LH:31
BRDA:9,0,0,3
BRDA:9,0,1,2
BRDA:10,1,0,3
BRDA:10,1,1,2
BRDA:17,2,0,1
BRDA:17,2,1,2
BRDA:50,3,0,1
BRDA:50,3,1,4
BRDA:54,4,0,1
BRDA:54,4,1,3
BRDA:58,5,0,1
BRDA:58,5,1,2
BRDA:92,6,0,1
BRDA:92,6,1,2
BRDA:96,7,0,0
BRDA:96,7,1,2
BRDA:100,8,0,0
BRDA:100,8,1,2
BRDA:6,9,0,2
BRDA:6,9,1,0
BRDA:6,10,0,2
BRDA:6,10,1,2
BRF:22
BRH:19
end_of_record
TN:
SF:src/approvals/dto/approval.dto.ts
FN:10,(anonymous_2)
FN:16,(anonymous_3)
FNF:2
FNH:0
FNDA:0,(anonymous_2)
FNDA:0,(anonymous_3)
DA:1,1
DA:2,1
DA:4,1
DA:7,1
DA:10,0
DA:13,1
DA:16,0
DA:19,1
DA:22,1
DA:25,1
DA:28,1
DA:31,1
LF:12
LH:10
BRF:0
BRH:0
end_of_record
TN:
SF:src/auth/auth.controller.ts
FN:9,(anonymous_4)
FN:12,(anonymous_5)
FN:18,(anonymous_6)
FN:24,(anonymous_7)
FNF:4
FNH:4
FNDA:11,(anonymous_4)
FNDA:7,(anonymous_5)
FNDA:2,(anonymous_6)
FNDA:3,(anonymous_7)
DA:1,1
DA:2,1
DA:3,1
DA:4,1
DA:5,1
DA:8,1
DA:9,11
DA:12,1
DA:13,7
DA:18,1
DA:19,2
DA:24,1
DA:25,3
LF:13
LH:13
BRDA:12,0,0,1
BRDA:12,0,1,0
BRDA:12,1,0,1
BRDA:12,1,1,1
BRDA:9,2,0,1
BRDA:9,2,1,0
BRDA:9,3,0,1
BRDA:9,3,1,1
BRF:8
BRH:6
end_of_record
TN:
SF:src/auth/auth.module.ts
FNF:0
FNH:0
DA:1,0
DA:2,0
DA:3,0
DA:4,0
DA:5,0
DA:6,0
DA:7,0
DA:8,0
DA:24,0
LF:9
LH:0
BRDA:16,0,0,0
BRDA:16,0,1,0
BRF:2
BRH:0
end_of_record
TN:
SF:src/auth/auth.service.ts
FN:9,(anonymous_11)
FN:14,(anonymous_12)
FN:65,(anonymous_13)
FNF:3
FNH:3
FNDA:12,(anonymous_11)
FNDA:11,(anonymous_12)
FNDA:3,(anonymous_13)
DA:1,2
DA:2,2
DA:3,2
DA:4,2
DA:8,2
DA:10,12
DA:11,12
DA:15,11
DA:20,10
DA:21,2
DA:24,8
DA:29,7
DA:30,2
DA:33,5
DA:34,2
DA:38,3
DA:43,3
DA:50,3
DA:52,2
DA:66,3
DA:71,3
DA:72,2
DA:75,1
LF:23
LH:23
BRDA:20,0,0,2
BRDA:20,0,1,8
BRDA:29,1,0,2
BRDA:29,1,1,5
BRDA:33,2,0,2
BRDA:33,2,1,3
BRDA:71,3,0,2
BRDA:71,3,1,1
BRDA:71,4,0,3
BRDA:71,4,1,2
BRDA:10,5,0,2
BRDA:10,5,1,0
BRDA:10,6,0,2
BRDA:10,6,1,2
BRDA:10,7,0,2
BRDA:10,7,1,0
BRDA:10,8,0,2
BRDA:10,8,1,2
BRF:18
BRH:16
end_of_record
TN:
SF:src/auth/decorators/current-user.decorator.ts
FN:4,(anonymous_0)
FNF:1
FNH:0
FNDA:0,(anonymous_0)
DA:1,3
DA:3,3
DA:5,0
DA:6,0
LF:4
LH:2
BRF:0
BRH:0
end_of_record
TN:
SF:src/auth/decorators/roles.decorator.ts
FN:3,(anonymous_0)
FNF:1
FNH:1
FNDA:3,(anonymous_0)
DA:1,1
DA:3,3
LF:2
LH:2
BRF:0
BRH:0
end_of_record
TN:
SF:src/auth/dto/login.dto.ts
FNF:0
FNH:0
DA:1,1
DA:3,1
DA:6,1
DA:10,1
DA:13,1
LF:5
LH:5
BRF:0
BRH:0
end_of_record
TN:
SF:src/auth/guards/jwt-auth.guard.ts
FNF:0
FNH:0
DA:1,3
DA:2,3
DA:5,3
LF:3
LH:3
BRF:0
BRH:0
end_of_record
TN:
SF:src/auth/guards/roles.guard.ts
FN:6,(anonymous_2)
FN:8,(anonymous_3)
FN:21,(anonymous_4)
FNF:3
FNH:0
FNDA:0,(anonymous_2)
FNDA:0,(anonymous_3)
FNDA:0,(anonymous_4)
DA:1,0
DA:2,0
DA:5,0
DA:6,0
DA:9,0
DA:14,0
DA:15,0
DA:18,0
DA:19,0
DA:21,0
LF:10
LH:0
BRDA:14,0,0,0
BRDA:14,0,1,0
BRDA:6,1,0,0
BRDA:6,1,1,0
BRDA:6,2,0,0
BRDA:6,2,1,0
BRF:6
BRH:0
end_of_record
TN:
SF:src/auth/strategies/jwt.strategy.ts
FN:8,(anonymous_2)
FN:16,(anonymous_3)
FNF:2
FNH:0
FNDA:0,(anonymous_2)
FNDA:0,(anonymous_3)
DA:1,0
DA:2,0
DA:3,0
DA:4,0
DA:7,0
DA:8,0
DA:9,0
DA:17,0
DA:18,0
LF:9
LH:0
BRDA:12,0,0,0
BRDA:12,0,1,0
BRDA:8,1,0,0
BRDA:8,1,1,0
BRDA:8,2,0,0
BRDA:8,2,1,0
BRF:6
BRH:0
end_of_record
TN:
SF:src/prisma/prisma.module.ts
FNF:0
FNH:0
DA:1,0
DA:2,0
DA:9,0
LF:3
LH:0
BRF:0
BRH:0
end_of_record
TN:
SF:src/prisma/prisma.service.ts
FN:6,(anonymous_1)
FN:10,(anonymous_2)
FNF:2
FNH:2
FNDA:1,(anonymous_1)
FNDA:1,(anonymous_2)
DA:1,7
DA:2,7
DA:5,7
DA:7,1
DA:11,1
LF:5
LH:5
BRF:0
BRH:0
end_of_record
TN:
SF:src/submissions/submissions.controller.ts
FN:19,(anonymous_4)
FN:22,(anonymous_5)
FN:27,(anonymous_6)
FN:32,(anonymous_7)
FN:37,(anonymous_8)
FNF:5
FNH:5
FNDA:8,(anonymous_4)
FNDA:2,(anonymous_5)
FNDA:3,(anonymous_6)
FNDA:1,(anonymous_7)
FNDA:1,(anonymous_8)
DA:1,1
DA:11,1
DA:12,1
DA:13,1
DA:14,1
DA:18,1
DA:19,8
DA:22,1
DA:23,2
DA:27,1
DA:28,3
DA:32,1
DA:33,1
DA:37,1
DA:38,1
LF:15
LH:15
BRDA:22,0,0,1
BRDA:22,0,1,0
BRDA:22,1,0,1
BRDA:22,1,1,1
BRDA:27,2,0,1
BRDA:27,2,1,0
BRDA:27,3,0,1
BRDA:27,3,1,1
BRDA:37,4,0,1
BRDA:37,4,1,0
BRDA:37,5,0,1
BRDA:37,5,1,1
BRDA:19,6,0,1
BRDA:19,6,1,0
BRDA:19,7,0,1
BRDA:19,7,1,1
BRF:16
BRH:12
end_of_record
TN:
SF:src/submissions/submissions.module.ts
FNF:0
FNH:0
DA:1,0
DA:2,0
DA:3,0
DA:4,0
DA:12,0
LF:5
LH:0
BRF:0
BRH:0
end_of_record
TN:
SF:src/submissions/submissions.service.ts
FN:7,(anonymous_2)
FN:9,(anonymous_3)
FN:48,(anonymous_4)
FN:93,(anonymous_5)
FN:105,(anonymous_6)
FN:129,(anonymous_7)
FN:171,(anonymous_8)
FN:180,(anonymous_9)
FN:190,(anonymous_10)
FNF:9
FNH:7
FNDA:11,(anonymous_2)
FNDA:3,(anonymous_3)
FNDA:2,(anonymous_4)
FNDA:2,(anonymous_5)
FNDA:2,(anonymous_6)
FNDA:3,(anonymous_7)
FNDA:0,(anonymous_8)
FNDA:0,(anonymous_9)
FNDA:7,(anonymous_10)
DA:1,2
DA:2,2
DA:6,2
DA:7,11
DA:10,3
DA:11,3
DA:15,3
DA:36,3
DA:45,3
DA:49,2
DA:50,2
DA:51,2
DA:53,2
DA:58,2
DA:59,0
DA:61,2
DA:68,2
DA:69,2
DA:70,2
DA:71,2
DA:72,2
DA:73,0
DA:74,0
DA:75,0
DA:78,2
DA:92,2
DA:93,2
DA:106,2
DA:114,2
DA:115,1
DA:119,1
DA:123,0
DA:126,1
DA:130,3
DA:132,3
DA:133,1
DA:136,2
DA:137,0
DA:140,2
DA:141,1
DA:144,1
DA:159,1
DA:168,1
DA:172,0
DA:178,0
DA:180,0
DA:191,7
LF:47
LH:38
BRDA:11,0,0,1
BRDA:11,0,1,2
BRDA:11,1,0,3
BRDA:11,1,1,2
BRDA:25,2,0,1
BRDA:25,2,1,2
BRDA:26,3,0,1
BRDA:26,3,1,2
BRDA:27,4,0,1
BRDA:27,4,1,2
BRDA:50,5,0,2
BRDA:50,5,1,2
BRDA:51,6,0,2
BRDA:51,6,1,2
BRDA:58,7,0,0
BRDA:58,7,1,2
BRDA:68,8,0,1
BRDA:68,8,1,1
BRDA:69,9,0,0
BRDA:69,9,1,2
BRDA:70,10,0,0
BRDA:70,10,1,2
BRDA:71,11,0,0
BRDA:71,11,1,2
BRDA:72,12,0,0
BRDA:72,12,1,2
BRDA:72,13,0,2
BRDA:72,13,1,2
BRDA:74,14,0,0
BRDA:74,14,1,0
BRDA:75,15,0,0
BRDA:75,15,1,0
BRDA:114,16,0,1
BRDA:114,16,1,1
BRDA:119,17,0,0
BRDA:119,17,1,1
BRDA:119,18,0,1
BRDA:119,18,1,1
BRDA:119,18,2,0
BRDA:119,18,3,0
BRDA:132,19,0,1
BRDA:132,19,1,2
BRDA:136,20,0,0
BRDA:136,20,1,2
BRDA:136,21,0,2
BRDA:136,21,1,0
BRDA:140,22,0,1
BRDA:140,22,1,1
BRDA:147,23,0,1
BRDA:147,23,1,0
BRDA:148,24,0,1
BRDA:148,24,1,0
BRDA:149,25,0,1
BRDA:149,25,1,0
BRDA:150,26,0,1
BRDA:150,26,1,1
BRDA:7,27,0,2
BRDA:7,27,1,0
BRDA:7,28,0,2
BRDA:7,28,1,2
BRF:60
BRH:42
end_of_record
TN:
SF:src/submissions/dto/submission.dto.ts
FN:69,(anonymous_2)
FN:75,(anonymous_3)
FNF:2
FNH:0
FNDA:0,(anonymous_2)
FNDA:0,(anonymous_3)
DA:1,1
DA:2,1
DA:4,1
DA:6,1
DA:9,1
DA:12,1
DA:15,1
DA:18,1
DA:22,1
DA:25,1
DA:28,1
DA:32,1
DA:36,1
DA:40,1
DA:43,1
DA:46,1
DA:50,1
DA:54,1
DA:58,1
DA:62,1
DA:66,1
DA:69,0
DA:72,1
DA:75,0
DA:78,1
LF:25
LH:23
BRDA:18,0,0,0
BRDA:18,0,1,1
BRDA:18,1,0,1
BRDA:18,1,1,0
BRDA:40,2,0,0
BRDA:40,2,1,1
BRDA:40,3,0,1
BRDA:40,3,1,0
BRF:8
BRH:4
end_of_record
