TN:
SF:src/app.controller.ts
FN:6,(anonymous_2)
FN:9,(anonymous_3)
FN:14,(anonymous_4)
FNF:3
FNH:0
FNDA:0,(anonymous_2)
FNDA:0,(anonymous_3)
FNDA:0,(anonymous_4)
DA:1,1
DA:2,1
DA:5,1
DA:6,0
DA:9,1
DA:10,0
DA:14,1
DA:15,0
LF:8
LH:5
BRDA:6,0,0,1
BRDA:6,0,1,0
BRDA:6,1,0,1
BRDA:6,1,1,1
BRF:4
BRH:3
end_of_record
TN:
SF:src/app.module.ts
FNF:0
FNH:0
DA:1,0
DA:2,0
DA:3,0
DA:4,0
DA:5,0
DA:6,0
DA:7,0
DA:8,0
DA:9,0
DA:10,0
DA:11,0
DA:12,0
DA:30,0
LF:13
LH:0
BRF:0
BRH:0
end_of_record
TN:
SF:src/app.service.ts
FN:5,(anonymous_1)
FNF:1
FNH:0
FNDA:0,(anonymous_1)
DA:1,1
DA:4,1
DA:6,0
LF:3
LH:2
BRF:0
BRH:0
end_of_record
TN:
SF:src/main.ts
FN:6,bootstrap
FNF:1
FNH:0
FNDA:0,bootstrap
DA:1,0
DA:2,0
DA:3,0
DA:4,0
DA:7,0
DA:10,0
DA:13,0
DA:19,0
DA:22,0
DA:29,0
DA:30,0
DA:31,0
DA:33,0
LF:13
LH:0
BRDA:14,0,0,0
BRDA:14,0,1,0
BRDA:29,1,0,0
BRDA:29,1,1,0
BRF:4
BRH:0
end_of_record
TN:
SF:src/approvals/approvals.controller.ts
FN:20,(anonymous_4)
FN:24,(anonymous_5)
FN:47,(anonymous_6)
FN:69,(anonymous_7)
FN:82,(anonymous_8)
FNF:5
FNH:0
FNDA:0,(anonymous_4)
FNDA:0,(anonymous_5)
FNDA:0,(anonymous_6)
FNDA:0,(anonymous_7)
FNDA:0,(anonymous_8)
DA:1,1
DA:11,1
DA:12,1
DA:13,1
DA:14,1
DA:15,1
DA:19,1
DA:20,0
DA:24,1
DA:29,0
DA:30,0
DA:33,0
DA:34,0
DA:36,0
DA:47,1
DA:52,0
DA:53,0
DA:55,0
DA:56,0
DA:58,0
DA:69,1
DA:74,0
DA:75,0
DA:77,0
DA:82,1
DA:87,0
DA:88,0
DA:91,0
LF:28
LH:11
BRDA:29,0,0,0
BRDA:29,0,1,0
BRDA:29,1,0,0
BRDA:29,1,1,0
BRDA:33,2,0,0
BRDA:33,2,1,0
BRDA:34,3,0,0
BRDA:34,3,1,0
BRDA:52,4,0,0
BRDA:52,4,1,0
BRDA:52,5,0,0
BRDA:52,5,1,0
BRDA:55,6,0,0
BRDA:55,6,1,0
BRDA:56,7,0,0
BRDA:56,7,1,0
BRDA:74,8,0,0
BRDA:74,8,1,0
BRDA:87,9,0,0
BRDA:87,9,1,0
BRDA:26,10,0,1
BRDA:26,10,1,0
BRDA:26,11,0,1
BRDA:26,11,1,1
BRDA:49,12,0,1
BRDA:49,12,1,0
BRDA:49,13,0,1
BRDA:49,13,1,1
BRDA:72,14,0,1
BRDA:72,14,1,0
BRDA:72,15,0,1
BRDA:72,15,1,1
BRDA:85,16,0,1
BRDA:85,16,1,0
BRDA:85,17,0,1
BRDA:85,17,1,1
BRDA:20,18,0,1
BRDA:20,18,1,0
BRDA:20,19,0,1
BRDA:20,19,1,1
BRF:40
BRH:15
end_of_record
TN:
SF:src/approvals/approvals.module.ts
FNF:0
FNH:0
DA:1,0
DA:2,0
DA:3,0
DA:4,0
DA:11,0
LF:5
LH:0
BRF:0
BRH:0
end_of_record
TN:
SF:src/approvals/approvals.service.ts
FN:6,(anonymous_2)
FN:8,(anonymous_3)
FN:47,(anonymous_4)
FN:59,(anonymous_5)
FN:117,(anonymous_6)
FN:158,(anonymous_7)
FN:208,(anonymous_8)
FN:220,(anonymous_9)
FNF:8
FNH:0
FNDA:0,(anonymous_2)
FNDA:0,(anonymous_3)
FNDA:0,(anonymous_4)
FNDA:0,(anonymous_5)
FNDA:0,(anonymous_6)
FNDA:0,(anonymous_7)
FNDA:0,(anonymous_8)
FNDA:0,(anonymous_9)
DA:1,2
DA:2,2
DA:5,2
DA:6,0
DA:15,0
DA:24,0
DA:25,0
DA:29,0
DA:30,0
DA:32,0
DA:46,0
DA:47,0
DA:60,0
DA:62,0
DA:63,0
DA:66,0
DA:67,0
DA:70,0
DA:71,0
DA:74,0
DA:89,0
DA:94,0
DA:114,0
DA:118,0
DA:120,0
DA:121,0
DA:124,0
DA:125,0
DA:128,0
DA:129,0
DA:132,0
DA:146,0
DA:155,0
DA:165,0
DA:185,0
DA:186,0
DA:189,0
DA:190,0
DA:192,0
DA:207,0
DA:208,0
DA:221,0
LF:42
LH:3
BRDA:12,0,0,0
BRDA:13,1,0,0
BRDA:24,2,0,0
BRDA:24,2,1,0
BRDA:29,3,0,0
BRDA:29,3,1,0
BRDA:29,4,0,0
BRDA:29,4,1,0
BRDA:30,5,0,0
BRDA:30,5,1,0
BRDA:30,6,0,0
BRDA:30,6,1,0
BRDA:62,7,0,0
BRDA:62,7,1,0
BRDA:66,8,0,0
BRDA:66,8,1,0
BRDA:70,9,0,0
BRDA:70,9,1,0
BRDA:89,10,0,0
BRDA:89,10,1,0
BRDA:120,11,0,0
BRDA:120,11,1,0
BRDA:124,12,0,0
BRDA:124,12,1,0
BRDA:128,13,0,0
BRDA:128,13,1,0
BRDA:162,14,0,0
BRDA:163,15,0,0
BRDA:185,16,0,0
BRDA:185,16,1,0
BRDA:189,17,0,0
BRDA:189,17,1,0
BRDA:189,18,0,0
BRDA:189,18,1,0
BRDA:190,19,0,0
BRDA:190,19,1,0
BRDA:190,20,0,0
BRDA:190,20,1,0
BRDA:227,21,0,0
BRDA:227,21,1,0
BRDA:6,22,0,2
BRDA:6,22,1,0
BRDA:6,23,0,2
BRDA:6,23,1,2
BRF:44
BRH:3
end_of_record
TN:
SF:src/approvals/dto/approval.dto.ts
FN:10,(anonymous_2)
FN:16,(anonymous_3)
FNF:2
FNH:0
FNDA:0,(anonymous_2)
FNDA:0,(anonymous_3)
DA:1,1
DA:2,1
DA:4,1
DA:7,1
DA:10,0
DA:13,1
DA:16,0
DA:19,1
DA:22,1
DA:25,1
DA:28,1
DA:31,1
LF:12
LH:10
BRF:0
BRH:0
end_of_record
TN:
SF:src/auth/auth.controller.ts
FN:16,(anonymous_4)
FN:25,(anonymous_5)
FN:31,(anonymous_6)
FN:41,(anonymous_7)
FN:54,(anonymous_8)
FN:94,(anonymous_9)
FN:189,(anonymous_10)
FNF:7
FNH:0
FNDA:0,(anonymous_4)
FNDA:0,(anonymous_5)
FNDA:0,(anonymous_6)
FNDA:0,(anonymous_7)
FNDA:0,(anonymous_8)
FNDA:0,(anonymous_9)
FNDA:0,(anonymous_10)
DA:1,1
DA:3,1
DA:4,1
DA:5,1
DA:6,1
DA:7,1
DA:8,1
DA:9,1
DA:10,1
DA:11,1
DA:12,1
DA:15,1
DA:17,0
DA:18,0
DA:19,0
DA:20,0
DA:25,1
DA:26,0
DA:31,1
DA:33,0
DA:34,0
DA:36,0
DA:41,1
DA:43,0
DA:44,0
DA:45,0
DA:46,0
DA:54,1
DA:55,0
DA:56,0
DA:57,0
DA:59,0
DA:60,0
DA:64,0
DA:67,0
DA:68,0
DA:69,0
DA:70,0
DA:71,0
DA:72,0
DA:73,0
DA:76,0
DA:84,0
DA:94,1
DA:98,0
DA:100,0
DA:101,0
DA:103,0
DA:104,0
DA:105,0
DA:106,0
DA:107,0
DA:111,0
DA:113,0
DA:114,0
DA:115,0
DA:116,0
DA:117,0
DA:121,0
DA:124,0
DA:127,0
DA:129,0
DA:130,0
DA:131,0
DA:132,0
DA:133,0
DA:137,0
DA:146,0
DA:154,0
DA:157,0
DA:159,0
DA:160,0
DA:163,0
DA:164,0
DA:165,0
DA:167,0
DA:169,0
DA:170,0
DA:171,0
DA:174,0
DA:175,0
DA:176,0
DA:179,0
DA:180,0
DA:189,1
DA:194,0
LF:86
LH:18
BRDA:33,0,0,0
BRDA:33,0,1,0
BRDA:59,1,0,0
BRDA:59,1,1,0
BRDA:59,2,0,0
BRDA:59,2,1,0
BRDA:59,2,2,0
BRDA:103,3,0,0
BRDA:103,3,1,0
BRDA:103,4,0,0
BRDA:103,4,1,0
BRDA:104,5,0,0
BRDA:104,5,1,0
BRDA:113,6,0,0
BRDA:113,6,1,0
BRDA:114,7,0,0
BRDA:114,7,1,0
BRDA:129,8,0,0
BRDA:129,8,1,0
BRDA:130,9,0,0
BRDA:130,9,1,0
BRDA:159,10,0,0
BRDA:159,10,1,0
BRDA:170,11,0,0
BRDA:170,11,1,0
BRDA:175,12,0,0
BRDA:175,12,1,0
BRDA:175,13,0,0
BRDA:175,13,1,0
BRDA:25,14,0,1
BRDA:25,14,1,0
BRDA:25,15,0,1
BRDA:25,15,1,1
BRDA:190,16,0,1
BRDA:190,16,1,0
BRDA:190,17,0,1
BRDA:190,17,1,1
BRDA:17,18,0,1
BRDA:17,18,1,0
BRDA:17,19,0,1
BRDA:17,19,1,1
BRDA:17,20,0,1
BRDA:17,20,1,0
BRDA:17,21,0,1
BRDA:17,21,1,1
BRDA:18,22,0,1
BRDA:18,22,1,0
BRDA:18,23,0,1
BRDA:18,23,1,1
BRDA:19,24,0,1
BRDA:19,24,1,0
BRDA:19,25,0,1
BRDA:19,25,1,1
BRF:53
BRH:18
end_of_record
TN:
SF:src/auth/auth.module.ts
FNF:0
FNH:0
DA:1,0
DA:2,0
DA:3,0
DA:4,0
DA:5,0
DA:6,0
DA:7,0
DA:8,0
DA:9,0
DA:10,0
DA:11,0
DA:12,0
DA:13,0
DA:37,0
LF:14
LH:0
BRDA:21,0,0,0
BRDA:21,0,1,0
BRF:2
BRH:0
end_of_record
TN:
SF:src/auth/auth.service.ts
FN:11,(anonymous_11)
FN:17,(anonymous_12)
FN:79,(anonymous_13)
FN:104,(anonymous_14)
FNF:4
FNH:0
FNDA:0,(anonymous_11)
FNDA:0,(anonymous_12)
FNDA:0,(anonymous_13)
FNDA:0,(anonymous_14)
DA:1,3
DA:2,3
DA:3,3
DA:4,3
DA:7,3
DA:10,3
DA:12,0
DA:13,0
DA:14,0
DA:18,0
DA:23,0
DA:24,0
DA:27,0
DA:32,0
DA:33,0
DA:36,0
DA:37,0
DA:41,0
DA:47,0
DA:55,0
DA:63,0
DA:65,0
DA:80,0
DA:85,0
DA:86,0
DA:89,0
DA:106,0
DA:115,0
DA:117,0
DA:119,0
DA:120,0
DA:124,0
DA:129,0
DA:142,0
DA:143,0
DA:148,0
DA:150,0
DA:159,0
DA:160,0
DA:164,0
DA:169,0
DA:183,0
DA:185,0
DA:187,0
DA:196,0
DA:210,0
DA:220,0
LF:47
LH:6
BRDA:23,0,0,0
BRDA:23,0,1,0
BRDA:32,1,0,0
BRDA:32,1,1,0
BRDA:36,2,0,0
BRDA:36,2,1,0
BRDA:85,3,0,0
BRDA:85,3,1,0
BRDA:85,4,0,0
BRDA:85,4,1,0
BRDA:115,5,0,0
BRDA:115,5,1,0
BRDA:119,6,0,0
BRDA:119,6,1,0
BRDA:142,7,0,0
BRDA:142,7,1,0
BRDA:148,8,0,0
BRDA:148,8,1,0
BRDA:159,9,0,0
BRDA:159,9,1,0
BRDA:185,10,0,0
BRDA:185,10,1,0
BRDA:12,11,0,3
BRDA:12,11,1,0
BRDA:12,12,0,3
BRDA:12,12,1,3
BRDA:12,13,0,3
BRDA:12,13,1,0
BRDA:12,14,0,3
BRDA:12,14,1,3
BRDA:13,15,0,3
BRDA:13,15,1,0
BRDA:13,16,0,3
BRDA:13,16,1,3
BRF:34
BRH:9
end_of_record
TN:
SF:src/auth/decorators/current-user.decorator.ts
FN:4,(anonymous_0)
FNF:1
FNH:0
FNDA:0,(anonymous_0)
DA:1,6
DA:3,6
DA:5,0
DA:6,0
LF:4
LH:2
BRF:0
BRH:0
end_of_record
TN:
SF:src/auth/decorators/roles.decorator.ts
FN:3,(anonymous_0)
FNF:1
FNH:1
FNDA:48,(anonymous_0)
DA:1,5
DA:3,48
LF:2
LH:2
BRF:0
BRH:0
end_of_record
TN:
SF:src/auth/dto/corppass.dto.ts
FNF:0
FNH:0
DA:1,1
DA:6,1
DA:9,1
DA:13,1
DA:19,1
DA:22,1
DA:26,1
DA:32,1
DA:47,1
LF:9
LH:9
BRF:0
BRH:0
end_of_record
TN:
SF:src/auth/dto/login.dto.ts
FNF:0
FNH:0
DA:1,1
DA:3,1
DA:6,1
DA:10,1
DA:13,1
LF:5
LH:5
BRF:0
BRH:0
end_of_record
TN:
SF:src/auth/filters/corppass-exception.filter.ts
FN:17,(anonymous_2)
FN:19,(anonymous_3)
FNF:2
FNH:0
FNDA:0,(anonymous_2)
FNDA:0,(anonymous_3)
DA:1,1
DA:8,1
DA:16,1
DA:17,0
DA:20,0
DA:21,0
DA:22,0
DA:25,0
DA:27,0
DA:28,0
DA:32,0
DA:33,0
DA:35,0
DA:36,0
DA:37,0
DA:38,0
DA:39,0
DA:43,0
DA:44,0
DA:45,0
DA:47,0
DA:48,0
DA:51,0
LF:23
LH:3
BRDA:25,0,0,0
BRDA:25,0,1,0
BRDA:35,1,0,0
BRDA:35,1,1,0
BRDA:37,2,0,0
BRDA:37,2,1,0
BRDA:37,3,0,0
BRDA:37,3,1,0
BRDA:39,4,0,0
BRDA:39,4,1,0
BRDA:39,5,0,0
BRDA:39,5,1,0
BRDA:43,6,0,0
BRDA:43,6,1,0
BRDA:17,7,0,1
BRDA:17,7,1,0
BRDA:17,8,0,1
BRDA:17,8,1,1
BRF:18
BRH:3
end_of_record
TN:
SF:src/auth/guards/jwt-auth.guard.ts
FNF:0
FNH:0
DA:1,8
DA:2,8
DA:5,8
LF:3
LH:3
BRF:0
BRH:0
end_of_record
TN:
SF:src/auth/guards/roles.guard.ts
FN:6,(anonymous_2)
FN:8,(anonymous_3)
FN:21,(anonymous_4)
FNF:3
FNH:0
FNDA:0,(anonymous_2)
FNDA:0,(anonymous_3)
FNDA:0,(anonymous_4)
DA:1,4
DA:2,4
DA:5,4
DA:6,0
DA:9,0
DA:14,0
DA:15,0
DA:18,0
DA:19,0
DA:21,0
LF:10
LH:3
BRDA:14,0,0,0
BRDA:14,0,1,0
BRDA:6,1,0,4
BRDA:6,1,1,0
BRDA:6,2,0,4
BRDA:6,2,1,4
BRF:6
BRH:3
end_of_record
TN:
SF:src/auth/services/corppass-validator.service.ts
FN:20,(anonymous_3)
FN:41,(anonymous_4)
FN:53,(anonymous_5)
FN:147,(anonymous_6)
FNF:4
FNH:0
FNDA:0,(anonymous_3)
FNDA:0,(anonymous_4)
FNDA:0,(anonymous_5)
FNDA:0,(anonymous_6)
DA:1,2
DA:2,2
DA:3,2
DA:14,2
DA:20,0
DA:21,0
DA:22,0
DA:23,0
DA:25,0
DA:26,0
DA:29,0
DA:42,0
DA:43,0
DA:45,0
DA:54,0
DA:55,0
DA:58,0
DA:59,0
DA:61,0
DA:62,0
DA:66,0
DA:67,0
DA:70,0
DA:71,0
DA:75,0
DA:78,0
DA:90,0
DA:91,0
DA:92,0
DA:93,0
DA:97,0
DA:100,0
DA:104,0
DA:108,0
DA:117,0
DA:118,0
DA:121,0
DA:122,0
DA:125,0
DA:127,0
DA:129,0
DA:130,0
DA:132,0
DA:133,0
DA:135,0
DA:136,0
DA:139,0
DA:148,0
DA:149,0
DA:150,0
DA:152,0
DA:153,0
DA:156,0
DA:158,0
LF:54
LH:4
BRDA:22,0,0,0
BRDA:22,0,1,0
BRDA:23,1,0,0
BRDA:23,1,1,0
BRDA:25,2,0,0
BRDA:25,2,1,0
BRDA:25,3,0,0
BRDA:25,3,1,0
BRDA:25,3,2,0
BRDA:42,4,0,0
BRDA:42,4,1,0
BRDA:61,5,0,0
BRDA:61,5,1,0
BRDA:70,6,0,0
BRDA:70,6,1,0
BRDA:92,7,0,0
BRDA:92,7,1,0
BRDA:97,8,0,0
BRDA:97,8,1,0
BRDA:100,9,0,0
BRDA:100,9,1,0
BRDA:104,10,0,0
BRDA:104,10,1,0
BRDA:104,10,2,0
BRDA:106,11,0,0
BRDA:106,11,1,0
BRDA:117,12,0,0
BRDA:117,12,1,0
BRDA:121,13,0,0
BRDA:121,13,1,0
BRDA:121,14,0,0
BRDA:121,14,1,0
BRDA:129,15,0,0
BRDA:129,15,1,0
BRDA:132,16,0,0
BRDA:132,16,1,0
BRDA:135,17,0,0
BRDA:135,17,1,0
BRDA:152,18,0,0
BRDA:152,18,1,0
BRDA:20,19,0,2
BRDA:20,19,1,0
BRDA:20,20,0,2
BRDA:20,20,1,2
BRF:44
BRH:3
end_of_record
TN:
SF:src/auth/services/session.service.ts
FN:33,(anonymous_2)
FN:35,(anonymous_3)
FN:42,(anonymous_4)
FN:66,(anonymous_5)
FN:90,(anonymous_6)
FN:97,(anonymous_7)
FN:106,(anonymous_8)
FN:125,(anonymous_9)
FNF:8
FNH:0
FNDA:0,(anonymous_2)
FNDA:0,(anonymous_3)
FNDA:0,(anonymous_4)
FNDA:0,(anonymous_5)
FNDA:0,(anonymous_6)
FNDA:0,(anonymous_7)
FNDA:0,(anonymous_8)
FNDA:0,(anonymous_9)
DA:1,1
DA:2,1
DA:29,1
DA:30,0
DA:31,0
DA:33,0
DA:35,0
DA:43,0
DA:44,0
DA:45,0
DA:47,0
DA:48,0
DA:55,0
DA:57,0
DA:67,0
DA:69,0
DA:70,0
DA:73,0
DA:74,0
DA:75,0
DA:78,0
DA:79,0
DA:83,0
DA:91,0
DA:99,0
DA:100,0
DA:107,0
DA:108,0
DA:110,0
DA:111,0
DA:112,0
DA:113,0
DA:117,0
DA:118,0
DA:126,0
DA:127,0
DA:129,0
DA:130,0
DA:131,0
DA:135,0
LF:40
LH:3
BRDA:69,0,0,0
BRDA:69,0,1,0
BRDA:73,1,0,0
BRDA:73,1,1,0
BRDA:78,2,0,0
BRDA:78,2,1,0
BRDA:111,3,0,0
BRDA:111,3,1,0
BRDA:117,4,0,0
BRDA:117,4,1,0
BRDA:130,5,0,0
BRDA:130,5,1,0
BRDA:33,6,0,1
BRDA:33,6,1,0
BRDA:33,7,0,1
BRDA:33,7,1,1
BRF:16
BRH:3
end_of_record
TN:
SF:src/auth/services/user-session.service.ts
FN:65,(anonymous_2)
FN:67,(anonymous_3)
FN:79,(anonymous_4)
FN:113,(anonymous_5)
FN:156,(anonymous_6)
FN:168,(anonymous_7)
FN:186,(anonymous_8)
FN:211,(anonymous_9)
FN:219,(anonymous_10)
FN:241,(anonymous_11)
FNF:10
FNH:0
FNDA:0,(anonymous_2)
FNDA:0,(anonymous_3)
FNDA:0,(anonymous_4)
FNDA:0,(anonymous_5)
FNDA:0,(anonymous_6)
FNDA:0,(anonymous_7)
FNDA:0,(anonymous_8)
FNDA:0,(anonymous_9)
FNDA:0,(anonymous_10)
FNDA:0,(anonymous_11)
DA:1,3
DA:2,3
DA:56,3
DA:57,0
DA:60,0
DA:63,0
DA:65,0
DA:67,0
DA:86,0
DA:87,0
DA:89,0
DA:100,0
DA:101,0
DA:103,0
DA:114,0
DA:116,0
DA:118,0
DA:121,0
DA:124,0
DA:125,0
DA:126,0
DA:127,0
DA:131,0
DA:132,0
DA:133,0
DA:134,0
DA:135,0
DA:136,0
DA:141,0
DA:142,0
DA:143,0
DA:144,0
DA:146,0
DA:149,0
DA:157,0
DA:158,0
DA:159,0
DA:160,0
DA:169,0
DA:170,0
DA:171,0
DA:172,0
DA:173,0
DA:176,0
DA:177,0
DA:179,0
DA:192,0
DA:194,0
DA:195,0
DA:196,0
DA:205,0
DA:212,0
DA:213,0
DA:220,0
DA:221,0
DA:223,0
DA:224,0
DA:225,0
DA:227,0
DA:228,0
DA:229,0
DA:233,0
DA:234,0
DA:246,0
DA:247,0
DA:253,0
DA:254,0
DA:256,0
DA:257,0
DA:258,0
DA:262,0
LF:71
LH:3
BRDA:113,0,0,0
BRDA:116,1,0,0
BRDA:116,1,1,0
BRDA:124,2,0,0
BRDA:124,2,1,0
BRDA:132,3,0,0
BRDA:132,3,1,0
BRDA:141,4,0,0
BRDA:141,4,1,0
BRDA:158,5,0,0
BRDA:158,5,1,0
BRDA:171,6,0,0
BRDA:171,6,1,0
BRDA:176,7,0,0
BRDA:176,7,1,0
BRDA:195,8,0,0
BRDA:195,8,1,0
BRDA:227,9,0,0
BRDA:227,9,1,0
BRDA:227,10,0,0
BRDA:227,10,1,0
BRDA:233,11,0,0
BRDA:233,11,1,0
BRDA:257,12,0,0
BRDA:257,12,1,0
BRDA:257,13,0,0
BRDA:257,13,1,0
BRDA:65,14,0,3
BRDA:65,14,1,0
BRDA:65,15,0,3
BRDA:65,15,1,3
BRF:31
BRH:3
end_of_record
TN:
SF:src/auth/strategies/corppass.strategy.ts
FN:14,(anonymous_11)
FN:50,(anonymous_12)
FN:76,(anonymous_13)
FN:87,(anonymous_14)
FN:120,(anonymous_15)
FN:145,(anonymous_16)
FN:157,(anonymous_17)
FN:187,(anonymous_18)
FNF:8
FNH:0
FNDA:0,(anonymous_11)
FNDA:0,(anonymous_12)
FNDA:0,(anonymous_13)
FNDA:0,(anonymous_14)
FNDA:0,(anonymous_15)
FNDA:0,(anonymous_16)
FNDA:0,(anonymous_17)
FNDA:0,(anonymous_18)
DA:1,1
DA:2,1
DA:3,1
DA:4,1
DA:5,1
DA:6,1
DA:7,1
DA:8,1
DA:11,1
DA:15,0
DA:16,0
DA:17,0
DA:19,0
DA:20,0
DA:21,0
DA:22,0
DA:24,0
DA:25,0
DA:28,0
DA:42,0
DA:43,0
DA:47,0
DA:48,0
DA:50,0
DA:52,0
DA:53,0
DA:56,0
DA:58,0
DA:59,0
DA:60,0
DA:64,0
DA:67,0
DA:79,0
DA:88,0
DA:89,0
DA:93,0
DA:96,0
DA:100,0
DA:113,0
DA:121,0
DA:122,0
DA:123,0
DA:124,0
DA:125,0
DA:126,0
DA:128,0
DA:129,0
DA:133,0
DA:136,0
DA:144,0
DA:145,0
DA:148,0
DA:158,0
DA:159,0
DA:161,0
DA:162,0
DA:164,0
DA:168,0
DA:170,0
DA:176,0
DA:193,0
DA:195,0
DA:198,0
DA:200,0
DA:201,0
DA:205,0
DA:206,0
DA:207,0
DA:210,0
DA:211,0
DA:212,0
DA:215,0
DA:216,0
DA:218,0
DA:221,0
DA:222,0
DA:225,0
DA:228,0
DA:231,0
DA:235,0
DA:237,0
DA:239,0
LF:82
LH:9
BRDA:24,0,0,0
BRDA:24,0,1,0
BRDA:24,1,0,0
BRDA:24,1,1,0
BRDA:24,1,2,0
BRDA:24,1,3,0
BRDA:32,2,0,0
BRDA:32,2,1,0
BRDA:50,3,0,0
BRDA:50,3,1,0
BRDA:52,4,0,0
BRDA:52,4,1,0
BRDA:88,5,0,0
BRDA:88,5,1,0
BRDA:128,6,0,0
BRDA:128,6,1,0
BRDA:128,7,0,0
BRDA:128,7,1,0
BRDA:128,7,2,0
BRDA:128,7,3,0
BRDA:158,8,0,0
BRDA:158,8,1,0
BRDA:200,9,0,0
BRDA:200,9,1,0
BRDA:235,10,0,0
BRDA:235,10,1,0
BRDA:15,11,0,1
BRDA:15,11,1,0
BRDA:15,12,0,1
BRDA:15,12,1,1
BRDA:15,13,0,1
BRDA:15,13,1,0
BRDA:15,14,0,1
BRDA:15,14,1,1
BRDA:16,15,0,1
BRDA:16,15,1,0
BRDA:16,16,0,1
BRDA:16,16,1,1
BRF:38
BRH:9
end_of_record
TN:
SF:src/auth/strategies/jwt.strategy.ts
FN:10,(anonymous_2)
FN:22,(anonymous_3)
FNF:2
FNH:0
FNDA:0,(anonymous_2)
FNDA:0,(anonymous_3)
DA:1,0
DA:2,0
DA:3,0
DA:4,0
DA:5,0
DA:9,0
DA:11,0
DA:12,0
DA:14,0
DA:23,0
DA:26,0
DA:27,0
DA:28,0
DA:32,0
DA:33,0
DA:34,0
DA:39,0
DA:40,0
DA:41,0
DA:44,0
DA:46,0
DA:47,0
DA:48,0
DA:51,0
DA:54,0
DA:60,0
DA:61,0
LF:27
LH:0
BRDA:17,0,0,0
BRDA:17,0,1,0
BRDA:27,1,0,0
BRDA:27,1,1,0
BRDA:32,2,0,0
BRDA:32,2,1,0
BRDA:46,3,0,0
BRDA:46,3,1,0
BRDA:11,4,0,0
BRDA:11,4,1,0
BRDA:11,5,0,0
BRDA:11,5,1,0
BRDA:11,6,0,0
BRDA:11,6,1,0
BRDA:11,7,0,0
BRDA:11,7,1,0
BRF:16
BRH:0
end_of_record
TN:
SF:src/clinics/clinics.controller.ts
FN:22,(anonymous_4)
FN:26,(anonymous_5)
FN:38,(anonymous_6)
FN:44,(anonymous_7)
FN:50,(anonymous_8)
FN:56,(anonymous_9)
FN:62,(anonymous_10)
FN:71,(anonymous_11)
FNF:8
FNH:0
FNDA:0,(anonymous_4)
FNDA:0,(anonymous_5)
FNDA:0,(anonymous_6)
FNDA:0,(anonymous_7)
FNDA:0,(anonymous_8)
FNDA:0,(anonymous_9)
FNDA:0,(anonymous_10)
FNDA:0,(anonymous_11)
DA:1,2
DA:12,2
DA:13,2
DA:14,2
DA:15,2
DA:16,2
DA:17,2
DA:21,2
DA:22,0
DA:26,2
DA:30,0
DA:31,0
DA:33,0
DA:38,2
DA:39,0
DA:44,2
DA:45,0
DA:50,2
DA:51,0
DA:56,2
DA:57,0
DA:62,2
DA:66,0
DA:71,2
DA:72,0
LF:25
LH:15
BRDA:30,0,0,0
BRDA:30,0,1,0
BRDA:31,1,0,0
BRDA:31,1,1,0
BRDA:56,2,0,2
BRDA:56,2,1,0
BRDA:56,3,0,2
BRDA:56,3,1,2
BRDA:64,4,0,2
BRDA:64,4,1,0
BRDA:64,5,0,2
BRDA:64,5,1,2
BRDA:22,6,0,2
BRDA:22,6,1,0
BRDA:22,7,0,2
BRDA:22,7,1,2
BRF:16
BRH:9
end_of_record
TN:
SF:src/clinics/clinics.module.ts
FNF:0
FNH:0
DA:1,0
DA:2,0
DA:3,0
DA:4,0
DA:12,0
LF:5
LH:0
BRF:0
BRH:0
end_of_record
TN:
SF:src/clinics/clinics.service.ts
FN:8,(anonymous_2)
FN:10,(anonymous_3)
FN:44,(anonymous_4)
FN:104,(anonymous_5)
FN:108,(anonymous_6)
FN:117,(anonymous_7)
FN:165,(anonymous_8)
FN:217,(anonymous_9)
FN:239,(anonymous_10)
FN:270,(anonymous_11)
FN:276,(anonymous_12)
FN:306,(anonymous_13)
FNF:12
FNH:0
FNDA:0,(anonymous_2)
FNDA:0,(anonymous_3)
FNDA:0,(anonymous_4)
FNDA:0,(anonymous_5)
FNDA:0,(anonymous_6)
FNDA:0,(anonymous_7)
FNDA:0,(anonymous_8)
FNDA:0,(anonymous_9)
FNDA:0,(anonymous_10)
FNDA:0,(anonymous_11)
FNDA:0,(anonymous_12)
FNDA:0,(anonymous_13)
DA:1,4
DA:2,4
DA:7,4
DA:8,0
DA:11,0
DA:13,0
DA:33,0
DA:45,0
DA:97,0
DA:98,0
DA:102,0
DA:104,0
DA:108,0
DA:119,0
DA:120,0
DA:124,0
DA:125,0
DA:130,0
DA:131,0
DA:135,0
DA:136,0
DA:140,0
DA:162,0
DA:167,0
DA:170,0
DA:171,0
DA:175,0
DA:176,0
DA:181,0
DA:182,0
DA:186,0
DA:187,0
DA:191,0
DA:214,0
DA:219,0
DA:222,0
DA:226,0
DA:227,0
DA:232,0
DA:236,0
DA:241,0
DA:245,0
DA:246,0
DA:249,0
DA:270,0
DA:278,0
DA:282,0
DA:283,0
DA:286,0
DA:306,0
LF:50
LH:3
BRDA:10,0,0,0
BRDA:10,1,0,0
BRDA:97,2,0,0
BRDA:97,2,1,0
BRDA:119,3,0,0
BRDA:119,3,1,0
BRDA:124,4,0,0
BRDA:124,4,1,0
BRDA:130,5,0,0
BRDA:130,5,1,0
BRDA:135,6,0,0
BRDA:135,6,1,0
BRDA:170,7,0,0
BRDA:170,7,1,0
BRDA:175,8,0,0
BRDA:175,8,1,0
BRDA:175,9,0,0
BRDA:175,9,1,0
BRDA:181,10,0,0
BRDA:181,10,1,0
BRDA:186,11,0,0
BRDA:186,11,1,0
BRDA:186,12,0,0
BRDA:186,12,1,0
BRDA:226,13,0,0
BRDA:226,13,1,0
BRDA:245,14,0,0
BRDA:245,14,1,0
BRDA:282,15,0,0
BRDA:282,15,1,0
BRDA:8,16,0,4
BRDA:8,16,1,0
BRDA:8,17,0,4
BRDA:8,17,1,4
BRF:34
BRH:3
end_of_record
TN:
SF:src/clinics/dto/create-clinic.dto.ts
FNF:0
FNH:0
DA:1,2
DA:3,2
DA:6,2
DA:13,2
DA:17,2
DA:21,2
DA:25,2
DA:29,2
LF:8
LH:8
BRF:0
BRH:0
end_of_record
TN:
SF:src/clinics/dto/update-clinic.dto.ts
FNF:0
FNH:0
DA:1,2
DA:3,2
DA:6,2
DA:13,2
DA:17,2
DA:21,2
DA:25,2
DA:29,2
LF:8
LH:8
BRF:0
BRH:0
end_of_record
TN:
SF:src/common/utils/nric-validator.ts
FN:46,validateNRIC
FN:102,generateValidNRIC
FNF:2
FNH:0
FNDA:0,validateNRIC
FNDA:0,generateValidNRIC
DA:35,0
DA:36,0
DA:37,0
DA:39,0
DA:46,0
DA:47,0
DA:48,0
DA:52,0
DA:55,0
DA:56,0
DA:57,0
DA:60,0
DA:61,0
DA:62,0
DA:65,0
DA:66,0
DA:67,0
DA:71,0
DA:72,0
DA:73,0
DA:74,0
DA:79,0
DA:83,0
DA:84,0
DA:85,0
DA:86,0
DA:87,0
DA:88,0
DA:90,0
DA:93,0
DA:102,0
DA:103,0
DA:104,0
DA:108,0
DA:109,0
DA:110,0
DA:114,0
DA:115,0
DA:116,0
DA:117,0
DA:121,0
DA:125,0
DA:126,0
DA:127,0
DA:128,0
DA:129,0
DA:130,0
DA:132,0
DA:135,0
LF:49
LH:0
BRDA:47,0,0,0
BRDA:47,0,1,0
BRDA:47,1,0,0
BRDA:47,1,1,0
BRDA:56,2,0,0
BRDA:56,2,1,0
BRDA:71,3,0,0
BRDA:71,3,1,0
BRDA:71,4,0,0
BRDA:71,4,1,0
BRDA:73,5,0,0
BRDA:73,5,1,0
BRDA:83,6,0,0
BRDA:83,6,1,0
BRDA:83,7,0,0
BRDA:83,7,1,0
BRDA:85,8,0,0
BRDA:85,8,1,0
BRDA:85,9,0,0
BRDA:85,9,1,0
BRDA:87,10,0,0
BRDA:87,10,1,0
BRDA:103,11,0,0
BRDA:103,11,1,0
BRDA:103,12,0,0
BRDA:103,12,1,0
BRDA:114,13,0,0
BRDA:114,13,1,0
BRDA:114,14,0,0
BRDA:114,14,1,0
BRDA:116,15,0,0
BRDA:116,15,1,0
BRDA:125,16,0,0
BRDA:125,16,1,0
BRDA:125,17,0,0
BRDA:125,17,1,0
BRDA:127,18,0,0
BRDA:127,18,1,0
BRDA:127,19,0,0
BRDA:127,19,1,0
BRDA:129,20,0,0
BRDA:129,20,1,0
BRF:42
BRH:0
end_of_record
TN:
SF:src/patients/patients.controller.ts
FN:11,(anonymous_4)
FN:14,(anonymous_5)
FN:20,(anonymous_6)
FNF:3
FNH:0
FNDA:0,(anonymous_4)
FNDA:0,(anonymous_5)
FNDA:0,(anonymous_6)
DA:1,0
DA:2,0
DA:3,0
DA:4,0
DA:8,0
DA:9,0
DA:11,0
DA:14,0
DA:15,0
DA:16,0
DA:20,0
DA:21,0
DA:22,0
LF:13
LH:0
BRDA:14,0,0,0
BRDA:14,0,1,0
BRDA:14,1,0,0
BRDA:14,1,1,0
BRDA:11,2,0,0
BRDA:11,2,1,0
BRDA:11,3,0,0
BRDA:11,3,1,0
BRF:8
BRH:0
end_of_record
TN:
SF:src/patients/patients.module.ts
FNF:0
FNH:0
DA:1,0
DA:2,0
DA:3,0
DA:4,0
DA:12,0
LF:5
LH:0
BRF:0
BRH:0
end_of_record
TN:
SF:src/patients/patients.service.ts
FN:22,(anonymous_2)
FN:27,(anonymous_3)
FN:85,(anonymous_4)
FNF:3
FNH:0
FNDA:0,(anonymous_2)
FNDA:0,(anonymous_3)
FNDA:0,(anonymous_4)
DA:1,1
DA:2,1
DA:19,1
DA:20,0
DA:22,0
DA:28,0
DA:29,0
DA:32,0
DA:35,0
DA:51,0
DA:52,0
DA:56,0
DA:57,0
DA:58,0
DA:59,0
DA:64,0
DA:71,0
DA:87,0
DA:96,0
DA:97,0
DA:101,0
DA:104,0
DA:119,0
DA:120,0
DA:123,0
LF:25
LH:3
BRDA:28,0,0,0
BRDA:28,0,1,0
BRDA:28,1,0,0
BRDA:28,1,1,0
BRDA:51,2,0,0
BRDA:51,2,1,0
BRDA:57,3,0,0
BRDA:57,3,1,0
BRDA:58,4,0,0
BRDA:58,4,1,0
BRDA:59,5,0,0
BRDA:59,5,1,0
BRDA:96,6,0,0
BRDA:96,6,1,0
BRDA:119,7,0,0
BRDA:119,7,1,0
BRDA:22,8,0,1
BRDA:22,8,1,0
BRDA:22,9,0,1
BRDA:22,9,1,1
BRF:20
BRH:3
end_of_record
TN:
SF:src/patients/dto/lookup-patient.dto.ts
FNF:0
FNH:0
DA:1,0
DA:3,0
DA:9,0
LF:3
LH:0
BRF:0
BRH:0
end_of_record
TN:
SF:src/prisma/prisma.module.ts
FNF:0
FNH:0
DA:1,0
DA:2,0
DA:9,0
LF:3
LH:0
BRF:0
BRH:0
end_of_record
TN:
SF:src/prisma/prisma.service.ts
FN:6,(anonymous_1)
FN:11,(anonymous_2)
FNF:2
FNH:0
FNDA:0,(anonymous_1)
FNDA:0,(anonymous_2)
DA:1,18
DA:2,18
DA:5,18
DA:7,0
DA:8,0
DA:12,0
LF:6
LH:3
BRF:0
BRH:0
end_of_record
TN:
SF:src/submissions/submissions.controller.ts
FN:23,(anonymous_4)
FN:26,(anonymous_5)
FN:31,(anonymous_6)
FN:36,(anonymous_7)
FN:41,(anonymous_8)
FN:46,(anonymous_9)
FN:53,(anonymous_10)
FN:58,(anonymous_11)
FN:64,(anonymous_12)
FN:70,(anonymous_13)
FNF:10
FNH:0
FNDA:0,(anonymous_4)
FNDA:0,(anonymous_5)
FNDA:0,(anonymous_6)
FNDA:0,(anonymous_7)
FNDA:0,(anonymous_8)
FNDA:0,(anonymous_9)
FNDA:0,(anonymous_10)
FNDA:0,(anonymous_11)
FNDA:0,(anonymous_12)
FNDA:0,(anonymous_13)
DA:1,2
DA:13,2
DA:14,2
DA:15,2
DA:16,2
DA:20,2
DA:21,0
DA:23,0
DA:26,2
DA:27,0
DA:31,2
DA:32,0
DA:36,2
DA:37,0
DA:41,2
DA:42,0
DA:46,2
DA:47,0
DA:48,0
DA:49,0
DA:53,2
DA:54,0
DA:58,2
DA:59,0
DA:60,0
DA:64,2
DA:65,0
DA:66,0
DA:70,2
DA:71,0
LF:30
LH:15
BRDA:26,0,0,2
BRDA:26,0,1,0
BRDA:26,1,0,2
BRDA:26,1,1,2
BRDA:31,2,0,2
BRDA:31,2,1,0
BRDA:31,3,0,2
BRDA:31,3,1,2
BRDA:36,4,0,2
BRDA:36,4,1,0
BRDA:36,5,0,2
BRDA:36,5,1,2
BRDA:46,6,0,2
BRDA:46,6,1,0
BRDA:46,7,0,2
BRDA:46,7,1,2
BRDA:23,8,0,2
BRDA:23,8,1,0
BRDA:23,9,0,2
BRDA:23,9,1,2
BRF:20
BRH:15
end_of_record
TN:
SF:src/submissions/submissions.module.ts
FNF:0
FNH:0
DA:1,0
DA:2,0
DA:3,0
DA:4,0
DA:12,0
LF:5
LH:0
BRF:0
BRH:0
end_of_record
TN:
SF:src/submissions/submissions.service.ts
FN:10,(anonymous_2)
FN:12,(anonymous_3)
FN:102,(anonymous_4)
FN:168,(anonymous_5)
FN:180,(anonymous_6)
FN:211,(anonymous_7)
FN:223,(anonymous_8)
FN:253,(anonymous_9)
FN:327,(anonymous_10)
FN:382,(anonymous_11)
FN:430,(anonymous_12)
FN:477,(anonymous_13)
FN:486,(anonymous_14)
FN:496,(anonymous_15)
FNF:14
FNH:0
FNDA:0,(anonymous_2)
FNDA:0,(anonymous_3)
FNDA:0,(anonymous_4)
FNDA:0,(anonymous_5)
FNDA:0,(anonymous_6)
FNDA:0,(anonymous_7)
FNDA:0,(anonymous_8)
FNDA:0,(anonymous_9)
FNDA:0,(anonymous_10)
FNDA:0,(anonymous_11)
FNDA:0,(anonymous_12)
FNDA:0,(anonymous_13)
FNDA:0,(anonymous_14)
FNDA:0,(anonymous_15)
DA:1,3
DA:2,3
DA:4,3
DA:7,3
DA:8,0
DA:10,0
DA:14,0
DA:18,0
DA:21,0
DA:22,0
DA:23,0
DA:24,0
DA:25,0
DA:26,0
DA:28,0
DA:31,0
DA:56,0
DA:69,0
DA:70,0
DA:86,0
DA:87,0
DA:99,0
DA:103,0
DA:104,0
DA:105,0
DA:107,0
DA:110,0
DA:111,0
DA:116,0
DA:118,0
DA:121,0
DA:122,0
DA:123,0
DA:127,0
DA:128,0
DA:130,0
DA:137,0
DA:138,0
DA:139,0
DA:140,0
DA:141,0
DA:142,0
DA:143,0
DA:144,0
DA:148,0
DA:152,0
DA:167,0
DA:168,0
DA:181,0
DA:182,0
DA:183,0
DA:185,0
DA:191,0
DA:192,0
DA:195,0
DA:210,0
DA:211,0
DA:224,0
DA:233,0
DA:234,0
DA:238,0
DA:239,0
DA:243,0
DA:247,0
DA:250,0
DA:254,0
DA:256,0
DA:258,0
DA:259,0
DA:260,0
DA:263,0
DA:265,0
DA:266,0
DA:267,0
DA:272,0
DA:273,0
DA:274,0
DA:280,0
DA:282,0
DA:283,0
DA:302,0
DA:311,0
DA:312,0
DA:314,0
DA:323,0
DA:328,0
DA:330,0
DA:331,0
DA:334,0
DA:335,0
DA:338,0
DA:339,0
DA:344,0
DA:346,0
DA:365,0
DA:379,0
DA:383,0
DA:385,0
DA:386,0
DA:389,0
DA:390,0
DA:393,0
DA:394,0
DA:397,0
DA:414,0
DA:427,0
DA:431,0
DA:433,0
DA:434,0
DA:438,0
DA:439,0
DA:443,0
DA:444,0
DA:447,0
DA:450,0
DA:458,0
DA:472,0
DA:474,0
DA:478,0
DA:484,0
DA:486,0
DA:497,0
LF:122
LH:4
BRDA:21,0,0,0
BRDA:21,0,1,0
BRDA:23,1,0,0
BRDA:23,1,1,0
BRDA:25,2,0,0
BRDA:25,2,1,0
BRDA:25,3,0,0
BRDA:25,3,1,0
BRDA:36,4,0,0
BRDA:36,4,1,0
BRDA:37,5,0,0
BRDA:37,5,1,0
BRDA:43,6,0,0
BRDA:43,6,1,0
BRDA:44,7,0,0
BRDA:44,7,1,0
BRDA:44,8,0,0
BRDA:44,8,1,0
BRDA:45,9,0,0
BRDA:45,9,1,0
BRDA:45,10,0,0
BRDA:45,10,1,0
BRDA:69,11,0,0
BRDA:69,11,1,0
BRDA:77,12,0,0
BRDA:77,12,1,0
BRDA:86,13,0,0
BRDA:86,13,1,0
BRDA:104,14,0,0
BRDA:104,14,1,0
BRDA:105,15,0,0
BRDA:105,15,1,0
BRDA:110,16,0,0
BRDA:110,16,1,0
BRDA:111,17,0,0
BRDA:111,17,1,0
BRDA:111,18,0,0
BRDA:111,18,1,0
BRDA:122,19,0,0
BRDA:122,19,1,0
BRDA:127,20,0,0
BRDA:127,20,1,0
BRDA:137,21,0,0
BRDA:137,21,1,0
BRDA:138,22,0,0
BRDA:138,22,1,0
BRDA:139,23,0,0
BRDA:139,23,1,0
BRDA:140,24,0,0
BRDA:140,24,1,0
BRDA:141,25,0,0
BRDA:141,25,1,0
BRDA:141,26,0,0
BRDA:141,26,1,0
BRDA:143,27,0,0
BRDA:143,27,1,0
BRDA:144,28,0,0
BRDA:144,28,1,0
BRDA:148,29,0,0
BRDA:148,29,1,0
BRDA:182,30,0,0
BRDA:182,30,1,0
BRDA:183,31,0,0
BRDA:183,31,1,0
BRDA:191,32,0,0
BRDA:191,32,1,0
BRDA:233,33,0,0
BRDA:233,33,1,0
BRDA:238,34,0,0
BRDA:238,34,1,0
BRDA:238,35,0,0
BRDA:238,35,1,0
BRDA:243,36,0,0
BRDA:243,36,1,0
BRDA:243,37,0,0
BRDA:243,37,1,0
BRDA:243,37,2,0
BRDA:243,37,3,0
BRDA:258,38,0,0
BRDA:258,38,1,0
BRDA:263,39,0,0
BRDA:263,39,1,0
BRDA:263,40,0,0
BRDA:263,40,1,0
BRDA:265,41,0,0
BRDA:265,41,1,0
BRDA:265,42,0,0
BRDA:265,42,1,0
BRDA:272,43,0,0
BRDA:272,43,1,0
BRDA:286,44,0,0
BRDA:286,44,1,0
BRDA:287,45,0,0
BRDA:287,45,1,0
BRDA:288,46,0,0
BRDA:288,46,1,0
BRDA:289,47,0,0
BRDA:289,47,1,0
BRDA:290,48,0,0
BRDA:290,48,1,0
BRDA:291,49,0,0
BRDA:291,49,1,0
BRDA:292,50,0,0
BRDA:292,50,1,0
BRDA:330,51,0,0
BRDA:330,51,1,0
BRDA:334,52,0,0
BRDA:334,52,1,0
BRDA:334,53,0,0
BRDA:334,53,1,0
BRDA:338,54,0,0
BRDA:338,54,1,0
BRDA:344,55,0,0
BRDA:344,55,1,0
BRDA:352,56,0,0
BRDA:352,56,1,0
BRDA:372,57,0,0
BRDA:372,57,1,0
BRDA:372,57,2,0
BRDA:385,58,0,0
BRDA:385,58,1,0
BRDA:389,59,0,0
BRDA:389,59,1,0
BRDA:389,60,0,0
BRDA:389,60,1,0
BRDA:393,61,0,0
BRDA:393,61,1,0
BRDA:433,62,0,0
BRDA:433,62,1,0
BRDA:438,63,0,0
BRDA:438,63,1,0
BRDA:443,64,0,0
BRDA:443,64,1,0
BRDA:443,65,0,0
BRDA:443,65,1,0
BRDA:502,66,0,0
BRDA:502,66,1,0
BRDA:503,67,0,0
BRDA:503,67,1,0
BRDA:10,68,0,3
BRDA:10,68,1,0
BRDA:10,69,0,3
BRDA:10,69,1,3
BRF:143
BRH:3
end_of_record
TN:
SF:src/submissions/dto/submission.dto.ts
FN:94,(anonymous_2)
FN:99,(anonymous_3)
FN:105,(anonymous_4)
FNF:3
FNH:0
FNDA:0,(anonymous_2)
FNDA:0,(anonymous_3)
FNDA:0,(anonymous_4)
DA:1,2
DA:2,2
DA:4,2
DA:6,2
DA:9,2
DA:12,2
DA:16,2
DA:20,2
DA:23,2
DA:27,2
DA:31,2
DA:34,2
DA:37,2
DA:41,2
DA:45,2
DA:49,2
DA:53,2
DA:57,2
DA:61,2
DA:65,2
DA:68,2
DA:71,2
DA:75,2
DA:79,2
DA:83,2
DA:87,2
DA:91,2
DA:94,0
DA:96,2
DA:99,0
DA:102,2
DA:105,0
DA:108,2
LF:33
LH:30
BRDA:23,0,0,0
BRDA:23,0,1,2
BRDA:23,1,0,2
BRDA:23,1,1,0
BRDA:57,2,0,0
BRDA:57,2,1,2
BRDA:57,3,0,2
BRDA:57,3,1,0
BRDA:94,4,0,0
BRDA:94,4,1,0
BRF:10
BRH:4
end_of_record
TN:
SF:src/submissions/validation/driver-exam.validation.ts
FN:7,isDriverExam
FN:18,requiresTpValidation
FN:28,requiresLtaValidation
FN:39,validateExamTiming
FN:83,validateAmt
FN:102,validateLtaVocational
FN:128,validateMedicalDeclaration
FN:137,validateMedicalHistory
FN:146,validateAssessment
FN:176,validateCommonFields
FN:196,validateDriverExam
FNF:11
FNH:11
FNDA:14,isDriverExam
FNDA:20,requiresTpValidation
FNDA:17,requiresLtaValidation
FNDA:13,validateExamTiming
FNDA:13,validateAmt
FNDA:15,validateLtaVocational
FNDA:3,validateMedicalDeclaration
FNDA:3,validateMedicalHistory
FNDA:16,validateAssessment
FNDA:6,validateCommonFields
FNDA:8,validateDriverExam
DA:1,4
DA:7,4
DA:8,14
DA:18,4
DA:19,20
DA:28,4
DA:29,17
DA:39,4
DA:43,13
DA:44,0
DA:49,13
DA:50,13
DA:51,13
DA:54,13
DA:55,0
DA:59,13
DA:60,13
DA:61,13
DA:64,13
DA:65,1
DA:69,13
DA:70,13
DA:73,13
DA:74,4
DA:83,4
DA:84,13
DA:85,2
DA:90,11
DA:91,2
DA:94,9
DA:95,4
DA:102,4
DA:103,15
DA:104,2
DA:109,13
DA:110,13
DA:111,33
DA:112,6
DA:118,7
DA:119,2
DA:128,4
DA:129,3
DA:130,0
DA:137,4
DA:138,3
DA:139,0
DA:146,4
DA:147,16
DA:148,2
DA:152,14
DA:153,10
DA:154,3
DA:159,11
DA:160,6
DA:161,2
DA:168,9
DA:169,2
DA:176,4
DA:177,6
DA:179,6
DA:180,21
DA:181,3
DA:186,3
DA:187,0
DA:196,4
DA:197,8
DA:200,8
DA:201,1
DA:205,7
DA:206,7
DA:208,0
DA:214,6
DA:217,3
DA:218,3
DA:221,3
DA:222,2
DA:226,3
DA:227,2
DA:231,3
LF:79
LH:73
BRDA:9,0,0,14
BRDA:9,0,1,9
BRDA:9,0,2,7
BRDA:20,1,0,20
BRDA:20,1,1,11
BRDA:30,2,0,17
BRDA:30,2,1,13
BRDA:43,3,0,0
BRDA:43,3,1,13
BRDA:43,4,0,13
BRDA:43,4,1,13
BRDA:54,5,0,0
BRDA:54,5,1,13
BRDA:64,6,0,1
BRDA:64,6,1,12
BRDA:73,7,0,4
BRDA:73,7,1,9
BRDA:73,8,0,13
BRDA:73,8,1,9
BRDA:84,9,0,2
BRDA:84,9,1,11
BRDA:84,10,0,13
BRDA:84,10,1,11
BRDA:90,11,0,2
BRDA:90,11,1,9
BRDA:94,12,0,4
BRDA:94,12,1,5
BRDA:94,13,0,9
BRDA:94,13,1,7
BRDA:103,14,0,2
BRDA:103,14,1,13
BRDA:103,15,0,15
BRDA:103,15,1,13
BRDA:111,16,0,6
BRDA:111,16,1,27
BRDA:118,17,0,2
BRDA:118,17,1,5
BRDA:118,18,0,7
BRDA:118,18,1,5
BRDA:129,19,0,0
BRDA:129,19,1,3
BRDA:129,20,0,3
BRDA:129,20,1,3
BRDA:138,21,0,0
BRDA:138,21,1,3
BRDA:138,22,0,3
BRDA:138,22,1,3
BRDA:147,23,0,2
BRDA:147,23,1,14
BRDA:147,24,0,16
BRDA:147,24,1,14
BRDA:152,25,0,10
BRDA:152,25,1,4
BRDA:153,26,0,3
BRDA:153,26,1,7
BRDA:153,27,0,10
BRDA:153,27,1,7
BRDA:159,28,0,6
BRDA:159,28,1,5
BRDA:160,29,0,2
BRDA:160,29,1,4
BRDA:160,30,0,6
BRDA:160,30,1,4
BRDA:168,31,0,2
BRDA:168,31,1,7
BRDA:168,32,0,9
BRDA:168,32,1,7
BRDA:180,33,0,3
BRDA:180,33,1,18
BRDA:186,34,0,0
BRDA:186,34,1,3
BRDA:186,35,0,3
BRDA:186,35,1,3
BRDA:200,36,0,1
BRDA:200,36,1,7
BRDA:205,37,0,7
BRDA:205,37,1,0
BRDA:205,38,0,7
BRDA:205,38,1,7
BRDA:221,39,0,2
BRDA:221,39,1,1
BRDA:226,40,0,2
BRDA:226,40,1,1
BRF:83
BRH:77
end_of_record
TN:
SF:src/users/users.controller.ts
FN:23,(anonymous_4)
FN:27,(anonymous_5)
FN:39,(anonymous_6)
FN:44,(anonymous_7)
FN:50,(anonymous_8)
FN:56,(anonymous_9)
FN:65,(anonymous_10)
FN:71,(anonymous_11)
FN:77,(anonymous_12)
FN:87,(anonymous_13)
FN:94,(anonymous_14)
FN:100,(anonymous_15)
FN:113,(anonymous_16)
FN:122,(anonymous_17)
FN:132,(anonymous_18)
FN:145,(anonymous_19)
FN:154,(anonymous_20)
FN:163,(anonymous_21)
FNF:18
FNH:0
FNDA:0,(anonymous_4)
FNDA:0,(anonymous_5)
FNDA:0,(anonymous_6)
FNDA:0,(anonymous_7)
FNDA:0,(anonymous_8)
FNDA:0,(anonymous_9)
FNDA:0,(anonymous_10)
FNDA:0,(anonymous_11)
FNDA:0,(anonymous_12)
FNDA:0,(anonymous_13)
FNDA:0,(anonymous_14)
FNDA:0,(anonymous_15)
FNDA:0,(anonymous_16)
FNDA:0,(anonymous_17)
FNDA:0,(anonymous_18)
FNDA:0,(anonymous_19)
FNDA:0,(anonymous_20)
FNDA:0,(anonymous_21)
DA:1,2
DA:12,2
DA:13,2
DA:14,2
DA:15,2
DA:16,2
DA:17,2
DA:18,2
DA:22,2
DA:23,0
DA:27,2
DA:32,0
DA:33,0
DA:35,0
DA:39,2
DA:40,0
DA:44,2
DA:45,0
DA:50,2
DA:51,0
DA:56,2
DA:60,0
DA:65,2
DA:66,0
DA:71,2
DA:72,0
DA:77,2
DA:82,0
DA:87,2
DA:88,0
DA:94,2
DA:95,0
DA:100,2
DA:104,0
DA:113,2
DA:117,0
DA:122,2
DA:126,0
DA:132,2
DA:136,0
DA:145,2
DA:149,0
DA:154,2
DA:158,0
DA:163,2
DA:164,0
LF:46
LH:26
BRDA:32,0,0,0
BRDA:32,0,1,0
BRDA:33,1,0,0
BRDA:33,1,1,0
BRDA:71,2,0,2
BRDA:71,2,1,0
BRDA:71,3,0,2
BRDA:71,3,1,2
BRDA:79,4,0,2
BRDA:79,4,1,0
BRDA:79,5,0,2
BRDA:79,5,1,2
BRDA:23,6,0,2
BRDA:23,6,1,0
BRDA:23,7,0,2
BRDA:23,7,1,2
BRF:16
BRH:9
end_of_record
TN:
SF:src/users/users.module.ts
FNF:0
FNH:0
DA:1,0
DA:2,0
DA:3,0
DA:4,0
DA:12,0
LF:5
LH:0
BRF:0
BRH:0
end_of_record
TN:
SF:src/users/users.service.ts
FN:9,(anonymous_11)
FN:11,(anonymous_12)
FN:92,(anonymous_13)
FN:119,(anonymous_14)
FN:125,(anonymous_15)
FN:151,(anonymous_16)
FN:157,(anonymous_17)
FN:227,(anonymous_18)
FN:239,(anonymous_19)
FN:255,(anonymous_20)
FN:326,(anonymous_21)
FN:383,(anonymous_22)
FN:394,(anonymous_23)
FN:419,(anonymous_24)
FN:470,(anonymous_25)
FN:549,(anonymous_26)
FN:589,(anonymous_27)
FN:644,(anonymous_28)
FN:675,(anonymous_29)
FN:682,(anonymous_30)
FN:760,(anonymous_31)
FN:800,(anonymous_32)
FN:854,(anonymous_33)
FN:885,(anonymous_34)
FNF:24
FNH:0
FNDA:0,(anonymous_11)
FNDA:0,(anonymous_12)
FNDA:0,(anonymous_13)
FNDA:0,(anonymous_14)
FNDA:0,(anonymous_15)
FNDA:0,(anonymous_16)
FNDA:0,(anonymous_17)
FNDA:0,(anonymous_18)
FNDA:0,(anonymous_19)
FNDA:0,(anonymous_20)
FNDA:0,(anonymous_21)
FNDA:0,(anonymous_22)
FNDA:0,(anonymous_23)
FNDA:0,(anonymous_24)
FNDA:0,(anonymous_25)
FNDA:0,(anonymous_26)
FNDA:0,(anonymous_27)
FNDA:0,(anonymous_28)
FNDA:0,(anonymous_29)
FNDA:0,(anonymous_30)
FNDA:0,(anonymous_31)
FNDA:0,(anonymous_32)
FNDA:0,(anonymous_33)
FNDA:0,(anonymous_34)
DA:1,4
DA:2,4
DA:5,4
DA:8,4
DA:9,0
DA:12,0
DA:15,0
DA:81,0
DA:94,0
DA:119,0
DA:127,0
DA:151,0
DA:158,0
DA:219,0
DA:220,0
DA:224,0
DA:225,0
DA:227,0
DA:236,0
DA:237,0
DA:239,0
DA:248,0
DA:257,0
DA:261,0
DA:262,0
DA:266,0
DA:267,0
DA:271,0
DA:272,0
DA:277,0
DA:279,0
DA:302,0
DA:303,0
DA:313,0
DA:314,0
DA:323,0
DA:328,0
DA:331,0
DA:332,0
DA:336,0
DA:337,0
DA:342,0
DA:343,0
DA:347,0
DA:348,0
DA:352,0
DA:361,0
DA:362,0
DA:365,0
DA:380,0
DA:385,0
DA:387,0
DA:391,0
DA:395,0
DA:409,0
DA:410,0
DA:413,0
DA:421,0
DA:425,0
DA:426,0
DA:430,0
DA:431,0
DA:440,0
DA:441,0
DA:446,0
DA:462,0
DA:476,0
DA:483,0
DA:484,0
DA:488,0
DA:492,0
DA:493,0
DA:497,0
DA:506,0
DA:507,0
DA:511,0
DA:512,0
DA:518,0
DA:546,0
DA:551,0
DA:560,0
DA:561,0
DA:565,0
DA:566,0
DA:570,0
DA:571,0
DA:577,0
DA:586,0
DA:591,0
DA:600,0
DA:601,0
DA:605,0
DA:611,0
DA:641,0
DA:645,0
DA:652,0
DA:653,0
DA:656,0
DA:675,0
DA:688,0
DA:695,0
DA:696,0
DA:700,0
DA:704,0
DA:705,0
DA:709,0
DA:718,0
DA:719,0
DA:723,0
DA:724,0
DA:730,0
DA:757,0
DA:762,0
DA:771,0
DA:772,0
DA:776,0
DA:777,0
DA:781,0
DA:782,0
DA:788,0
DA:797,0
DA:802,0
DA:811,0
DA:812,0
DA:816,0
DA:822,0
DA:851,0
DA:855,0
DA:862,0
DA:863,0
DA:866,0
DA:885,0
LF:132
LH:4
BRDA:11,0,0,0
BRDA:11,1,0,0
BRDA:219,2,0,0
BRDA:219,2,1,0
BRDA:224,3,0,0
BRDA:224,3,1,0
BRDA:224,4,0,0
BRDA:224,4,1,0
BRDA:236,5,0,0
BRDA:236,5,1,0
BRDA:236,6,0,0
BRDA:236,6,1,0
BRDA:261,7,0,0
BRDA:261,7,1,0
BRDA:266,8,0,0
BRDA:266,8,1,0
BRDA:271,9,0,0
BRDA:271,9,1,0
BRDA:302,10,0,0
BRDA:302,10,1,0
BRDA:313,11,0,0
BRDA:313,11,1,0
BRDA:331,12,0,0
BRDA:331,12,1,0
BRDA:336,13,0,0
BRDA:336,13,1,0
BRDA:336,14,0,0
BRDA:336,14,1,0
BRDA:342,15,0,0
BRDA:342,15,1,0
BRDA:347,16,0,0
BRDA:347,16,1,0
BRDA:347,17,0,0
BRDA:347,17,1,0
BRDA:361,18,0,0
BRDA:361,18,1,0
BRDA:409,19,0,0
BRDA:409,19,1,0
BRDA:425,20,0,0
BRDA:425,20,1,0
BRDA:430,21,0,0
BRDA:430,21,1,0
BRDA:440,22,0,0
BRDA:440,22,1,0
BRDA:473,23,0,0
BRDA:483,24,0,0
BRDA:483,24,1,0
BRDA:492,25,0,0
BRDA:492,25,1,0
BRDA:506,26,0,0
BRDA:506,26,1,0
BRDA:511,27,0,0
BRDA:511,27,1,0
BRDA:560,28,0,0
BRDA:560,28,1,0
BRDA:565,29,0,0
BRDA:565,29,1,0
BRDA:570,30,0,0
BRDA:570,30,1,0
BRDA:600,31,0,0
BRDA:600,31,1,0
BRDA:652,32,0,0
BRDA:652,32,1,0
BRDA:685,33,0,0
BRDA:695,34,0,0
BRDA:695,34,1,0
BRDA:704,35,0,0
BRDA:704,35,1,0
BRDA:718,36,0,0
BRDA:718,36,1,0
BRDA:723,37,0,0
BRDA:723,37,1,0
BRDA:771,38,0,0
BRDA:771,38,1,0
BRDA:776,39,0,0
BRDA:776,39,1,0
BRDA:781,40,0,0
BRDA:781,40,1,0
BRDA:811,41,0,0
BRDA:811,41,1,0
BRDA:862,42,0,0
BRDA:862,42,1,0
BRDA:9,43,0,4
BRDA:9,43,1,0
BRDA:9,44,0,4
BRDA:9,44,1,4
BRF:86
BRH:3
end_of_record
TN:
SF:src/users/dto/create-user.dto.ts
FN:21,(anonymous_2)
FNF:1
FNH:0
FNDA:0,(anonymous_2)
DA:1,2
DA:3,2
DA:6,2
DA:10,2
DA:15,2
DA:19,2
DA:21,0
DA:27,2
LF:8
LH:7
BRF:0
BRH:0
end_of_record
TN:
SF:src/users/dto/update-user.dto.ts
FNF:0
FNH:0
DA:1,2
DA:3,2
DA:6,2
DA:10,2
DA:15,2
DA:19,2
DA:23,2
DA:30,2
LF:8
LH:8
BRF:0
BRH:0
end_of_record
TN:
SF:src/well-known/well-known.controller.ts
FN:12,(anonymous_11)
FNF:1
FNH:0
FNDA:0,(anonymous_11)
DA:1,0
DA:2,0
DA:3,0
DA:6,0
DA:12,0
DA:13,0
DA:14,0
DA:18,0
DA:19,0
DA:21,0
LF:10
LH:0
BRF:0
BRH:0
end_of_record
